<?xml version="1.0" encoding="utf-8"?>
<CoverageSession xmlns:xsd="http://www.w3.org/2001/XMLSchema" xmlns:xsi="http://www.w3.org/2001/XMLSchema-instance" Version="0.0.0.0">
  <Summary numSequencePoints="1354" visitedSequencePoints="1225" numBranchPoints="0" visitedBranchPoints="0" sequenceCoverage="90.47" branchCoverage="0.0" maxCyclomaticComplexity="0" minCyclomaticComplexity="0" maxCrapScore="0" minCrapScore="0" visitedClasses="46" numClasses="46" visitedMethods="174" numMethods="174" />
  <Modules>
    <Module>
      <Summary numSequencePoints="709" visitedSequencePoints="582" numBranchPoints="0" visitedBranchPoints="0" sequenceCoverage="82.09" branchCoverage="0.0" maxCyclomaticComplexity="0" minCyclomaticComplexity="0" maxCrapScore="0" minCrapScore="0" visitedClasses="24" numClasses="24" visitedMethods="87" numMethods="87" />
      <ModuleTime>0001-01-01T00:00:00</ModuleTime>
      <ModuleName>GameCode</ModuleName>
      <Files>
        <File uid="1" fullPath="C:/Users/ethan/My project/Assets/TextMesh Pro/Scripts/AmbientSoundManager.cs" />
        <File uid="2" fullPath="C:/Users/ethan/My project/Assets/TextMesh Pro/Scripts/AudioManager.cs" />
        <File uid="3" fullPath="C:/Users/ethan/My project/Assets/TextMesh Pro/Scripts/BackgroundSoundManager.cs" />
        <File uid="4" fullPath="C:/Users/ethan/My project/Assets/TextMesh Pro/Scripts/ClipboardManager.cs" />
        <File uid="5" fullPath="C:/Users/ethan/My project/Assets/TextMesh Pro/Scripts/CursedQuestions.cs" />
        <File uid="6" fullPath="C:/Users/ethan/My project/Assets/TextMesh Pro/Scripts/CutsceneManager.cs" />
        <File uid="7" fullPath="C:/Users/ethan/My project/Assets/TextMesh Pro/Scripts/FadeManager.cs" />
        <File uid="8" fullPath="C:/Users/ethan/My project/Assets/TextMesh Pro/Scripts/heartbeatManager.cs" />
        <File uid="9" fullPath="C:/Users/ethan/My project/Assets/TextMesh Pro/Scripts/HeartManager.cs" />
        <File uid="10" fullPath="C:/Users/ethan/My project/Assets/TextMesh Pro/Scripts/LosingScreenManager.cs" />
        <File uid="11" fullPath="C:/Users/ethan/My project/Assets/TextMesh Pro/Scripts/NumberButtonManager.cs" />
        <File uid="12" fullPath="C:/Users/ethan/My project/Assets/TextMesh Pro/Scripts/NumberScroller.cs" />
        <File uid="13" fullPath="C:/Users/ethan/My project/Assets/TextMesh Pro/Scripts/QuestionManager.cs" />
        <File uid="14" fullPath="C:/Users/ethan/My project/Assets/TextMesh Pro/Scripts/SafeReactions.cs" />
        <File uid="15" fullPath="C:/Users/ethan/My project/Assets/TextMesh Pro/Scripts/SafeShaker.cs" />
        <File uid="16" fullPath="C:/Users/ethan/My project/Assets/TextMesh Pro/Scripts/SoundControl.cs" />
        <File uid="17" fullPath="C:/Users/ethan/My project/Assets/TextMesh Pro/Scripts/StartMenu.cs" />
        <File uid="18" fullPath="C:/Users/ethan/My project/Assets/TextMesh Pro/Scripts/WinScreenManager.cs" />
      </Files>
      <Classes>
        <Class>
          <Summary numSequencePoints="9" visitedSequencePoints="9" numBranchPoints="0" visitedBranchPoints="0" sequenceCoverage="100.0" branchCoverage="0.0" maxCyclomaticComplexity="0" minCyclomaticComplexity="0" maxCrapScore="0" minCrapScore="0" visitedClasses="1" numClasses="1" visitedMethods="2" numMethods="2" />
          <FullName>AmbientSoundManager</FullName>
          <Methods>
            <Method visited="true" cyclomaticComplexity="0" nPathComplexity="0" sequenceCoverage="100.0" branchCoverage="0" crapScore="0" isConstructor="false" isStatic="false" isGetter="false" isSetter="false">
              <Summary numSequencePoints="7" visitedSequencePoints="7" numBranchPoints="0" visitedBranchPoints="0" sequenceCoverage="100.0" branchCoverage="0" maxCyclomaticComplexity="0" minCyclomaticComplexity="0" maxCrapScore="0" minCrapScore="0" visitedClasses="0" numClasses="0" visitedMethods="1" numMethods="1" />
              <MetadataToken>100663297</MetadataToken>
              <Name>System.Void AmbientSoundManager::Start()</Name>
              <FileRef uid="1" />
              <SequencePoints>
                <SequencePoint vc="3" uspid="1817" ordinal="0" offset="0" sl="13" sc="5" el="13" ec="5" bec="0" bev="0" fileid="1" />
                <SequencePoint vc="3" uspid="1818" ordinal="0" offset="1" sl="14" sc="9" el="14" ec="9" bec="0" bev="0" fileid="1" />
                <SequencePoint vc="1" uspid="1819" ordinal="0" offset="17" sl="15" sc="9" el="15" ec="9" bec="0" bev="0" fileid="1" />
                <SequencePoint vc="1" uspid="1820" ordinal="0" offset="18" sl="16" sc="13" el="16" ec="13" bec="0" bev="0" fileid="1" />
                <SequencePoint vc="1" uspid="1821" ordinal="0" offset="30" sl="17" sc="9" el="17" ec="9" bec="0" bev="0" fileid="1" />
                <SequencePoint vc="3" uspid="1822" ordinal="0" offset="31" sl="19" sc="9" el="19" ec="9" bec="0" bev="0" fileid="1" />
                <SequencePoint vc="3" uspid="1823" ordinal="0" offset="44" sl="20" sc="5" el="20" ec="5" bec="0" bev="0" fileid="1" />
              </SequencePoints>
              <BranchPoints />
            </Method>
            <Method visited="true" cyclomaticComplexity="0" nPathComplexity="0" sequenceCoverage="100.0" branchCoverage="0" crapScore="0" isConstructor="true" isStatic="false" isGetter="false" isSetter="false">
              <Summary numSequencePoints="2" visitedSequencePoints="2" numBranchPoints="0" visitedBranchPoints="0" sequenceCoverage="100.0" branchCoverage="0" maxCyclomaticComplexity="0" minCyclomaticComplexity="0" maxCrapScore="0" minCrapScore="0" visitedClasses="0" numClasses="0" visitedMethods="1" numMethods="1" />
              <MetadataToken>100663299</MetadataToken>
              <Name>AmbientSoundManager::AmbientSoundManager()</Name>
              <FileRef uid="1" />
              <SequencePoints>
                <SequencePoint vc="2" uspid="1824" ordinal="0" offset="0" sl="9" sc="5" el="9" ec="5" bec="0" bev="0" fileid="1" />
                <SequencePoint vc="2" uspid="1825" ordinal="0" offset="11" sl="10" sc="5" el="10" ec="5" bec="0" bev="0" fileid="1" />
              </SequencePoints>
              <BranchPoints />
            </Method>
          </Methods>
        </Class>
        <Class>
          <Summary numSequencePoints="70" visitedSequencePoints="65" numBranchPoints="0" visitedBranchPoints="0" sequenceCoverage="92.86" branchCoverage="0.0" maxCyclomaticComplexity="0" minCyclomaticComplexity="0" maxCrapScore="0" minCrapScore="0" visitedClasses="1" numClasses="1" visitedMethods="8" numMethods="8" />
          <FullName>AudioManager</FullName>
          <Methods>
            <Method visited="true" cyclomaticComplexity="0" nPathComplexity="0" sequenceCoverage="82.35" branchCoverage="0" crapScore="0" isConstructor="false" isStatic="false" isGetter="false" isSetter="false">
              <Summary numSequencePoints="17" visitedSequencePoints="14" numBranchPoints="0" visitedBranchPoints="0" sequenceCoverage="82.35" branchCoverage="0" maxCyclomaticComplexity="0" minCyclomaticComplexity="0" maxCrapScore="0" minCrapScore="0" visitedClasses="0" numClasses="0" visitedMethods="1" numMethods="1" />
              <MetadataToken>100663300</MetadataToken>
              <Name>System.Void AudioManager::Awake()</Name>
              <FileRef uid="2" />
              <SequencePoints>
                <SequencePoint vc="8" uspid="1826" ordinal="0" offset="0" sl="11" sc="5" el="11" ec="5" bec="0" bev="0" fileid="2" />
                <SequencePoint vc="8" uspid="1827" ordinal="0" offset="1" sl="12" sc="9" el="12" ec="9" bec="0" bev="0" fileid="2" />
                <SequencePoint vc="8" uspid="1828" ordinal="0" offset="16" sl="13" sc="9" el="13" ec="9" bec="0" bev="0" fileid="2" />
                <SequencePoint vc="8" uspid="1829" ordinal="0" offset="17" sl="14" sc="13" el="14" ec="13" bec="0" bev="0" fileid="2" />
                <SequencePoint vc="8" uspid="1830" ordinal="0" offset="23" sl="15" sc="13" el="15" ec="13" bec="0" bev="0" fileid="2" />
                <SequencePoint vc="8" uspid="1831" ordinal="0" offset="35" sl="16" sc="9" el="16" ec="9" bec="0" bev="0" fileid="2" />
                <SequencePoint vc="0" uspid="1832" ordinal="0" offset="38" sl="18" sc="9" el="18" ec="9" bec="0" bev="0" fileid="2" />
                <SequencePoint vc="0" uspid="1833" ordinal="0" offset="39" sl="19" sc="13" el="19" ec="13" bec="0" bev="0" fileid="2" />
                <SequencePoint vc="0" uspid="1834" ordinal="0" offset="51" sl="20" sc="13" el="20" ec="13" bec="0" bev="0" fileid="2" />
                <SequencePoint vc="8" uspid="1835" ordinal="0" offset="53" sl="23" sc="9" el="23" ec="9" bec="0" bev="0" fileid="2" />
                <SequencePoint vc="8" uspid="1836" ordinal="0" offset="65" sl="25" sc="9" el="25" ec="9" bec="0" bev="0" fileid="2" />
                <SequencePoint vc="8" uspid="1837" ordinal="0" offset="81" sl="26" sc="9" el="26" ec="9" bec="0" bev="0" fileid="2" />
                <SequencePoint vc="8" uspid="1838" ordinal="0" offset="82" sl="27" sc="13" el="27" ec="13" bec="0" bev="0" fileid="2" />
                <SequencePoint vc="8" uspid="1839" ordinal="0" offset="99" sl="28" sc="9" el="28" ec="9" bec="0" bev="0" fileid="2" />
                <SequencePoint vc="8" uspid="1840" ordinal="0" offset="100" sl="30" sc="9" el="30" ec="9" bec="0" bev="0" fileid="2" />
                <SequencePoint vc="8" uspid="1841" ordinal="0" offset="113" sl="31" sc="9" el="31" ec="9" bec="0" bev="0" fileid="2" />
                <SequencePoint vc="8" uspid="1842" ordinal="0" offset="126" sl="32" sc="5" el="32" ec="5" bec="0" bev="0" fileid="2" />
              </SequencePoints>
              <BranchPoints />
            </Method>
            <Method visited="true" cyclomaticComplexity="0" nPathComplexity="0" sequenceCoverage="90.00" branchCoverage="0" crapScore="0" isConstructor="false" isStatic="false" isGetter="false" isSetter="false">
              <Summary numSequencePoints="10" visitedSequencePoints="9" numBranchPoints="0" visitedBranchPoints="0" sequenceCoverage="90.00" branchCoverage="0" maxCyclomaticComplexity="0" minCyclomaticComplexity="0" maxCrapScore="0" minCrapScore="0" visitedClasses="0" numClasses="0" visitedMethods="1" numMethods="1" />
              <MetadataToken>100663301</MetadataToken>
              <Name>System.Void AudioManager::PlayCursedSound(UnityEngine.AudioClip)</Name>
              <FileRef uid="2" />
              <SequencePoints>
                <SequencePoint vc="1" uspid="1843" ordinal="0" offset="0" sl="35" sc="5" el="35" ec="5" bec="0" bev="0" fileid="2" />
                <SequencePoint vc="1" uspid="1844" ordinal="0" offset="1" sl="36" sc="9" el="36" ec="9" bec="0" bev="0" fileid="2" />
                <SequencePoint vc="0" uspid="1845" ordinal="0" offset="12" sl="36" sc="27" el="36" ec="27" bec="0" bev="0" fileid="2" />
                <SequencePoint vc="1" uspid="1846" ordinal="0" offset="14" sl="38" sc="9" el="38" ec="9" bec="0" bev="0" fileid="2" />
                <SequencePoint vc="1" uspid="1847" ordinal="0" offset="25" sl="41" sc="9" el="41" ec="9" bec="0" bev="0" fileid="2" />
                <SequencePoint vc="1" uspid="1848" ordinal="0" offset="37" sl="42" sc="9" el="42" ec="9" bec="0" bev="0" fileid="2" />
                <SequencePoint vc="1" uspid="1849" ordinal="0" offset="50" sl="43" sc="9" el="43" ec="9" bec="0" bev="0" fileid="2" />
                <SequencePoint vc="1" uspid="1850" ordinal="0" offset="62" sl="44" sc="9" el="44" ec="9" bec="0" bev="0" fileid="2" />
                <SequencePoint vc="1" uspid="1851" ordinal="0" offset="69" sl="46" sc="9" el="46" ec="9" bec="0" bev="0" fileid="2" />
                <SequencePoint vc="1" uspid="1852" ordinal="0" offset="91" sl="47" sc="5" el="47" ec="5" bec="0" bev="0" fileid="2" />
              </SequencePoints>
              <BranchPoints />
            </Method>
            <Method visited="true" cyclomaticComplexity="0" nPathComplexity="0" sequenceCoverage="90.91" branchCoverage="0" crapScore="0" isConstructor="false" isStatic="false" isGetter="false" isSetter="false">
              <Summary numSequencePoints="11" visitedSequencePoints="10" numBranchPoints="0" visitedBranchPoints="0" sequenceCoverage="90.91" branchCoverage="0" maxCyclomaticComplexity="0" minCyclomaticComplexity="0" maxCrapScore="0" minCrapScore="0" visitedClasses="0" numClasses="0" visitedMethods="1" numMethods="1" />
              <MetadataToken>100663302</MetadataToken>
              <Name>System.Void AudioManager::PlayMissedQuestionSound(UnityEngine.AudioClip)</Name>
              <FileRef uid="2" />
              <SequencePoints>
                <SequencePoint vc="1" uspid="1853" ordinal="0" offset="0" sl="50" sc="5" el="50" ec="5" bec="0" bev="0" fileid="2" />
                <SequencePoint vc="1" uspid="1854" ordinal="0" offset="1" sl="51" sc="9" el="51" ec="9" bec="0" bev="0" fileid="2" />
                <SequencePoint vc="0" uspid="1855" ordinal="0" offset="23" sl="51" sc="51" el="51" ec="51" bec="0" bev="0" fileid="2" />
                <SequencePoint vc="1" uspid="1856" ordinal="0" offset="25" sl="53" sc="9" el="53" ec="9" bec="0" bev="0" fileid="2" />
                <SequencePoint vc="1" uspid="1857" ordinal="0" offset="36" sl="55" sc="9" el="55" ec="9" bec="0" bev="0" fileid="2" />
                <SequencePoint vc="1" uspid="1858" ordinal="0" offset="54" sl="56" sc="9" el="56" ec="9" bec="0" bev="0" fileid="2" />
                <SequencePoint vc="1" uspid="1859" ordinal="0" offset="55" sl="57" sc="13" el="57" ec="13" bec="0" bev="0" fileid="2" />
                <SequencePoint vc="1" uspid="1860" ordinal="0" offset="68" sl="58" sc="13" el="58" ec="13" bec="0" bev="0" fileid="2" />
                <SequencePoint vc="1" uspid="1861" ordinal="0" offset="80" sl="59" sc="9" el="59" ec="9" bec="0" bev="0" fileid="2" />
                <SequencePoint vc="1" uspid="1862" ordinal="0" offset="81" sl="61" sc="9" el="61" ec="9" bec="0" bev="0" fileid="2" />
                <SequencePoint vc="1" uspid="1863" ordinal="0" offset="103" sl="62" sc="5" el="62" ec="5" bec="0" bev="0" fileid="2" />
              </SequencePoints>
              <BranchPoints />
            </Method>
            <Method visited="true" cyclomaticComplexity="0" nPathComplexity="0" sequenceCoverage="100.0" branchCoverage="0" crapScore="0" isConstructor="false" isStatic="false" isGetter="false" isSetter="false">
              <Summary numSequencePoints="8" visitedSequencePoints="8" numBranchPoints="0" visitedBranchPoints="0" sequenceCoverage="100.0" branchCoverage="0" maxCyclomaticComplexity="0" minCyclomaticComplexity="0" maxCrapScore="0" minCrapScore="0" visitedClasses="0" numClasses="0" visitedMethods="1" numMethods="1" />
              <MetadataToken>100663303</MetadataToken>
              <Name>System.Void AudioManager::PlayCorrectSound(UnityEngine.AudioClip)</Name>
              <FileRef uid="2" />
              <SequencePoints>
                <SequencePoint vc="1" uspid="1864" ordinal="0" offset="0" sl="65" sc="5" el="65" ec="5" bec="0" bev="0" fileid="2" />
                <SequencePoint vc="1" uspid="1865" ordinal="0" offset="1" sl="66" sc="9" el="66" ec="9" bec="0" bev="0" fileid="2" />
                <SequencePoint vc="1" uspid="1866" ordinal="0" offset="12" sl="67" sc="9" el="67" ec="9" bec="0" bev="0" fileid="2" />
                <SequencePoint vc="1" uspid="1867" ordinal="0" offset="30" sl="68" sc="9" el="68" ec="9" bec="0" bev="0" fileid="2" />
                <SequencePoint vc="1" uspid="1868" ordinal="0" offset="31" sl="69" sc="13" el="69" ec="13" bec="0" bev="0" fileid="2" />
                <SequencePoint vc="1" uspid="1869" ordinal="0" offset="44" sl="70" sc="13" el="70" ec="13" bec="0" bev="0" fileid="2" />
                <SequencePoint vc="1" uspid="1870" ordinal="0" offset="56" sl="71" sc="9" el="71" ec="9" bec="0" bev="0" fileid="2" />
                <SequencePoint vc="1" uspid="1871" ordinal="0" offset="57" sl="73" sc="5" el="73" ec="5" bec="0" bev="0" fileid="2" />
              </SequencePoints>
              <BranchPoints />
            </Method>
            <Method visited="true" cyclomaticComplexity="0" nPathComplexity="0" sequenceCoverage="100.0" branchCoverage="0" crapScore="0" isConstructor="false" isStatic="false" isGetter="false" isSetter="false">
              <Summary numSequencePoints="8" visitedSequencePoints="8" numBranchPoints="0" visitedBranchPoints="0" sequenceCoverage="100.0" branchCoverage="0" maxCyclomaticComplexity="0" minCyclomaticComplexity="0" maxCrapScore="0" minCrapScore="0" visitedClasses="0" numClasses="0" visitedMethods="1" numMethods="1" />
              <MetadataToken>100663304</MetadataToken>
              <Name>System.Void AudioManager::PlayQuestionSound(UnityEngine.AudioClip)</Name>
              <FileRef uid="2" />
              <SequencePoints>
                <SequencePoint vc="1" uspid="1872" ordinal="0" offset="0" sl="76" sc="5" el="76" ec="5" bec="0" bev="0" fileid="2" />
                <SequencePoint vc="1" uspid="1873" ordinal="0" offset="1" sl="77" sc="9" el="77" ec="9" bec="0" bev="0" fileid="2" />
                <SequencePoint vc="1" uspid="1874" ordinal="0" offset="12" sl="78" sc="9" el="78" ec="9" bec="0" bev="0" fileid="2" />
                <SequencePoint vc="1" uspid="1875" ordinal="0" offset="30" sl="79" sc="9" el="79" ec="9" bec="0" bev="0" fileid="2" />
                <SequencePoint vc="1" uspid="1876" ordinal="0" offset="31" sl="80" sc="13" el="80" ec="13" bec="0" bev="0" fileid="2" />
                <SequencePoint vc="1" uspid="1877" ordinal="0" offset="44" sl="81" sc="13" el="81" ec="13" bec="0" bev="0" fileid="2" />
                <SequencePoint vc="1" uspid="1878" ordinal="0" offset="56" sl="82" sc="9" el="82" ec="9" bec="0" bev="0" fileid="2" />
                <SequencePoint vc="1" uspid="1879" ordinal="0" offset="57" sl="84" sc="5" el="84" ec="5" bec="0" bev="0" fileid="2" />
              </SequencePoints>
              <BranchPoints />
            </Method>
            <Method visited="true" cyclomaticComplexity="0" nPathComplexity="0" sequenceCoverage="100.0" branchCoverage="0" crapScore="0" isConstructor="false" isStatic="false" isGetter="false" isSetter="false">
              <Summary numSequencePoints="7" visitedSequencePoints="7" numBranchPoints="0" visitedBranchPoints="0" sequenceCoverage="100.0" branchCoverage="0" maxCyclomaticComplexity="0" minCyclomaticComplexity="0" maxCrapScore="0" minCrapScore="0" visitedClasses="0" numClasses="0" visitedMethods="1" numMethods="1" />
              <MetadataToken>100663305</MetadataToken>
              <Name>System.Void AudioManager::PlayKnockSound(UnityEngine.AudioClip)</Name>
              <FileRef uid="2" />
              <SequencePoints>
                <SequencePoint vc="1" uspid="1880" ordinal="0" offset="0" sl="87" sc="5" el="87" ec="5" bec="0" bev="0" fileid="2" />
                <SequencePoint vc="1" uspid="1881" ordinal="0" offset="1" sl="88" sc="9" el="88" ec="9" bec="0" bev="0" fileid="2" />
                <SequencePoint vc="1" uspid="1882" ordinal="0" offset="29" sl="89" sc="9" el="89" ec="9" bec="0" bev="0" fileid="2" />
                <SequencePoint vc="1" uspid="1883" ordinal="0" offset="30" sl="90" sc="13" el="90" ec="13" bec="0" bev="0" fileid="2" />
                <SequencePoint vc="1" uspid="1884" ordinal="0" offset="42" sl="91" sc="13" el="91" ec="13" bec="0" bev="0" fileid="2" />
                <SequencePoint vc="1" uspid="1885" ordinal="0" offset="55" sl="92" sc="9" el="92" ec="9" bec="0" bev="0" fileid="2" />
                <SequencePoint vc="1" uspid="1886" ordinal="0" offset="56" sl="93" sc="5" el="93" ec="5" bec="0" bev="0" fileid="2" />
              </SequencePoints>
              <BranchPoints />
            </Method>
            <Method visited="true" cyclomaticComplexity="0" nPathComplexity="0" sequenceCoverage="100.0" branchCoverage="0" crapScore="0" isConstructor="false" isStatic="false" isGetter="false" isSetter="false">
              <Summary numSequencePoints="8" visitedSequencePoints="8" numBranchPoints="0" visitedBranchPoints="0" sequenceCoverage="100.0" branchCoverage="0" maxCyclomaticComplexity="0" minCyclomaticComplexity="0" maxCrapScore="0" minCrapScore="0" visitedClasses="0" numClasses="0" visitedMethods="1" numMethods="1" />
              <MetadataToken>100663306</MetadataToken>
              <Name>System.Void AudioManager::StopCursedSound()</Name>
              <FileRef uid="2" />
              <SequencePoints>
                <SequencePoint vc="1" uspid="1887" ordinal="0" offset="0" sl="96" sc="5" el="96" ec="5" bec="0" bev="0" fileid="2" />
                <SequencePoint vc="1" uspid="1888" ordinal="0" offset="1" sl="97" sc="9" el="97" ec="9" bec="0" bev="0" fileid="2" />
                <SequencePoint vc="1" uspid="1889" ordinal="0" offset="11" sl="98" sc="9" el="98" ec="9" bec="0" bev="0" fileid="2" />
                <SequencePoint vc="1" uspid="1890" ordinal="0" offset="12" sl="99" sc="13" el="99" ec="13" bec="0" bev="0" fileid="2" />
                <SequencePoint vc="1" uspid="1891" ordinal="0" offset="23" sl="100" sc="13" el="100" ec="13" bec="0" bev="0" fileid="2" />
                <SequencePoint vc="1" uspid="1892" ordinal="0" offset="35" sl="101" sc="13" el="101" ec="13" bec="0" bev="0" fileid="2" />
                <SequencePoint vc="1" uspid="1893" ordinal="0" offset="42" sl="102" sc="9" el="102" ec="9" bec="0" bev="0" fileid="2" />
                <SequencePoint vc="1" uspid="1894" ordinal="0" offset="43" sl="103" sc="5" el="103" ec="5" bec="0" bev="0" fileid="2" />
              </SequencePoints>
              <BranchPoints />
            </Method>
            <Method visited="true" cyclomaticComplexity="0" nPathComplexity="0" sequenceCoverage="100.0" branchCoverage="0" crapScore="0" isConstructor="true" isStatic="false" isGetter="false" isSetter="false">
              <Summary numSequencePoints="1" visitedSequencePoints="1" numBranchPoints="0" visitedBranchPoints="0" sequenceCoverage="100.0" branchCoverage="0" maxCyclomaticComplexity="0" minCyclomaticComplexity="0" maxCrapScore="0" minCrapScore="0" visitedClasses="0" numClasses="0" visitedMethods="1" numMethods="1" />
              <MetadataToken>100663307</MetadataToken>
              <Name>AudioManager::AudioManager()</Name>
              <FileRef uid="2" />
              <SequencePoints>
                <SequencePoint vc="8" uspid="1895" ordinal="0" offset="0" sl="8" sc="5" el="8" ec="5" bec="0" bev="0" fileid="2" />
              </SequencePoints>
              <BranchPoints />
            </Method>
          </Methods>
        </Class>
        <Class>
          <Summary numSequencePoints="2" visitedSequencePoints="2" numBranchPoints="0" visitedBranchPoints="0" sequenceCoverage="100.0" branchCoverage="0.0" maxCyclomaticComplexity="0" minCyclomaticComplexity="0" maxCrapScore="0" minCrapScore="0" visitedClasses="1" numClasses="1" visitedMethods="1" numMethods="1" />
          <FullName>CursedQuestions</FullName>
          <Methods>
            <Method visited="true" cyclomaticComplexity="0" nPathComplexity="0" sequenceCoverage="100.0" branchCoverage="0" crapScore="0" isConstructor="true" isStatic="true" isGetter="false" isSetter="false">
              <Summary numSequencePoints="2" visitedSequencePoints="2" numBranchPoints="0" visitedBranchPoints="0" sequenceCoverage="100.0" branchCoverage="0" maxCyclomaticComplexity="0" minCyclomaticComplexity="0" maxCrapScore="0" minCrapScore="0" visitedClasses="0" numClasses="0" visitedMethods="1" numMethods="1" />
              <MetadataToken>100663317</MetadataToken>
              <Name>static CursedQuestions::CursedQuestions()</Name>
              <FileRef uid="5" />
              <SequencePoints>
                <SequencePoint vc="1" uspid="1977" ordinal="0" offset="0" sl="6" sc="5" el="6" ec="5" bec="0" bev="0" fileid="5" />
                <SequencePoint vc="1" uspid="1978" ordinal="0" offset="130" sl="20" sc="5" el="20" ec="5" bec="0" bev="0" fileid="5" />
              </SequencePoints>
              <BranchPoints />
            </Method>
          </Methods>
        </Class>
        <Class>
          <Summary numSequencePoints="27" visitedSequencePoints="23" numBranchPoints="0" visitedBranchPoints="0" sequenceCoverage="85.19" branchCoverage="0.0" maxCyclomaticComplexity="0" minCyclomaticComplexity="0" maxCrapScore="0" minCrapScore="0" visitedClasses="1" numClasses="1" visitedMethods="3" numMethods="3" />
          <FullName>CutsceneManager</FullName>
          <Methods>
            <Method visited="true" cyclomaticComplexity="0" nPathComplexity="0" sequenceCoverage="60.00" branchCoverage="0" crapScore="0" isConstructor="false" isStatic="false" isGetter="false" isSetter="false">
              <Summary numSequencePoints="10" visitedSequencePoints="6" numBranchPoints="0" visitedBranchPoints="0" sequenceCoverage="60.00" branchCoverage="0" maxCyclomaticComplexity="0" minCyclomaticComplexity="0" maxCrapScore="0" minCrapScore="0" visitedClasses="0" numClasses="0" visitedMethods="1" numMethods="1" />
              <MetadataToken>100663320</MetadataToken>
              <Name>System.Void CutsceneManager::ShowNextBlock()</Name>
              <FileRef uid="6" />
              <SequencePoints>
                <SequencePoint vc="2" uspid="1998" ordinal="0" offset="0" sl="47" sc="5" el="47" ec="5" bec="0" bev="0" fileid="6" />
                <SequencePoint vc="2" uspid="1999" ordinal="0" offset="1" sl="48" sc="9" el="48" ec="9" bec="0" bev="0" fileid="6" />
                <SequencePoint vc="0" uspid="2000" ordinal="0" offset="24" sl="49" sc="9" el="49" ec="9" bec="0" bev="0" fileid="6" />
                <SequencePoint vc="0" uspid="2001" ordinal="0" offset="25" sl="50" sc="13" el="50" ec="13" bec="0" bev="0" fileid="6" />
                <SequencePoint vc="0" uspid="2002" ordinal="0" offset="41" sl="51" sc="13" el="51" ec="13" bec="0" bev="0" fileid="6" />
                <SequencePoint vc="2" uspid="2003" ordinal="0" offset="43" sl="54" sc="9" el="54" ec="9" bec="0" bev="0" fileid="6" />
                <SequencePoint vc="0" uspid="2004" ordinal="0" offset="56" sl="55" sc="13" el="55" ec="13" bec="0" bev="0" fileid="6" />
                <SequencePoint vc="2" uspid="2005" ordinal="0" offset="69" sl="57" sc="9" el="57" ec="9" bec="0" bev="0" fileid="6" />
                <SequencePoint vc="2" uspid="2006" ordinal="0" offset="100" sl="58" sc="9" el="58" ec="9" bec="0" bev="0" fileid="6" />
                <SequencePoint vc="2" uspid="2007" ordinal="0" offset="114" sl="59" sc="5" el="59" ec="5" bec="0" bev="0" fileid="6" />
              </SequencePoints>
              <BranchPoints />
            </Method>
            <Method visited="true" cyclomaticComplexity="0" nPathComplexity="0" sequenceCoverage="100.0" branchCoverage="0" crapScore="0" isConstructor="false" isStatic="false" isGetter="false" isSetter="false">
              <Summary numSequencePoints="12" visitedSequencePoints="12" numBranchPoints="0" visitedBranchPoints="0" sequenceCoverage="100.0" branchCoverage="0" maxCyclomaticComplexity="0" minCyclomaticComplexity="0" maxCrapScore="0" minCrapScore="0" visitedClasses="0" numClasses="0" visitedMethods="1" numMethods="1" />
              <MetadataToken>100663322</MetadataToken>
              <Name>System.Void CutsceneManager::SkipTyping()</Name>
              <FileRef uid="6" />
              <SequencePoints>
                <SequencePoint vc="1" uspid="2008" ordinal="0" offset="0" sl="86" sc="5" el="86" ec="5" bec="0" bev="0" fileid="6" />
                <SequencePoint vc="1" uspid="2009" ordinal="0" offset="1" sl="87" sc="9" el="87" ec="9" bec="0" bev="0" fileid="6" />
                <SequencePoint vc="1" uspid="2010" ordinal="0" offset="14" sl="88" sc="9" el="88" ec="9" bec="0" bev="0" fileid="6" />
                <SequencePoint vc="1" uspid="2011" ordinal="0" offset="15" sl="89" sc="13" el="89" ec="13" bec="0" bev="0" fileid="6" />
                <SequencePoint vc="1" uspid="2012" ordinal="0" offset="28" sl="90" sc="9" el="90" ec="9" bec="0" bev="0" fileid="6" />
                <SequencePoint vc="1" uspid="2013" ordinal="0" offset="29" sl="92" sc="9" el="92" ec="9" bec="0" bev="0" fileid="6" />
                <SequencePoint vc="1" uspid="2014" ordinal="0" offset="49" sl="93" sc="9" el="93" ec="9" bec="0" bev="0" fileid="6" />
                <SequencePoint vc="1" uspid="2015" ordinal="0" offset="50" sl="94" sc="13" el="94" ec="13" bec="0" bev="0" fileid="6" />
                <SequencePoint vc="1" uspid="2016" ordinal="0" offset="67" sl="95" sc="9" el="95" ec="9" bec="0" bev="0" fileid="6" />
                <SequencePoint vc="1" uspid="2017" ordinal="0" offset="68" sl="97" sc="9" el="97" ec="9" bec="0" bev="0" fileid="6" />
                <SequencePoint vc="1" uspid="2018" ordinal="0" offset="95" sl="101" sc="9" el="101" ec="9" bec="0" bev="0" fileid="6" />
                <SequencePoint vc="1" uspid="2019" ordinal="0" offset="102" sl="102" sc="5" el="102" ec="5" bec="0" bev="0" fileid="6" />
              </SequencePoints>
              <BranchPoints />
            </Method>
            <Method visited="true" cyclomaticComplexity="0" nPathComplexity="0" sequenceCoverage="100.0" branchCoverage="0" crapScore="0" isConstructor="true" isStatic="false" isGetter="false" isSetter="false">
              <Summary numSequencePoints="5" visitedSequencePoints="5" numBranchPoints="0" visitedBranchPoints="0" sequenceCoverage="100.0" branchCoverage="0" maxCyclomaticComplexity="0" minCyclomaticComplexity="0" maxCrapScore="0" minCrapScore="0" visitedClasses="0" numClasses="0" visitedMethods="1" numMethods="1" />
              <MetadataToken>100663324</MetadataToken>
              <Name>CutsceneManager::CutsceneManager()</Name>
              <FileRef uid="6" />
              <SequencePoints>
                <SequencePoint vc="2" uspid="2023" ordinal="0" offset="0" sl="9" sc="5" el="9" ec="5" bec="0" bev="0" fileid="6" />
                <SequencePoint vc="2" uspid="2024" ordinal="0" offset="11" sl="10" sc="5" el="10" ec="5" bec="0" bev="0" fileid="6" />
                <SequencePoint vc="2" uspid="2025" ordinal="0" offset="22" sl="12" sc="5" el="12" ec="5" bec="0" bev="0" fileid="6" />
                <SequencePoint vc="2" uspid="2026" ordinal="0" offset="42" sl="17" sc="5" el="17" ec="5" bec="0" bev="0" fileid="6" />
                <SequencePoint vc="2" uspid="2027" ordinal="0" offset="49" sl="18" sc="5" el="18" ec="5" bec="0" bev="0" fileid="6" />
              </SequencePoints>
              <BranchPoints />
            </Method>
          </Methods>
        </Class>
        <Class>
          <Summary numSequencePoints="15" visitedSequencePoints="12" numBranchPoints="0" visitedBranchPoints="0" sequenceCoverage="80.00" branchCoverage="0.0" maxCyclomaticComplexity="0" minCyclomaticComplexity="0" maxCrapScore="0" minCrapScore="0" visitedClasses="1" numClasses="1" visitedMethods="2" numMethods="2" />
          <FullName>FadeManager</FullName>
          <Methods>
            <Method visited="true" cyclomaticComplexity="0" nPathComplexity="0" sequenceCoverage="78.57" branchCoverage="0" crapScore="0" isConstructor="false" isStatic="false" isGetter="false" isSetter="false">
              <Summary numSequencePoints="14" visitedSequencePoints="11" numBranchPoints="0" visitedBranchPoints="0" sequenceCoverage="78.57" branchCoverage="0" maxCyclomaticComplexity="0" minCyclomaticComplexity="0" maxCrapScore="0" minCrapScore="0" visitedClasses="0" numClasses="0" visitedMethods="1" numMethods="1" />
              <MetadataToken>100663325</MetadataToken>
              <Name>System.Void FadeManager::Awake()</Name>
              <FileRef uid="7" />
              <SequencePoints>
                <SequencePoint vc="4" uspid="2028" ordinal="0" offset="0" sl="12" sc="5" el="12" ec="5" bec="0" bev="0" fileid="7" />
                <SequencePoint vc="4" uspid="2029" ordinal="0" offset="1" sl="13" sc="9" el="13" ec="9" bec="0" bev="0" fileid="7" />
                <SequencePoint vc="4" uspid="2030" ordinal="0" offset="16" sl="14" sc="9" el="14" ec="9" bec="0" bev="0" fileid="7" />
                <SequencePoint vc="4" uspid="2031" ordinal="0" offset="17" sl="15" sc="13" el="15" ec="13" bec="0" bev="0" fileid="7" />
                <SequencePoint vc="4" uspid="2032" ordinal="0" offset="23" sl="16" sc="13" el="16" ec="13" bec="0" bev="0" fileid="7" />
                <SequencePoint vc="4" uspid="2033" ordinal="0" offset="35" sl="18" sc="13" el="18" ec="13" bec="0" bev="0" fileid="7" />
                <SequencePoint vc="4" uspid="2034" ordinal="0" offset="51" sl="19" sc="13" el="19" ec="13" bec="0" bev="0" fileid="7" />
                <SequencePoint vc="4" uspid="2035" ordinal="0" offset="52" sl="20" sc="17" el="20" ec="17" bec="0" bev="0" fileid="7" />
                <SequencePoint vc="4" uspid="2036" ordinal="0" offset="64" sl="21" sc="13" el="21" ec="13" bec="0" bev="0" fileid="7" />
                <SequencePoint vc="4" uspid="2037" ordinal="0" offset="65" sl="22" sc="9" el="22" ec="9" bec="0" bev="0" fileid="7" />
                <SequencePoint vc="0" uspid="2038" ordinal="0" offset="68" sl="24" sc="9" el="24" ec="9" bec="0" bev="0" fileid="7" />
                <SequencePoint vc="0" uspid="2039" ordinal="0" offset="69" sl="25" sc="13" el="25" ec="13" bec="0" bev="0" fileid="7" />
                <SequencePoint vc="0" uspid="2040" ordinal="0" offset="81" sl="26" sc="9" el="26" ec="9" bec="0" bev="0" fileid="7" />
                <SequencePoint vc="4" uspid="2041" ordinal="0" offset="82" sl="27" sc="5" el="27" ec="5" bec="0" bev="0" fileid="7" />
              </SequencePoints>
              <BranchPoints />
            </Method>
            <Method visited="true" cyclomaticComplexity="0" nPathComplexity="0" sequenceCoverage="100.0" branchCoverage="0" crapScore="0" isConstructor="true" isStatic="false" isGetter="false" isSetter="false">
              <Summary numSequencePoints="1" visitedSequencePoints="1" numBranchPoints="0" visitedBranchPoints="0" sequenceCoverage="100.0" branchCoverage="0" maxCyclomaticComplexity="0" minCyclomaticComplexity="0" maxCrapScore="0" minCrapScore="0" visitedClasses="0" numClasses="0" visitedMethods="1" numMethods="1" />
              <MetadataToken>100663329</MetadataToken>
              <Name>FadeManager::FadeManager()</Name>
              <FileRef uid="7" />
              <SequencePoints>
                <SequencePoint vc="4" uspid="2045" ordinal="0" offset="0" sl="9" sc="5" el="9" ec="5" bec="0" bev="0" fileid="7" />
              </SequencePoints>
              <BranchPoints />
            </Method>
          </Methods>
        </Class>
        <Class>
          <Summary numSequencePoints="25" visitedSequencePoints="22" numBranchPoints="0" visitedBranchPoints="0" sequenceCoverage="88.00" branchCoverage="0.0" maxCyclomaticComplexity="0" minCyclomaticComplexity="0" maxCrapScore="0" minCrapScore="0" visitedClasses="1" numClasses="1" visitedMethods="5" numMethods="5" />
          <FullName>HeartbeatManager</FullName>
          <Methods>
            <Method visited="true" cyclomaticComplexity="0" nPathComplexity="0" sequenceCoverage="100.0" branchCoverage="0" crapScore="0" isConstructor="false" isStatic="true" isGetter="true" isSetter="false">
              <Summary numSequencePoints="1" visitedSequencePoints="1" numBranchPoints="0" visitedBranchPoints="0" sequenceCoverage="100.0" branchCoverage="0" maxCyclomaticComplexity="0" minCyclomaticComplexity="0" maxCrapScore="0" minCrapScore="0" visitedClasses="0" numClasses="0" visitedMethods="1" numMethods="1" />
              <MetadataToken>100663330</MetadataToken>
              <Name>static HeartbeatManager HeartbeatManager::get_Instance()</Name>
              <FileRef uid="8" />
              <SequencePoints>
                <SequencePoint vc="1" uspid="2046" ordinal="0" offset="0" sl="6" sc="47" el="6" ec="47" bec="0" bev="0" fileid="8" />
              </SequencePoints>
              <BranchPoints />
            </Method>
            <Method visited="true" cyclomaticComplexity="0" nPathComplexity="0" sequenceCoverage="100.0" branchCoverage="0" crapScore="0" isConstructor="false" isStatic="true" isGetter="false" isSetter="true">
              <Summary numSequencePoints="1" visitedSequencePoints="1" numBranchPoints="0" visitedBranchPoints="0" sequenceCoverage="100.0" branchCoverage="0" maxCyclomaticComplexity="0" minCyclomaticComplexity="0" maxCrapScore="0" minCrapScore="0" visitedClasses="0" numClasses="0" visitedMethods="1" numMethods="1" />
              <MetadataToken>100663331</MetadataToken>
              <Name>static System.Void HeartbeatManager::set_Instance(HeartbeatManager)</Name>
              <FileRef uid="8" />
              <SequencePoints>
                <SequencePoint vc="2" uspid="2047" ordinal="0" offset="0" sl="6" sc="52" el="6" ec="52" bec="0" bev="0" fileid="8" />
              </SequencePoints>
              <BranchPoints />
            </Method>
            <Method visited="true" cyclomaticComplexity="0" nPathComplexity="0" sequenceCoverage="78.57" branchCoverage="0" crapScore="0" isConstructor="false" isStatic="false" isGetter="false" isSetter="false">
              <Summary numSequencePoints="14" visitedSequencePoints="11" numBranchPoints="0" visitedBranchPoints="0" sequenceCoverage="78.57" branchCoverage="0" maxCyclomaticComplexity="0" minCyclomaticComplexity="0" maxCrapScore="0" minCrapScore="0" visitedClasses="0" numClasses="0" visitedMethods="1" numMethods="1" />
              <MetadataToken>100663332</MetadataToken>
              <Name>System.Void HeartbeatManager::Awake()</Name>
              <FileRef uid="8" />
              <SequencePoints>
                <SequencePoint vc="1" uspid="2048" ordinal="0" offset="0" sl="16" sc="5" el="16" ec="5" bec="0" bev="0" fileid="8" />
                <SequencePoint vc="1" uspid="2049" ordinal="0" offset="1" sl="17" sc="9" el="17" ec="9" bec="0" bev="0" fileid="8" />
                <SequencePoint vc="1" uspid="2050" ordinal="0" offset="16" sl="18" sc="9" el="18" ec="9" bec="0" bev="0" fileid="8" />
                <SequencePoint vc="1" uspid="2051" ordinal="0" offset="17" sl="19" sc="13" el="19" ec="13" bec="0" bev="0" fileid="8" />
                <SequencePoint vc="1" uspid="2052" ordinal="0" offset="24" sl="20" sc="13" el="20" ec="13" bec="0" bev="0" fileid="8" />
                <SequencePoint vc="1" uspid="2053" ordinal="0" offset="36" sl="21" sc="9" el="21" ec="9" bec="0" bev="0" fileid="8" />
                <SequencePoint vc="0" uspid="2054" ordinal="0" offset="39" sl="23" sc="9" el="23" ec="9" bec="0" bev="0" fileid="8" />
                <SequencePoint vc="0" uspid="2055" ordinal="0" offset="40" sl="24" sc="13" el="24" ec="13" bec="0" bev="0" fileid="8" />
                <SequencePoint vc="0" uspid="2056" ordinal="0" offset="52" sl="25" sc="13" el="25" ec="13" bec="0" bev="0" fileid="8" />
                <SequencePoint vc="1" uspid="2057" ordinal="0" offset="54" sl="28" sc="9" el="28" ec="9" bec="0" bev="0" fileid="8" />
                <SequencePoint vc="1" uspid="2058" ordinal="0" offset="71" sl="29" sc="9" el="29" ec="9" bec="0" bev="0" fileid="8" />
                <SequencePoint vc="1" uspid="2059" ordinal="0" offset="89" sl="30" sc="9" el="30" ec="9" bec="0" bev="0" fileid="8" />
                <SequencePoint vc="1" uspid="2060" ordinal="0" offset="102" sl="31" sc="9" el="31" ec="9" bec="0" bev="0" fileid="8" />
                <SequencePoint vc="1" uspid="2061" ordinal="0" offset="115" sl="32" sc="5" el="32" ec="5" bec="0" bev="0" fileid="8" />
              </SequencePoints>
              <BranchPoints />
            </Method>
            <Method visited="true" cyclomaticComplexity="0" nPathComplexity="0" sequenceCoverage="100.0" branchCoverage="0" crapScore="0" isConstructor="false" isStatic="false" isGetter="false" isSetter="false">
              <Summary numSequencePoints="5" visitedSequencePoints="5" numBranchPoints="0" visitedBranchPoints="0" sequenceCoverage="100.0" branchCoverage="0" maxCyclomaticComplexity="0" minCyclomaticComplexity="0" maxCrapScore="0" minCrapScore="0" visitedClasses="0" numClasses="0" visitedMethods="1" numMethods="1" />
              <MetadataToken>100663335</MetadataToken>
              <Name>System.Void HeartbeatManager::UpdateHeartbeat(System.Single)</Name>
              <FileRef uid="8" />
              <SequencePoints>
                <SequencePoint vc="1" uspid="2074" ordinal="0" offset="0" sl="51" sc="5" el="51" ec="5" bec="0" bev="0" fileid="8" />
                <SequencePoint vc="1" uspid="2075" ordinal="0" offset="1" sl="52" sc="9" el="52" ec="9" bec="0" bev="0" fileid="8" />
                <SequencePoint vc="1" uspid="2076" ordinal="0" offset="9" sl="53" sc="9" el="53" ec="9" bec="0" bev="0" fileid="8" />
                <SequencePoint vc="1" uspid="2077" ordinal="0" offset="39" sl="54" sc="9" el="54" ec="9" bec="0" bev="0" fileid="8" />
                <SequencePoint vc="1" uspid="2078" ordinal="0" offset="69" sl="55" sc="5" el="55" ec="5" bec="0" bev="0" fileid="8" />
              </SequencePoints>
              <BranchPoints />
            </Method>
            <Method visited="true" cyclomaticComplexity="0" nPathComplexity="0" sequenceCoverage="100.0" branchCoverage="0" crapScore="0" isConstructor="true" isStatic="false" isGetter="false" isSetter="false">
              <Summary numSequencePoints="4" visitedSequencePoints="4" numBranchPoints="0" visitedBranchPoints="0" sequenceCoverage="100.0" branchCoverage="0" maxCyclomaticComplexity="0" minCyclomaticComplexity="0" maxCrapScore="0" minCrapScore="0" visitedClasses="0" numClasses="0" visitedMethods="1" numMethods="1" />
              <MetadataToken>100663336</MetadataToken>
              <Name>HeartbeatManager::HeartbeatManager()</Name>
              <FileRef uid="8" />
              <SequencePoints>
                <SequencePoint vc="1" uspid="2079" ordinal="0" offset="0" sl="10" sc="5" el="10" ec="5" bec="0" bev="0" fileid="8" />
                <SequencePoint vc="1" uspid="2080" ordinal="0" offset="11" sl="11" sc="5" el="11" ec="5" bec="0" bev="0" fileid="8" />
                <SequencePoint vc="1" uspid="2081" ordinal="0" offset="22" sl="12" sc="5" el="12" ec="5" bec="0" bev="0" fileid="8" />
                <SequencePoint vc="1" uspid="2082" ordinal="0" offset="33" sl="13" sc="5" el="13" ec="5" bec="0" bev="0" fileid="8" />
              </SequencePoints>
              <BranchPoints />
            </Method>
          </Methods>
        </Class>
        <Class>
          <Summary numSequencePoints="39" visitedSequencePoints="30" numBranchPoints="0" visitedBranchPoints="0" sequenceCoverage="76.92" branchCoverage="0.0" maxCyclomaticComplexity="0" minCyclomaticComplexity="0" maxCrapScore="0" minCrapScore="0" visitedClasses="1" numClasses="1" visitedMethods="4" numMethods="4" />
          <FullName>HeartManager</FullName>
          <Methods>
            <Method visited="true" cyclomaticComplexity="0" nPathComplexity="0" sequenceCoverage="72.22" branchCoverage="0" crapScore="0" isConstructor="false" isStatic="false" isGetter="false" isSetter="false">
              <Summary numSequencePoints="18" visitedSequencePoints="13" numBranchPoints="0" visitedBranchPoints="0" sequenceCoverage="72.22" branchCoverage="0" maxCyclomaticComplexity="0" minCyclomaticComplexity="0" maxCrapScore="0" minCrapScore="0" visitedClasses="0" numClasses="0" visitedMethods="1" numMethods="1" />
              <MetadataToken>100663338</MetadataToken>
              <Name>System.Boolean HeartManager::LoseHeart()</Name>
              <FileRef uid="9" />
              <SequencePoints>
                <SequencePoint vc="3" uspid="2093" ordinal="0" offset="0" sl="34" sc="5" el="34" ec="5" bec="0" bev="0" fileid="9" />
                <SequencePoint vc="3" uspid="2094" ordinal="0" offset="1" sl="35" sc="9" el="35" ec="9" bec="0" bev="0" fileid="9" />
                <SequencePoint vc="0" uspid="2095" ordinal="0" offset="26" sl="36" sc="9" el="36" ec="9" bec="0" bev="0" fileid="9" />
                <SequencePoint vc="0" uspid="2096" ordinal="0" offset="27" sl="37" sc="13" el="37" ec="13" bec="0" bev="0" fileid="9" />
                <SequencePoint vc="3" uspid="2097" ordinal="0" offset="31" sl="40" sc="9" el="40" ec="9" bec="0" bev="0" fileid="9" />
                <SequencePoint vc="0" uspid="2098" ordinal="0" offset="47" sl="41" sc="9" el="41" ec="9" bec="0" bev="0" fileid="9" />
                <SequencePoint vc="0" uspid="2099" ordinal="0" offset="48" sl="42" sc="13" el="42" ec="13" bec="0" bev="0" fileid="9" />
                <SequencePoint vc="0" uspid="2100" ordinal="0" offset="65" sl="43" sc="9" el="43" ec="9" bec="0" bev="0" fileid="9" />
                <SequencePoint vc="3" uspid="2101" ordinal="0" offset="66" sl="45" sc="9" el="45" ec="9" bec="0" bev="0" fileid="9" />
                <SequencePoint vc="3" uspid="2102" ordinal="0" offset="79" sl="46" sc="9" el="46" ec="9" bec="0" bev="0" fileid="9" />
                <SequencePoint vc="3" uspid="2103" ordinal="0" offset="80" sl="47" sc="13" el="47" ec="13" bec="0" bev="0" fileid="9" />
                <SequencePoint vc="3" uspid="2104" ordinal="0" offset="94" sl="48" sc="13" el="48" ec="13" bec="0" bev="0" fileid="9" />
                <SequencePoint vc="3" uspid="2105" ordinal="0" offset="101" sl="50" sc="13" el="50" ec="13" bec="0" bev="0" fileid="9" />
                <SequencePoint vc="1" uspid="2106" ordinal="0" offset="116" sl="51" sc="13" el="51" ec="13" bec="0" bev="0" fileid="9" />
                <SequencePoint vc="1" uspid="2107" ordinal="0" offset="117" sl="52" sc="17" el="52" ec="17" bec="0" bev="0" fileid="9" />
                <SequencePoint vc="2" uspid="2108" ordinal="0" offset="121" sl="54" sc="9" el="54" ec="9" bec="0" bev="0" fileid="9" />
                <SequencePoint vc="2" uspid="2109" ordinal="0" offset="122" sl="56" sc="9" el="56" ec="9" bec="0" bev="0" fileid="9" />
                <SequencePoint vc="3" uspid="2110" ordinal="0" offset="126" sl="57" sc="5" el="57" ec="5" bec="0" bev="0" fileid="9" />
              </SequencePoints>
              <BranchPoints />
            </Method>
            <Method visited="true" cyclomaticComplexity="0" nPathComplexity="0" sequenceCoverage="71.43" branchCoverage="0" crapScore="0" isConstructor="false" isStatic="false" isGetter="false" isSetter="false">
              <Summary numSequencePoints="14" visitedSequencePoints="10" numBranchPoints="0" visitedBranchPoints="0" sequenceCoverage="71.43" branchCoverage="0" maxCyclomaticComplexity="0" minCyclomaticComplexity="0" maxCrapScore="0" minCrapScore="0" visitedClasses="0" numClasses="0" visitedMethods="1" numMethods="1" />
              <MetadataToken>100663339</MetadataToken>
              <Name>System.Void HeartManager::UpdateHearts()</Name>
              <FileRef uid="9" />
              <SequencePoints>
                <SequencePoint vc="6" uspid="2111" ordinal="0" offset="0" sl="60" sc="5" el="60" ec="5" bec="0" bev="0" fileid="9" />
                <SequencePoint vc="6" uspid="2112" ordinal="0" offset="1" sl="61" sc="9" el="61" ec="9" bec="0" bev="0" fileid="9" />
                <SequencePoint vc="0" uspid="2113" ordinal="0" offset="14" sl="62" sc="9" el="62" ec="9" bec="0" bev="0" fileid="9" />
                <SequencePoint vc="0" uspid="2114" ordinal="0" offset="15" sl="63" sc="13" el="63" ec="13" bec="0" bev="0" fileid="9" />
                <SequencePoint vc="6" uspid="2115" ordinal="0" offset="17" sl="66" sc="14" el="66" ec="14" bec="0" bev="0" fileid="9" />
                <SequencePoint vc="18" uspid="2116" ordinal="0" offset="21" sl="67" sc="9" el="67" ec="9" bec="0" bev="0" fileid="9" />
                <SequencePoint vc="18" uspid="2117" ordinal="0" offset="22" sl="68" sc="13" el="68" ec="13" bec="0" bev="0" fileid="9" />
                <SequencePoint vc="0" uspid="2118" ordinal="0" offset="40" sl="69" sc="13" el="69" ec="13" bec="0" bev="0" fileid="9" />
                <SequencePoint vc="0" uspid="2119" ordinal="0" offset="41" sl="70" sc="17" el="70" ec="17" bec="0" bev="0" fileid="9" />
                <SequencePoint vc="18" uspid="2120" ordinal="0" offset="43" sl="73" sc="13" el="73" ec="13" bec="0" bev="0" fileid="9" />
                <SequencePoint vc="18" uspid="2121" ordinal="0" offset="66" sl="74" sc="9" el="74" ec="9" bec="0" bev="0" fileid="9" />
                <SequencePoint vc="18" uspid="2122" ordinal="0" offset="67" sl="66" sc="49" el="66" ec="49" bec="0" bev="0" fileid="9" />
                <SequencePoint vc="24" uspid="2123" ordinal="0" offset="71" sl="66" sc="25" el="66" ec="25" bec="0" bev="0" fileid="9" />
                <SequencePoint vc="6" uspid="2124" ordinal="0" offset="86" sl="75" sc="5" el="75" ec="5" bec="0" bev="0" fileid="9" />
              </SequencePoints>
              <BranchPoints />
            </Method>
            <Method visited="true" cyclomaticComplexity="0" nPathComplexity="0" sequenceCoverage="100.0" branchCoverage="0" crapScore="0" isConstructor="false" isStatic="false" isGetter="false" isSetter="false">
              <Summary numSequencePoints="3" visitedSequencePoints="3" numBranchPoints="0" visitedBranchPoints="0" sequenceCoverage="100.0" branchCoverage="0" maxCyclomaticComplexity="0" minCyclomaticComplexity="0" maxCrapScore="0" minCrapScore="0" visitedClasses="0" numClasses="0" visitedMethods="1" numMethods="1" />
              <MetadataToken>100663340</MetadataToken>
              <Name>System.Boolean HeartManager::IsGameOver()</Name>
              <FileRef uid="9" />
              <SequencePoints>
                <SequencePoint vc="2" uspid="2125" ordinal="0" offset="0" sl="78" sc="5" el="78" ec="5" bec="0" bev="0" fileid="9" />
                <SequencePoint vc="2" uspid="2126" ordinal="0" offset="1" sl="79" sc="9" el="79" ec="9" bec="0" bev="0" fileid="9" />
                <SequencePoint vc="2" uspid="2127" ordinal="0" offset="16" sl="80" sc="5" el="80" ec="5" bec="0" bev="0" fileid="9" />
              </SequencePoints>
              <BranchPoints />
            </Method>
            <Method visited="true" cyclomaticComplexity="0" nPathComplexity="0" sequenceCoverage="100.0" branchCoverage="0" crapScore="0" isConstructor="false" isStatic="false" isGetter="false" isSetter="false">
              <Summary numSequencePoints="4" visitedSequencePoints="4" numBranchPoints="0" visitedBranchPoints="0" sequenceCoverage="100.0" branchCoverage="0" maxCyclomaticComplexity="0" minCyclomaticComplexity="0" maxCrapScore="0" minCrapScore="0" visitedClasses="0" numClasses="0" visitedMethods="1" numMethods="1" />
              <MetadataToken>100663341</MetadataToken>
              <Name>System.Void HeartManager::ResetHearts()</Name>
              <FileRef uid="9" />
              <SequencePoints>
                <SequencePoint vc="3" uspid="2128" ordinal="0" offset="0" sl="83" sc="5" el="83" ec="5" bec="0" bev="0" fileid="9" />
                <SequencePoint vc="3" uspid="2129" ordinal="0" offset="1" sl="84" sc="9" el="84" ec="9" bec="0" bev="0" fileid="9" />
                <SequencePoint vc="3" uspid="2130" ordinal="0" offset="15" sl="85" sc="9" el="85" ec="9" bec="0" bev="0" fileid="9" />
                <SequencePoint vc="3" uspid="2131" ordinal="0" offset="22" sl="86" sc="5" el="86" ec="5" bec="0" bev="0" fileid="9" />
              </SequencePoints>
              <BranchPoints />
            </Method>
          </Methods>
        </Class>
        <Class>
          <Summary numSequencePoints="3" visitedSequencePoints="3" numBranchPoints="0" visitedBranchPoints="0" sequenceCoverage="100.0" branchCoverage="0.0" maxCyclomaticComplexity="0" minCyclomaticComplexity="0" maxCrapScore="0" minCrapScore="0" visitedClasses="1" numClasses="1" visitedMethods="1" numMethods="1" />
          <FullName>LosingScreenManager</FullName>
          <Methods>
            <Method visited="true" cyclomaticComplexity="0" nPathComplexity="0" sequenceCoverage="100.0" branchCoverage="0" crapScore="0" isConstructor="false" isStatic="false" isGetter="false" isSetter="false">
              <Summary numSequencePoints="3" visitedSequencePoints="3" numBranchPoints="0" visitedBranchPoints="0" sequenceCoverage="100.0" branchCoverage="0" maxCyclomaticComplexity="0" minCyclomaticComplexity="0" maxCrapScore="0" minCrapScore="0" visitedClasses="0" numClasses="0" visitedMethods="1" numMethods="1" />
              <MetadataToken>100663343</MetadataToken>
              <Name>System.Void LosingScreenManager::ReturnHome()</Name>
              <FileRef uid="10" />
              <SequencePoints>
                <SequencePoint vc="1" uspid="2132" ordinal="0" offset="0" sl="8" sc="5" el="8" ec="5" bec="0" bev="0" fileid="10" />
                <SequencePoint vc="1" uspid="2133" ordinal="0" offset="1" sl="9" sc="9" el="9" ec="9" bec="0" bev="0" fileid="10" />
                <SequencePoint vc="1" uspid="2134" ordinal="0" offset="17" sl="10" sc="5" el="10" ec="5" bec="0" bev="0" fileid="10" />
              </SequencePoints>
              <BranchPoints />
            </Method>
          </Methods>
        </Class>
        <Class>
          <Summary numSequencePoints="35" visitedSequencePoints="35" numBranchPoints="0" visitedBranchPoints="0" sequenceCoverage="100.0" branchCoverage="0.0" maxCyclomaticComplexity="0" minCyclomaticComplexity="0" maxCrapScore="0" minCrapScore="0" visitedClasses="1" numClasses="1" visitedMethods="9" numMethods="9" />
          <FullName>ClipboardButton</FullName>
          <Methods>
            <Method visited="true" cyclomaticComplexity="0" nPathComplexity="0" sequenceCoverage="100.0" branchCoverage="0" crapScore="0" isConstructor="false" isStatic="false" isGetter="false" isSetter="false">
              <Summary numSequencePoints="4" visitedSequencePoints="4" numBranchPoints="0" visitedBranchPoints="0" sequenceCoverage="100.0" branchCoverage="0" maxCyclomaticComplexity="0" minCyclomaticComplexity="0" maxCrapScore="0" minCrapScore="0" visitedClasses="0" numClasses="0" visitedMethods="1" numMethods="1" />
              <MetadataToken>100663345</MetadataToken>
              <Name>System.Void ClipboardButton::Awake()</Name>
              <FileRef uid="11" />
              <SequencePoints>
                <SequencePoint vc="5" uspid="2135" ordinal="0" offset="0" sl="17" sc="5" el="17" ec="5" bec="0" bev="0" fileid="11" />
                <SequencePoint vc="5" uspid="2136" ordinal="0" offset="1" sl="18" sc="9" el="18" ec="9" bec="0" bev="0" fileid="11" />
                <SequencePoint vc="5" uspid="2137" ordinal="0" offset="13" sl="19" sc="9" el="19" ec="9" bec="0" bev="0" fileid="11" />
                <SequencePoint vc="5" uspid="2138" ordinal="0" offset="42" sl="20" sc="5" el="20" ec="5" bec="0" bev="0" fileid="11" />
              </SequencePoints>
              <BranchPoints />
            </Method>
            <Method visited="true" cyclomaticComplexity="0" nPathComplexity="0" sequenceCoverage="100.0" branchCoverage="0" crapScore="0" isConstructor="false" isStatic="false" isGetter="false" isSetter="false">
              <Summary numSequencePoints="6" visitedSequencePoints="6" numBranchPoints="0" visitedBranchPoints="0" sequenceCoverage="100.0" branchCoverage="0" maxCyclomaticComplexity="0" minCyclomaticComplexity="0" maxCrapScore="0" minCrapScore="0" visitedClasses="0" numClasses="0" visitedMethods="1" numMethods="1" />
              <MetadataToken>100663346</MetadataToken>
              <Name>System.Void ClipboardButton::SetupNumberButton(System.Int32, System.Int32)</Name>
              <FileRef uid="11" />
              <SequencePoints>
                <SequencePoint vc="2" uspid="2139" ordinal="0" offset="0" sl="23" sc="5" el="23" ec="5" bec="0" bev="0" fileid="11" />
                <SequencePoint vc="2" uspid="2140" ordinal="0" offset="1" sl="24" sc="9" el="24" ec="9" bec="0" bev="0" fileid="11" />
                <SequencePoint vc="2" uspid="2141" ordinal="0" offset="8" sl="25" sc="9" el="25" ec="9" bec="0" bev="0" fileid="11" />
                <SequencePoint vc="2" uspid="2142" ordinal="0" offset="15" sl="26" sc="9" el="26" ec="9" bec="0" bev="0" fileid="11" />
                <SequencePoint vc="2" uspid="2143" ordinal="0" offset="34" sl="27" sc="9" el="27" ec="9" bec="0" bev="0" fileid="11" />
                <SequencePoint vc="2" uspid="2144" ordinal="0" offset="41" sl="28" sc="5" el="28" ec="5" bec="0" bev="0" fileid="11" />
              </SequencePoints>
              <BranchPoints />
            </Method>
            <Method visited="true" cyclomaticComplexity="0" nPathComplexity="0" sequenceCoverage="100.0" branchCoverage="0" crapScore="0" isConstructor="false" isStatic="false" isGetter="false" isSetter="false">
              <Summary numSequencePoints="7" visitedSequencePoints="7" numBranchPoints="0" visitedBranchPoints="0" sequenceCoverage="100.0" branchCoverage="0" maxCyclomaticComplexity="0" minCyclomaticComplexity="0" maxCrapScore="0" minCrapScore="0" visitedClasses="0" numClasses="0" visitedMethods="1" numMethods="1" />
              <MetadataToken>100663347</MetadataToken>
              <Name>System.Void ClipboardButton::SetupRowXButton(System.Int32)</Name>
              <FileRef uid="11" />
              <SequencePoints>
                <SequencePoint vc="1" uspid="2145" ordinal="0" offset="0" sl="31" sc="5" el="31" ec="5" bec="0" bev="0" fileid="11" />
                <SequencePoint vc="1" uspid="2146" ordinal="0" offset="1" sl="32" sc="9" el="32" ec="9" bec="0" bev="0" fileid="11" />
                <SequencePoint vc="1" uspid="2147" ordinal="0" offset="8" sl="33" sc="9" el="33" ec="9" bec="0" bev="0" fileid="11" />
                <SequencePoint vc="1" uspid="2148" ordinal="0" offset="15" sl="34" sc="9" el="34" ec="9" bec="0" bev="0" fileid="11" />
                <SequencePoint vc="1" uspid="2149" ordinal="0" offset="32" sl="35" sc="9" el="35" ec="9" bec="0" bev="0" fileid="11" />
                <SequencePoint vc="1" uspid="2150" ordinal="0" offset="49" sl="36" sc="9" el="36" ec="9" bec="0" bev="0" fileid="11" />
                <SequencePoint vc="1" uspid="2151" ordinal="0" offset="56" sl="37" sc="5" el="37" ec="5" bec="0" bev="0" fileid="11" />
              </SequencePoints>
              <BranchPoints />
            </Method>
            <Method visited="true" cyclomaticComplexity="0" nPathComplexity="0" sequenceCoverage="100.0" branchCoverage="0" crapScore="0" isConstructor="false" isStatic="false" isGetter="false" isSetter="false">
              <Summary numSequencePoints="4" visitedSequencePoints="4" numBranchPoints="0" visitedBranchPoints="0" sequenceCoverage="100.0" branchCoverage="0" maxCyclomaticComplexity="0" minCyclomaticComplexity="0" maxCrapScore="0" minCrapScore="0" visitedClasses="0" numClasses="0" visitedMethods="1" numMethods="1" />
              <MetadataToken>100663349</MetadataToken>
              <Name>System.Void ClipboardButton::ToggleRed()</Name>
              <FileRef uid="11" />
              <SequencePoints>
                <SequencePoint vc="2" uspid="2161" ordinal="0" offset="0" sl="52" sc="5" el="52" ec="5" bec="0" bev="0" fileid="11" />
                <SequencePoint vc="2" uspid="2162" ordinal="0" offset="1" sl="53" sc="9" el="53" ec="9" bec="0" bev="0" fileid="11" />
                <SequencePoint vc="2" uspid="2163" ordinal="0" offset="16" sl="54" sc="9" el="54" ec="9" bec="0" bev="0" fileid="11" />
                <SequencePoint vc="2" uspid="2164" ordinal="0" offset="23" sl="55" sc="5" el="55" ec="5" bec="0" bev="0" fileid="11" />
              </SequencePoints>
              <BranchPoints />
            </Method>
            <Method visited="true" cyclomaticComplexity="0" nPathComplexity="0" sequenceCoverage="100.0" branchCoverage="0" crapScore="0" isConstructor="false" isStatic="false" isGetter="false" isSetter="false">
              <Summary numSequencePoints="4" visitedSequencePoints="4" numBranchPoints="0" visitedBranchPoints="0" sequenceCoverage="100.0" branchCoverage="0" maxCyclomaticComplexity="0" minCyclomaticComplexity="0" maxCrapScore="0" minCrapScore="0" visitedClasses="0" numClasses="0" visitedMethods="1" numMethods="1" />
              <MetadataToken>100663350</MetadataToken>
              <Name>System.Void ClipboardButton::SetRed(System.Boolean)</Name>
              <FileRef uid="11" />
              <SequencePoints>
                <SequencePoint vc="7" uspid="2165" ordinal="0" offset="0" sl="58" sc="5" el="58" ec="5" bec="0" bev="0" fileid="11" />
                <SequencePoint vc="7" uspid="2166" ordinal="0" offset="1" sl="59" sc="9" el="59" ec="9" bec="0" bev="0" fileid="11" />
                <SequencePoint vc="7" uspid="2167" ordinal="0" offset="8" sl="60" sc="9" el="60" ec="9" bec="0" bev="0" fileid="11" />
                <SequencePoint vc="7" uspid="2168" ordinal="0" offset="15" sl="61" sc="5" el="61" ec="5" bec="0" bev="0" fileid="11" />
              </SequencePoints>
              <BranchPoints />
            </Method>
            <Method visited="true" cyclomaticComplexity="0" nPathComplexity="0" sequenceCoverage="100.0" branchCoverage="0" crapScore="0" isConstructor="false" isStatic="false" isGetter="false" isSetter="false">
              <Summary numSequencePoints="4" visitedSequencePoints="4" numBranchPoints="0" visitedBranchPoints="0" sequenceCoverage="100.0" branchCoverage="0" maxCyclomaticComplexity="0" minCyclomaticComplexity="0" maxCrapScore="0" minCrapScore="0" visitedClasses="0" numClasses="0" visitedMethods="1" numMethods="1" />
              <MetadataToken>100663351</MetadataToken>
              <Name>System.Void ClipboardButton::UpdateVisual()</Name>
              <FileRef uid="11" />
              <SequencePoints>
                <SequencePoint vc="9" uspid="2169" ordinal="0" offset="0" sl="64" sc="5" el="64" ec="5" bec="0" bev="0" fileid="11" />
                <SequencePoint vc="9" uspid="2170" ordinal="0" offset="1" sl="65" sc="9" el="65" ec="9" bec="0" bev="0" fileid="11" />
                <SequencePoint vc="9" uspid="2171" ordinal="0" offset="33" sl="66" sc="9" el="66" ec="9" bec="0" bev="0" fileid="11" />
                <SequencePoint vc="9" uspid="2172" ordinal="0" offset="80" sl="67" sc="5" el="67" ec="5" bec="0" bev="0" fileid="11" />
              </SequencePoints>
              <BranchPoints />
            </Method>
            <Method visited="true" cyclomaticComplexity="0" nPathComplexity="0" sequenceCoverage="100.0" branchCoverage="0" crapScore="0" isConstructor="false" isStatic="false" isGetter="false" isSetter="false">
              <Summary numSequencePoints="3" visitedSequencePoints="3" numBranchPoints="0" visitedBranchPoints="0" sequenceCoverage="100.0" branchCoverage="0" maxCyclomaticComplexity="0" minCyclomaticComplexity="0" maxCrapScore="0" minCrapScore="0" visitedClasses="0" numClasses="0" visitedMethods="1" numMethods="1" />
              <MetadataToken>100663352</MetadataToken>
              <Name>System.Void ClipboardButton::ResetVisual()</Name>
              <FileRef uid="11" />
              <SequencePoints>
                <SequencePoint vc="4" uspid="2173" ordinal="0" offset="0" sl="70" sc="5" el="70" ec="5" bec="0" bev="0" fileid="11" />
                <SequencePoint vc="4" uspid="2174" ordinal="0" offset="1" sl="71" sc="9" el="71" ec="9" bec="0" bev="0" fileid="11" />
                <SequencePoint vc="4" uspid="2175" ordinal="0" offset="9" sl="72" sc="5" el="72" ec="5" bec="0" bev="0" fileid="11" />
              </SequencePoints>
              <BranchPoints />
            </Method>
            <Method visited="true" cyclomaticComplexity="0" nPathComplexity="0" sequenceCoverage="100.0" branchCoverage="0" crapScore="0" isConstructor="false" isStatic="false" isGetter="true" isSetter="false">
              <Summary numSequencePoints="1" visitedSequencePoints="1" numBranchPoints="0" visitedBranchPoints="0" sequenceCoverage="100.0" branchCoverage="0" maxCyclomaticComplexity="0" minCyclomaticComplexity="0" maxCrapScore="0" minCrapScore="0" visitedClasses="0" numClasses="0" visitedMethods="1" numMethods="1" />
              <MetadataToken>100663353</MetadataToken>
              <Name>System.Boolean ClipboardButton::get_IsMarkedRed()</Name>
              <FileRef uid="11" />
              <SequencePoints>
                <SequencePoint vc="5" uspid="2176" ordinal="0" offset="0" sl="74" sc="32" el="74" ec="32" bec="0" bev="0" fileid="11" />
              </SequencePoints>
              <BranchPoints />
            </Method>
            <Method visited="true" cyclomaticComplexity="0" nPathComplexity="0" sequenceCoverage="100.0" branchCoverage="0" crapScore="0" isConstructor="true" isStatic="false" isGetter="false" isSetter="false">
              <Summary numSequencePoints="2" visitedSequencePoints="2" numBranchPoints="0" visitedBranchPoints="0" sequenceCoverage="100.0" branchCoverage="0" maxCyclomaticComplexity="0" minCyclomaticComplexity="0" maxCrapScore="0" minCrapScore="0" visitedClasses="0" numClasses="0" visitedMethods="1" numMethods="1" />
              <MetadataToken>100663354</MetadataToken>
              <Name>ClipboardButton::ClipboardButton()</Name>
              <FileRef uid="11" />
              <SequencePoints>
                <SequencePoint vc="5" uspid="2177" ordinal="0" offset="0" sl="10" sc="5" el="10" ec="5" bec="0" bev="0" fileid="11" />
                <SequencePoint vc="5" uspid="2178" ordinal="0" offset="7" sl="14" sc="5" el="14" ec="5" bec="0" bev="0" fileid="11" />
              </SequencePoints>
              <BranchPoints />
            </Method>
          </Methods>
        </Class>
        <Class>
          <Summary numSequencePoints="66" visitedSequencePoints="60" numBranchPoints="0" visitedBranchPoints="0" sequenceCoverage="90.91" branchCoverage="0.0" maxCyclomaticComplexity="0" minCyclomaticComplexity="0" maxCrapScore="0" minCrapScore="0" visitedClasses="1" numClasses="1" visitedMethods="10" numMethods="10" />
          <FullName>NumberScroller</FullName>
          <Methods>
            <Method visited="true" cyclomaticComplexity="0" nPathComplexity="0" sequenceCoverage="100.0" branchCoverage="0" crapScore="0" isConstructor="false" isStatic="false" isGetter="false" isSetter="false">
              <Summary numSequencePoints="6" visitedSequencePoints="6" numBranchPoints="0" visitedBranchPoints="0" sequenceCoverage="100.0" branchCoverage="0" maxCyclomaticComplexity="0" minCyclomaticComplexity="0" maxCrapScore="0" minCrapScore="0" visitedClasses="0" numClasses="0" visitedMethods="1" numMethods="1" />
              <MetadataToken>100663355</MetadataToken>
              <Name>System.Void NumberScroller::Start()</Name>
              <FileRef uid="12" />
              <SequencePoints>
                <SequencePoint vc="1" uspid="2179" ordinal="0" offset="0" sl="19" sc="5" el="19" ec="5" bec="0" bev="0" fileid="12" />
                <SequencePoint vc="1" uspid="2180" ordinal="0" offset="1" sl="20" sc="9" el="20" ec="9" bec="0" bev="0" fileid="12" />
                <SequencePoint vc="1" uspid="2181" ordinal="0" offset="17" sl="21" sc="13" el="21" ec="13" bec="0" bev="0" fileid="12" />
                <SequencePoint vc="1" uspid="2182" ordinal="0" offset="34" sl="23" sc="9" el="23" ec="9" bec="0" bev="0" fileid="12" />
                <SequencePoint vc="1" uspid="2183" ordinal="0" offset="50" sl="24" sc="13" el="24" ec="13" bec="0" bev="0" fileid="12" />
                <SequencePoint vc="1" uspid="2184" ordinal="0" offset="68" sl="25" sc="5" el="25" ec="5" bec="0" bev="0" fileid="12" />
              </SequencePoints>
              <BranchPoints />
            </Method>
            <Method visited="true" cyclomaticComplexity="0" nPathComplexity="0" sequenceCoverage="100.0" branchCoverage="0" crapScore="0" isConstructor="false" isStatic="false" isGetter="false" isSetter="false">
              <Summary numSequencePoints="4" visitedSequencePoints="4" numBranchPoints="0" visitedBranchPoints="0" sequenceCoverage="100.0" branchCoverage="0" maxCyclomaticComplexity="0" minCyclomaticComplexity="0" maxCrapScore="0" minCrapScore="0" visitedClasses="0" numClasses="0" visitedMethods="1" numMethods="1" />
              <MetadataToken>100663356</MetadataToken>
              <Name>System.Void NumberScroller::OnPointerDown(UnityEngine.EventSystems.PointerEventData)</Name>
              <FileRef uid="12" />
              <SequencePoints>
                <SequencePoint vc="1" uspid="2185" ordinal="0" offset="0" sl="28" sc="5" el="28" ec="5" bec="0" bev="0" fileid="12" />
                <SequencePoint vc="1" uspid="2186" ordinal="0" offset="1" sl="29" sc="9" el="29" ec="9" bec="0" bev="0" fileid="12" />
                <SequencePoint vc="1" uspid="2187" ordinal="0" offset="14" sl="30" sc="13" el="30" ec="13" bec="0" bev="0" fileid="12" />
                <SequencePoint vc="1" uspid="2188" ordinal="0" offset="21" sl="31" sc="5" el="31" ec="5" bec="0" bev="0" fileid="12" />
              </SequencePoints>
              <BranchPoints />
            </Method>
            <Method visited="true" cyclomaticComplexity="0" nPathComplexity="0" sequenceCoverage="100.0" branchCoverage="0" crapScore="0" isConstructor="false" isStatic="false" isGetter="false" isSetter="false">
              <Summary numSequencePoints="4" visitedSequencePoints="4" numBranchPoints="0" visitedBranchPoints="0" sequenceCoverage="100.0" branchCoverage="0" maxCyclomaticComplexity="0" minCyclomaticComplexity="0" maxCrapScore="0" minCrapScore="0" visitedClasses="0" numClasses="0" visitedMethods="1" numMethods="1" />
              <MetadataToken>100663357</MetadataToken>
              <Name>System.Void NumberScroller::OnPointerUp(UnityEngine.EventSystems.PointerEventData)</Name>
              <FileRef uid="12" />
              <SequencePoints>
                <SequencePoint vc="1" uspid="2189" ordinal="0" offset="0" sl="34" sc="5" el="34" ec="5" bec="0" bev="0" fileid="12" />
                <SequencePoint vc="1" uspid="2190" ordinal="0" offset="1" sl="35" sc="9" el="35" ec="9" bec="0" bev="0" fileid="12" />
                <SequencePoint vc="1" uspid="2191" ordinal="0" offset="14" sl="36" sc="13" el="36" ec="13" bec="0" bev="0" fileid="12" />
                <SequencePoint vc="1" uspid="2192" ordinal="0" offset="21" sl="37" sc="5" el="37" ec="5" bec="0" bev="0" fileid="12" />
              </SequencePoints>
              <BranchPoints />
            </Method>
            <Method visited="true" cyclomaticComplexity="0" nPathComplexity="0" sequenceCoverage="66.67" branchCoverage="0" crapScore="0" isConstructor="false" isStatic="false" isGetter="false" isSetter="false">
              <Summary numSequencePoints="18" visitedSequencePoints="12" numBranchPoints="0" visitedBranchPoints="0" sequenceCoverage="66.67" branchCoverage="0" maxCyclomaticComplexity="0" minCyclomaticComplexity="0" maxCrapScore="0" minCrapScore="0" visitedClasses="0" numClasses="0" visitedMethods="1" numMethods="1" />
              <MetadataToken>100663358</MetadataToken>
              <Name>System.Void NumberScroller::OnDrag(UnityEngine.EventSystems.PointerEventData)</Name>
              <FileRef uid="12" />
              <SequencePoints>
                <SequencePoint vc="1" uspid="2193" ordinal="0" offset="0" sl="43" sc="5" el="43" ec="5" bec="0" bev="0" fileid="12" />
                <SequencePoint vc="1" uspid="2194" ordinal="0" offset="1" sl="44" sc="9" el="44" ec="9" bec="0" bev="0" fileid="12" />
                <SequencePoint vc="1" uspid="2195" ordinal="0" offset="28" sl="45" sc="9" el="45" ec="9" bec="0" bev="0" fileid="12" />
                <SequencePoint vc="1" uspid="2196" ordinal="0" offset="29" sl="46" sc="13" el="46" ec="13" bec="0" bev="0" fileid="12" />
                <SequencePoint vc="1" uspid="2197" ordinal="0" offset="53" sl="48" sc="13" el="48" ec="13" bec="0" bev="0" fileid="12" />
                <SequencePoint vc="1" uspid="2198" ordinal="0" offset="74" sl="49" sc="13" el="49" ec="13" bec="0" bev="0" fileid="12" />
                <SequencePoint vc="1" uspid="2199" ordinal="0" offset="75" sl="50" sc="17" el="50" ec="17" bec="0" bev="0" fileid="12" />
                <SequencePoint vc="1" uspid="2200" ordinal="0" offset="98" sl="51" sc="17" el="51" ec="17" bec="0" bev="0" fileid="12" />
                <SequencePoint vc="1" uspid="2201" ordinal="0" offset="105" sl="52" sc="17" el="52" ec="17" bec="0" bev="0" fileid="12" />
                <SequencePoint vc="1" uspid="2202" ordinal="0" offset="116" sl="53" sc="13" el="53" ec="13" bec="0" bev="0" fileid="12" />
                <SequencePoint vc="0" uspid="2203" ordinal="0" offset="119" sl="54" sc="18" el="54" ec="18" bec="0" bev="0" fileid="12" />
                <SequencePoint vc="0" uspid="2204" ordinal="0" offset="141" sl="55" sc="13" el="55" ec="13" bec="0" bev="0" fileid="12" />
                <SequencePoint vc="0" uspid="2205" ordinal="0" offset="142" sl="56" sc="17" el="56" ec="17" bec="0" bev="0" fileid="12" />
                <SequencePoint vc="0" uspid="2206" ordinal="0" offset="165" sl="57" sc="17" el="57" ec="17" bec="0" bev="0" fileid="12" />
                <SequencePoint vc="0" uspid="2207" ordinal="0" offset="172" sl="58" sc="17" el="58" ec="17" bec="0" bev="0" fileid="12" />
                <SequencePoint vc="0" uspid="2208" ordinal="0" offset="183" sl="59" sc="13" el="59" ec="13" bec="0" bev="0" fileid="12" />
                <SequencePoint vc="1" uspid="2209" ordinal="0" offset="184" sl="60" sc="9" el="60" ec="9" bec="0" bev="0" fileid="12" />
                <SequencePoint vc="1" uspid="2210" ordinal="0" offset="185" sl="61" sc="5" el="61" ec="5" bec="0" bev="0" fileid="12" />
              </SequencePoints>
              <BranchPoints />
            </Method>
            <Method visited="true" cyclomaticComplexity="0" nPathComplexity="0" sequenceCoverage="100.0" branchCoverage="0" crapScore="0" isConstructor="false" isStatic="false" isGetter="false" isSetter="false">
              <Summary numSequencePoints="5" visitedSequencePoints="5" numBranchPoints="0" visitedBranchPoints="0" sequenceCoverage="100.0" branchCoverage="0" maxCyclomaticComplexity="0" minCyclomaticComplexity="0" maxCrapScore="0" minCrapScore="0" visitedClasses="0" numClasses="0" visitedMethods="1" numMethods="1" />
              <MetadataToken>100663359</MetadataToken>
              <Name>System.Void NumberScroller::LockNumberBox()</Name>
              <FileRef uid="12" />
              <SequencePoints>
                <SequencePoint vc="3" uspid="2211" ordinal="0" offset="0" sl="65" sc="5" el="65" ec="5" bec="0" bev="0" fileid="12" />
                <SequencePoint vc="3" uspid="2212" ordinal="0" offset="1" sl="66" sc="9" el="66" ec="9" bec="0" bev="0" fileid="12" />
                <SequencePoint vc="3" uspid="2213" ordinal="0" offset="8" sl="68" sc="9" el="68" ec="9" bec="0" bev="0" fileid="12" />
                <SequencePoint vc="1" uspid="2214" ordinal="0" offset="24" sl="69" sc="13" el="69" ec="13" bec="0" bev="0" fileid="12" />
                <SequencePoint vc="3" uspid="2215" ordinal="0" offset="42" sl="70" sc="5" el="70" ec="5" bec="0" bev="0" fileid="12" />
              </SequencePoints>
              <BranchPoints />
            </Method>
            <Method visited="true" cyclomaticComplexity="0" nPathComplexity="0" sequenceCoverage="100.0" branchCoverage="0" crapScore="0" isConstructor="false" isStatic="false" isGetter="false" isSetter="false">
              <Summary numSequencePoints="6" visitedSequencePoints="6" numBranchPoints="0" visitedBranchPoints="0" sequenceCoverage="100.0" branchCoverage="0" maxCyclomaticComplexity="0" minCyclomaticComplexity="0" maxCrapScore="0" minCrapScore="0" visitedClasses="0" numClasses="0" visitedMethods="1" numMethods="1" />
              <MetadataToken>100663360</MetadataToken>
              <Name>System.Void NumberScroller::EnableNumberBox()</Name>
              <FileRef uid="12" />
              <SequencePoints>
                <SequencePoint vc="2" uspid="2216" ordinal="0" offset="0" sl="73" sc="5" el="73" ec="5" bec="0" bev="0" fileid="12" />
                <SequencePoint vc="2" uspid="2217" ordinal="0" offset="1" sl="74" sc="9" el="74" ec="9" bec="0" bev="0" fileid="12" />
                <SequencePoint vc="2" uspid="2218" ordinal="0" offset="8" sl="75" sc="9" el="75" ec="9" bec="0" bev="0" fileid="12" />
                <SequencePoint vc="2" uspid="2219" ordinal="0" offset="25" sl="77" sc="9" el="77" ec="9" bec="0" bev="0" fileid="12" />
                <SequencePoint vc="2" uspid="2220" ordinal="0" offset="41" sl="78" sc="13" el="78" ec="13" bec="0" bev="0" fileid="12" />
                <SequencePoint vc="2" uspid="2221" ordinal="0" offset="59" sl="79" sc="5" el="79" ec="5" bec="0" bev="0" fileid="12" />
              </SequencePoints>
              <BranchPoints />
            </Method>
            <Method visited="true" cyclomaticComplexity="0" nPathComplexity="0" sequenceCoverage="100.0" branchCoverage="0" crapScore="0" isConstructor="false" isStatic="false" isGetter="false" isSetter="false">
              <Summary numSequencePoints="6" visitedSequencePoints="6" numBranchPoints="0" visitedBranchPoints="0" sequenceCoverage="100.0" branchCoverage="0" maxCyclomaticComplexity="0" minCyclomaticComplexity="0" maxCrapScore="0" minCrapScore="0" visitedClasses="0" numClasses="0" visitedMethods="1" numMethods="1" />
              <MetadataToken>100663361</MetadataToken>
              <Name>System.Void NumberScroller::DisableNumberBox()</Name>
              <FileRef uid="12" />
              <SequencePoints>
                <SequencePoint vc="1" uspid="2222" ordinal="0" offset="0" sl="82" sc="5" el="82" ec="5" bec="0" bev="0" fileid="12" />
                <SequencePoint vc="1" uspid="2223" ordinal="0" offset="1" sl="83" sc="9" el="83" ec="9" bec="0" bev="0" fileid="12" />
                <SequencePoint vc="1" uspid="2224" ordinal="0" offset="8" sl="84" sc="9" el="84" ec="9" bec="0" bev="0" fileid="12" />
                <SequencePoint vc="1" uspid="2225" ordinal="0" offset="25" sl="86" sc="9" el="86" ec="9" bec="0" bev="0" fileid="12" />
                <SequencePoint vc="1" uspid="2226" ordinal="0" offset="41" sl="87" sc="13" el="87" ec="13" bec="0" bev="0" fileid="12" />
                <SequencePoint vc="1" uspid="2227" ordinal="0" offset="59" sl="88" sc="5" el="88" ec="5" bec="0" bev="0" fileid="12" />
              </SequencePoints>
              <BranchPoints />
            </Method>
            <Method visited="true" cyclomaticComplexity="0" nPathComplexity="0" sequenceCoverage="100.0" branchCoverage="0" crapScore="0" isConstructor="false" isStatic="false" isGetter="false" isSetter="false">
              <Summary numSequencePoints="5" visitedSequencePoints="5" numBranchPoints="0" visitedBranchPoints="0" sequenceCoverage="100.0" branchCoverage="0" maxCyclomaticComplexity="0" minCyclomaticComplexity="0" maxCrapScore="0" minCrapScore="0" visitedClasses="0" numClasses="0" visitedMethods="1" numMethods="1" />
              <MetadataToken>100663362</MetadataToken>
              <Name>System.Void NumberScroller::ResetScroller()</Name>
              <FileRef uid="12" />
              <SequencePoints>
                <SequencePoint vc="4" uspid="2228" ordinal="0" offset="0" sl="91" sc="5" el="91" ec="5" bec="0" bev="0" fileid="12" />
                <SequencePoint vc="4" uspid="2229" ordinal="0" offset="1" sl="92" sc="9" el="92" ec="9" bec="0" bev="0" fileid="12" />
                <SequencePoint vc="4" uspid="2230" ordinal="0" offset="9" sl="93" sc="9" el="93" ec="9" bec="0" bev="0" fileid="12" />
                <SequencePoint vc="1" uspid="2231" ordinal="0" offset="26" sl="94" sc="9" el="94" ec="9" bec="0" bev="0" fileid="12" />
[...]
                <SequencePoint vc="1" uspid="3570" ordinal="0" offset="129" sl="1009" sc="9" el="1009" ec="9" bec="0" bev="0" fileid="20" />
                <SequencePoint vc="1" uspid="3571" ordinal="0" offset="143" sl="1010" sc="9" el="1010" ec="9" bec="0" bev="0" fileid="20" />
                <SequencePoint vc="1" uspid="3572" ordinal="0" offset="178" sl="1013" sc="9" el="1013" ec="9" bec="0" bev="0" fileid="20" />
                <SequencePoint vc="1" uspid="3573" ordinal="0" offset="191" sl="1014" sc="9" el="1014" ec="9" bec="0" bev="0" fileid="20" />
                <SequencePoint vc="1" uspid="3574" ordinal="0" offset="218" sl="1016" sc="9" el="1016" ec="9" bec="0" bev="0" fileid="20" />
                <SequencePoint vc="1" uspid="3575" ordinal="0" offset="230" sl="1017" sc="5" el="1017" ec="5" bec="0" bev="0" fileid="20" />
              </SequencePoints>
              <BranchPoints />
            </Method>
          </Methods>
        </Class>
        <Class>
          <Summary numSequencePoints="34" visitedSequencePoints="34" numBranchPoints="0" visitedBranchPoints="0" sequenceCoverage="100.0" branchCoverage="0.0" maxCyclomaticComplexity="0" minCyclomaticComplexity="0" maxCrapScore="0" minCrapScore="0" visitedClasses="1" numClasses="1" visitedMethods="4" numMethods="4" />
          <FullName>QuestionManagerIntegrationTests</FullName>
          <Methods>
            <Method visited="true" cyclomaticComplexity="0" nPathComplexity="0" sequenceCoverage="100.0" branchCoverage="0" crapScore="0" isConstructor="false" isStatic="false" isGetter="false" isSetter="false">
              <Summary numSequencePoints="15" visitedSequencePoints="15" numBranchPoints="0" visitedBranchPoints="0" sequenceCoverage="100.0" branchCoverage="0" maxCyclomaticComplexity="0" minCyclomaticComplexity="0" maxCrapScore="0" minCrapScore="0" visitedClasses="0" numClasses="0" visitedMethods="1" numMethods="1" />
              <MetadataToken>100663391</MetadataToken>
              <Name>System.Void QuestionManagerIntegrationTests::SetUp()</Name>
              <FileRef uid="20" />
              <SequencePoints>
                <SequencePoint vc="2" uspid="3576" ordinal="0" offset="0" sl="1047" sc="5" el="1047" ec="5" bec="0" bev="0" fileid="20" />
                <SequencePoint vc="2" uspid="3577" ordinal="0" offset="1" sl="1048" sc="9" el="1048" ec="9" bec="0" bev="0" fileid="20" />
                <SequencePoint vc="2" uspid="3578" ordinal="0" offset="17" sl="1049" sc="9" el="1049" ec="9" bec="0" bev="0" fileid="20" />
                <SequencePoint vc="2" uspid="3579" ordinal="0" offset="34" sl="1051" sc="9" el="1051" ec="9" bec="0" bev="0" fileid="20" />
                <SequencePoint vc="2" uspid="3580" ordinal="0" offset="45" sl="1052" sc="9" el="1052" ec="9" bec="0" bev="0" fileid="20" />
                <SequencePoint vc="2" uspid="3581" ordinal="0" offset="69" sl="1053" sc="9" el="1053" ec="9" bec="0" bev="0" fileid="20" />
                <SequencePoint vc="2" uspid="3582" ordinal="0" offset="86" sl="1055" sc="9" el="1055" ec="9" bec="0" bev="0" fileid="20" />
                <SequencePoint vc="2" uspid="3583" ordinal="0" offset="102" sl="1056" sc="9" el="1056" ec="9" bec="0" bev="0" fileid="20" />
                <SequencePoint vc="2" uspid="3584" ordinal="0" offset="119" sl="1057" sc="9" el="1057" ec="9" bec="0" bev="0" fileid="20" />
                <SequencePoint vc="2" uspid="3585" ordinal="0" offset="130" sl="1059" sc="9" el="1059" ec="9" bec="0" bev="0" fileid="20" />
                <SequencePoint vc="2" uspid="3586" ordinal="0" offset="146" sl="1060" sc="9" el="1060" ec="9" bec="0" bev="0" fileid="20" />
                <SequencePoint vc="2" uspid="3587" ordinal="0" offset="163" sl="1061" sc="9" el="1061" ec="9" bec="0" bev="0" fileid="20" />
                <SequencePoint vc="2" uspid="3588" ordinal="0" offset="180" sl="1063" sc="9" el="1063" ec="9" bec="0" bev="0" fileid="20" />
                <SequencePoint vc="2" uspid="3589" ordinal="0" offset="213" sl="1064" sc="9" el="1064" ec="9" bec="0" bev="0" fileid="20" />
                <SequencePoint vc="2" uspid="3590" ordinal="0" offset="246" sl="1065" sc="5" el="1065" ec="5" bec="0" bev="0" fileid="20" />
              </SequencePoints>
              <BranchPoints />
            </Method>
            <Method visited="true" cyclomaticComplexity="0" nPathComplexity="0" sequenceCoverage="100.0" branchCoverage="0" crapScore="0" isConstructor="false" isStatic="false" isGetter="false" isSetter="false">
              <Summary numSequencePoints="5" visitedSequencePoints="5" numBranchPoints="0" visitedBranchPoints="0" sequenceCoverage="100.0" branchCoverage="0" maxCyclomaticComplexity="0" minCyclomaticComplexity="0" maxCrapScore="0" minCrapScore="0" visitedClasses="0" numClasses="0" visitedMethods="1" numMethods="1" />
              <MetadataToken>100663392</MetadataToken>
              <Name>System.Void QuestionManagerIntegrationTests::TearDown()</Name>
              <FileRef uid="20" />
              <SequencePoints>
                <SequencePoint vc="2" uspid="3591" ordinal="0" offset="0" sl="1069" sc="5" el="1069" ec="5" bec="0" bev="0" fileid="20" />
                <SequencePoint vc="2" uspid="3592" ordinal="0" offset="1" sl="1070" sc="9" el="1070" ec="9" bec="0" bev="0" fileid="20" />
                <SequencePoint vc="2" uspid="3593" ordinal="0" offset="13" sl="1071" sc="9" el="1071" ec="9" bec="0" bev="0" fileid="20" />
                <SequencePoint vc="2" uspid="3594" ordinal="0" offset="25" sl="1072" sc="9" el="1072" ec="9" bec="0" bev="0" fileid="20" />
                <SequencePoint vc="2" uspid="3595" ordinal="0" offset="37" sl="1073" sc="5" el="1073" ec="5" bec="0" bev="0" fileid="20" />
              </SequencePoints>
              <BranchPoints />
            </Method>
            <Method visited="true" cyclomaticComplexity="0" nPathComplexity="0" sequenceCoverage="100.0" branchCoverage="0" crapScore="0" isConstructor="false" isStatic="false" isGetter="false" isSetter="false">
              <Summary numSequencePoints="7" visitedSequencePoints="7" numBranchPoints="0" visitedBranchPoints="0" sequenceCoverage="100.0" branchCoverage="0" maxCyclomaticComplexity="0" minCyclomaticComplexity="0" maxCrapScore="0" minCrapScore="0" visitedClasses="0" numClasses="0" visitedMethods="1" numMethods="1" />
              <MetadataToken>100663393</MetadataToken>
              <Name>System.Void QuestionManagerIntegrationTests::Test_QuestionButtonStartsCoroutine()</Name>
              <FileRef uid="20" />
              <SequencePoints>
                <SequencePoint vc="1" uspid="3596" ordinal="0" offset="0" sl="1077" sc="5" el="1077" ec="5" bec="0" bev="0" fileid="20" />
                <SequencePoint vc="1" uspid="3597" ordinal="0" offset="1" sl="1078" sc="9" el="1078" ec="9" bec="0" bev="0" fileid="20" />
                <SequencePoint vc="1" uspid="3598" ordinal="0" offset="19" sl="1080" sc="9" el="1080" ec="9" bec="0" bev="0" fileid="20" />
                <SequencePoint vc="1" uspid="3599" ordinal="0" offset="47" sl="1081" sc="9" el="1081" ec="9" bec="0" bev="0" fileid="20" />
                <SequencePoint vc="1" uspid="3600" ordinal="0" offset="69" sl="1083" sc="9" el="1083" ec="9" bec="0" bev="0" fileid="20" />
                <SequencePoint vc="1" uspid="3601" ordinal="0" offset="92" sl="1085" sc="9" el="1085" ec="9" bec="0" bev="0" fileid="20" />
                <SequencePoint vc="1" uspid="3602" ordinal="0" offset="110" sl="1086" sc="5" el="1086" ec="5" bec="0" bev="0" fileid="20" />
              </SequencePoints>
              <BranchPoints />
            </Method>
            <Method visited="true" cyclomaticComplexity="0" nPathComplexity="0" sequenceCoverage="100.0" branchCoverage="0" crapScore="0" isConstructor="false" isStatic="false" isGetter="false" isSetter="false">
              <Summary numSequencePoints="7" visitedSequencePoints="7" numBranchPoints="0" visitedBranchPoints="0" sequenceCoverage="100.0" branchCoverage="0" maxCyclomaticComplexity="0" minCyclomaticComplexity="0" maxCrapScore="0" minCrapScore="0" visitedClasses="0" numClasses="0" visitedMethods="1" numMethods="1" />
              <MetadataToken>100663394</MetadataToken>
              <Name>System.Void QuestionManagerIntegrationTests::Test_QuestionButtonInvokesCursedSound()</Name>
              <FileRef uid="20" />
              <SequencePoints>
                <SequencePoint vc="1" uspid="3603" ordinal="0" offset="0" sl="1090" sc="5" el="1090" ec="5" bec="0" bev="0" fileid="20" />
                <SequencePoint vc="1" uspid="3604" ordinal="0" offset="1" sl="1091" sc="9" el="1091" ec="9" bec="0" bev="0" fileid="20" />
                <SequencePoint vc="1" uspid="3605" ordinal="0" offset="18" sl="1093" sc="9" el="1093" ec="9" bec="0" bev="0" fileid="20" />
                <SequencePoint vc="1" uspid="3606" ordinal="0" offset="46" sl="1094" sc="9" el="1094" ec="9" bec="0" bev="0" fileid="20" />
                <SequencePoint vc="1" uspid="3607" ordinal="0" offset="68" sl="1096" sc="9" el="1096" ec="9" bec="0" bev="0" fileid="20" />
                <SequencePoint vc="1" uspid="3608" ordinal="0" offset="91" sl="1098" sc="9" el="1098" ec="9" bec="0" bev="0" fileid="20" />
                <SequencePoint vc="1" uspid="3609" ordinal="0" offset="109" sl="1099" sc="5" el="1099" ec="5" bec="0" bev="0" fileid="20" />
              </SequencePoints>
              <BranchPoints />
            </Method>
          </Methods>
        </Class>
        <Class>
          <Summary numSequencePoints="6" visitedSequencePoints="6" numBranchPoints="0" visitedBranchPoints="0" sequenceCoverage="100.0" branchCoverage="0.0" maxCyclomaticComplexity="0" minCyclomaticComplexity="0" maxCrapScore="0" minCrapScore="0" visitedClasses="1" numClasses="1" visitedMethods="1" numMethods="1" />
          <FullName>AmbientSoundManagerTests/&lt;Test_RandomAmbience&gt;d__4</FullName>
          <Methods>
            <Method visited="true" cyclomaticComplexity="0" nPathComplexity="0" sequenceCoverage="100.0" branchCoverage="0" crapScore="0" isConstructor="false" isStatic="false" isGetter="false" isSetter="false">
              <Summary numSequencePoints="6" visitedSequencePoints="6" numBranchPoints="0" visitedBranchPoints="0" sequenceCoverage="100.0" branchCoverage="0" maxCyclomaticComplexity="0" minCyclomaticComplexity="0" maxCrapScore="0" minCrapScore="0" visitedClasses="0" numClasses="0" visitedMethods="1" numMethods="1" />
              <MetadataToken>100663400</MetadataToken>
              <Name>System.Boolean AmbientSoundManagerTests/&lt;Test_RandomAmbience&gt;d__4::MoveNext()</Name>
              <FileRef uid="20" />
              <SequencePoints>
                <SequencePoint vc="1" uspid="3610" ordinal="0" offset="31" sl="43" sc="5" el="43" ec="5" bec="0" bev="0" fileid="20" />
                <SequencePoint vc="1" uspid="3611" ordinal="0" offset="32" sl="44" sc="9" el="44" ec="9" bec="0" bev="0" fileid="20" />
                <SequencePoint vc="1" uspid="3612" ordinal="0" offset="70" sl="46" sc="9" el="46" ec="9" bec="0" bev="0" fileid="20" />
                <SequencePoint vc="1" uspid="3613" ordinal="0" offset="102" sl="48" sc="9" el="48" ec="9" bec="0" bev="0" fileid="20" />
                <SequencePoint vc="1" uspid="3614" ordinal="0" offset="129" sl="50" sc="9" el="50" ec="9" bec="0" bev="0" fileid="20" />
                <SequencePoint vc="1" uspid="3615" ordinal="0" offset="152" sl="51" sc="5" el="51" ec="5" bec="0" bev="0" fileid="20" />
              </SequencePoints>
              <BranchPoints />
            </Method>
          </Methods>
        </Class>
        <Class>
          <Summary numSequencePoints="3" visitedSequencePoints="3" numBranchPoints="0" visitedBranchPoints="0" sequenceCoverage="100.0" branchCoverage="0.0" maxCyclomaticComplexity="0" minCyclomaticComplexity="0" maxCrapScore="0" minCrapScore="0" visitedClasses="1" numClasses="1" visitedMethods="1" numMethods="1" />
          <FullName>LosingScreenManagerTests/FakeFadeManager</FullName>
          <Methods>
            <Method visited="true" cyclomaticComplexity="0" nPathComplexity="0" sequenceCoverage="100.0" branchCoverage="0" crapScore="0" isConstructor="false" isStatic="false" isGetter="false" isSetter="false">
              <Summary numSequencePoints="3" visitedSequencePoints="3" numBranchPoints="0" visitedBranchPoints="0" sequenceCoverage="100.0" branchCoverage="0" maxCyclomaticComplexity="0" minCyclomaticComplexity="0" maxCrapScore="0" minCrapScore="0" visitedClasses="0" numClasses="0" visitedMethods="1" numMethods="1" />
              <MetadataToken>100663404</MetadataToken>
              <Name>System.Void LosingScreenManagerTests/FakeFadeManager::FadeToScene(System.String)</Name>
              <FileRef uid="20" />
              <SequencePoints>
                <SequencePoint vc="1" uspid="3616" ordinal="0" offset="0" sl="354" sc="9" el="354" ec="9" bec="0" bev="0" fileid="20" />
                <SequencePoint vc="1" uspid="3617" ordinal="0" offset="1" sl="355" sc="13" el="355" ec="13" bec="0" bev="0" fileid="20" />
                <SequencePoint vc="1" uspid="3618" ordinal="0" offset="8" sl="356" sc="9" el="356" ec="9" bec="0" bev="0" fileid="20" />
              </SequencePoints>
              <BranchPoints />
            </Method>
          </Methods>
        </Class>
        <Class>
          <Summary numSequencePoints="3" visitedSequencePoints="3" numBranchPoints="0" visitedBranchPoints="0" sequenceCoverage="100.0" branchCoverage="0.0" maxCyclomaticComplexity="0" minCyclomaticComplexity="0" maxCrapScore="0" minCrapScore="0" visitedClasses="1" numClasses="1" visitedMethods="1" numMethods="1" />
          <FullName>StartMenuTests/FakeFade</FullName>
          <Methods>
            <Method visited="true" cyclomaticComplexity="0" nPathComplexity="0" sequenceCoverage="100.0" branchCoverage="0" crapScore="0" isConstructor="false" isStatic="false" isGetter="false" isSetter="false">
              <Summary numSequencePoints="3" visitedSequencePoints="3" numBranchPoints="0" visitedBranchPoints="0" sequenceCoverage="100.0" branchCoverage="0" maxCyclomaticComplexity="0" minCyclomaticComplexity="0" maxCrapScore="0" minCrapScore="0" visitedClasses="0" numClasses="0" visitedMethods="1" numMethods="1" />
              <MetadataToken>100663406</MetadataToken>
              <Name>System.Void StartMenuTests/FakeFade::FadeToScene(System.String)</Name>
              <FileRef uid="20" />
              <SequencePoints>
                <SequencePoint vc="1" uspid="3619" ordinal="0" offset="0" sl="754" sc="9" el="754" ec="9" bec="0" bev="0" fileid="20" />
                <SequencePoint vc="1" uspid="3620" ordinal="0" offset="1" sl="755" sc="13" el="755" ec="13" bec="0" bev="0" fileid="20" />
                <SequencePoint vc="1" uspid="3621" ordinal="0" offset="8" sl="756" sc="9" el="756" ec="9" bec="0" bev="0" fileid="20" />
              </SequencePoints>
              <BranchPoints />
            </Method>
          </Methods>
        </Class>
        <Class>
          <Summary numSequencePoints="6" visitedSequencePoints="6" numBranchPoints="0" visitedBranchPoints="0" sequenceCoverage="100.0" branchCoverage="0.0" maxCyclomaticComplexity="0" minCyclomaticComplexity="0" maxCrapScore="0" minCrapScore="0" visitedClasses="1" numClasses="1" visitedMethods="2" numMethods="2" />
          <FullName>QuestionManagerIntegrationTests/FakeAudioManager</FullName>
          <Methods>
            <Method visited="true" cyclomaticComplexity="0" nPathComplexity="0" sequenceCoverage="100.0" branchCoverage="0" crapScore="0" isConstructor="false" isStatic="false" isGetter="false" isSetter="false">
              <Summary numSequencePoints="3" visitedSequencePoints="3" numBranchPoints="0" visitedBranchPoints="0" sequenceCoverage="100.0" branchCoverage="0" maxCyclomaticComplexity="0" minCyclomaticComplexity="0" maxCrapScore="0" minCrapScore="0" visitedClasses="0" numClasses="0" visitedMethods="1" numMethods="1" />
              <MetadataToken>100663408</MetadataToken>
              <Name>System.Void QuestionManagerIntegrationTests/FakeAudioManager::PlayQuestionSound(UnityEngine.AudioClip)</Name>
              <FileRef uid="20" />
              <SequencePoints>
                <SequencePoint vc="1" uspid="3622" ordinal="0" offset="0" sl="1027" sc="64" el="1027" ec="64" bec="0" bev="0" fileid="20" />
                <SequencePoint vc="1" uspid="3623" ordinal="0" offset="1" sl="1027" sc="66" el="1027" ec="66" bec="0" bev="0" fileid="20" />
                <SequencePoint vc="1" uspid="3624" ordinal="0" offset="15" sl="1027" sc="83" el="1027" ec="83" bec="0" bev="0" fileid="20" />
              </SequencePoints>
              <BranchPoints />
            </Method>
            <Method visited="true" cyclomaticComplexity="0" nPathComplexity="0" sequenceCoverage="100.0" branchCoverage="0" crapScore="0" isConstructor="false" isStatic="false" isGetter="false" isSetter="false">
              <Summary numSequencePoints="3" visitedSequencePoints="3" numBranchPoints="0" visitedBranchPoints="0" sequenceCoverage="100.0" branchCoverage="0" maxCyclomaticComplexity="0" minCyclomaticComplexity="0" maxCrapScore="0" minCrapScore="0" visitedClasses="0" numClasses="0" visitedMethods="1" numMethods="1" />
              <MetadataToken>100663409</MetadataToken>
              <Name>System.Void QuestionManagerIntegrationTests/FakeAudioManager::PlayCursedSound(UnityEngine.AudioClip)</Name>
              <FileRef uid="20" />
              <SequencePoints>
                <SequencePoint vc="1" uspid="3625" ordinal="0" offset="0" sl="1028" sc="62" el="1028" ec="62" bec="0" bev="0" fileid="20" />
                <SequencePoint vc="1" uspid="3626" ordinal="0" offset="1" sl="1028" sc="64" el="1028" ec="64" bec="0" bev="0" fileid="20" />
                <SequencePoint vc="1" uspid="3627" ordinal="0" offset="15" sl="1028" sc="79" el="1028" ec="79" bec="0" bev="0" fileid="20" />
              </SequencePoints>
              <BranchPoints />
            </Method>
          </Methods>
        </Class>
        <Class>
          <Summary numSequencePoints="3" visitedSequencePoints="3" numBranchPoints="0" visitedBranchPoints="0" sequenceCoverage="100.0" branchCoverage="0.0" maxCyclomaticComplexity="0" minCyclomaticComplexity="0" maxCrapScore="0" minCrapScore="0" visitedClasses="1" numClasses="1" visitedMethods="1" numMethods="1" />
          <FullName>QuestionManagerIntegrationTests/FakeSafeReaction</FullName>
          <Methods>
            <Method visited="true" cyclomaticComplexity="0" nPathComplexity="0" sequenceCoverage="100.0" branchCoverage="0" crapScore="0" isConstructor="false" isStatic="false" isGetter="false" isSetter="false">
              <Summary numSequencePoints="3" visitedSequencePoints="3" numBranchPoints="0" visitedBranchPoints="0" sequenceCoverage="100.0" branchCoverage="0" maxCyclomaticComplexity="0" minCyclomaticComplexity="0" maxCrapScore="0" minCrapScore="0" visitedClasses="0" numClasses="0" visitedMethods="1" numMethods="1" />
              <MetadataToken>100663412</MetadataToken>
              <Name>System.Void QuestionManagerIntegrationTests/FakeSafeReaction::DisplayReaction(System.String)</Name>
              <FileRef uid="20" />
              <SequencePoints>
                <SequencePoint vc="1" uspid="3630" ordinal="0" offset="0" sl="1035" sc="58" el="1035" ec="58" bec="0" bev="0" fileid="20" />
                <SequencePoint vc="1" uspid="3631" ordinal="0" offset="1" sl="1035" sc="60" el="1035" ec="60" bec="0" bev="0" fileid="20" />
                <SequencePoint vc="1" uspid="3632" ordinal="0" offset="8" sl="1035" sc="79" el="1035" ec="79" bec="0" bev="0" fileid="20" />
              </SequencePoints>
              <BranchPoints />
            </Method>
          </Methods>
        </Class>
      </Classes>
    </Module>
  </Modules>
</CoverageSession>