<?xml version="1.0" encoding="utf-8"?>
<CoverageSession xmlns:xsd="http://www.w3.org/2001/XMLSchema" xmlns:xsi="http://www.w3.org/2001/XMLSchema-instance" Version="0.0.0.0">
  <Summary numSequencePoints="1816" visitedSequencePoints="0" numBranchPoints="0" visitedBranchPoints="0" sequenceCoverage="0.0" branchCoverage="0.0" maxCyclomaticComplexity="0" minCyclomaticComplexity="0" maxCrapScore="0" minCrapScore="0" visitedClasses="0" numClasses="60" visitedMethods="0" numMethods="241" />
  <Modules>
    <Module>
      <Summary numSequencePoints="1169" visitedSequencePoints="0" numBranchPoints="0" visitedBranchPoints="0" sequenceCoverage="0.0" branchCoverage="0.0" maxCyclomaticComplexity="0" minCyclomaticComplexity="0" maxCrapScore="0" minCrapScore="0" visitedClasses="0" numClasses="38" visitedMethods="0" numMethods="153" />
      <ModuleTime>0001-01-01T00:00:00</ModuleTime>
      <ModuleName>GameCode</ModuleName>
      <Files>
        <File uid="1" fullPath="C:/Users/ethan/My project/Assets/TextMesh Pro/Scripts/AmbientSoundManager.cs" />
        <File uid="2" fullPath="C:/Users/ethan/My project/Assets/TextMesh Pro/Scripts/AudioManager.cs" />
        <File uid="3" fullPath="C:/Users/ethan/My project/Assets/TextMesh Pro/Scripts/BackgroundSoundManager.cs" />
        <File uid="4" fullPath="C:/Users/ethan/My project/Assets/TextMesh Pro/Scripts/ClipboardManager.cs" />
        <File uid="5" fullPath="C:/Users/ethan/My project/Assets/TextMesh Pro/Scripts/CursedQuestions.cs" />
        <File uid="6" fullPath="C:/Users/ethan/My project/Assets/TextMesh Pro/Scripts/CutsceneManager.cs" />
        <File uid="7" fullPath="C:/Users/ethan/My project/Assets/TextMesh Pro/Scripts/FadeManager.cs" />
        <File uid="8" fullPath="C:/Users/ethan/My project/Assets/TextMesh Pro/Scripts/heartbeatManager.cs" />
        <File uid="9" fullPath="C:/Users/ethan/My project/Assets/TextMesh Pro/Scripts/HeartManager.cs" />
        <File uid="10" fullPath="C:/Users/ethan/My project/Assets/TextMesh Pro/Scripts/LosingScreenManager.cs" />
        <File uid="11" fullPath="C:/Users/ethan/My project/Assets/TextMesh Pro/Scripts/NumberButtonManager.cs" />
        <File uid="12" fullPath="C:/Users/ethan/My project/Assets/TextMesh Pro/Scripts/NumberScroller.cs" />
        <File uid="13" fullPath="C:/Users/ethan/My project/Assets/TextMesh Pro/Scripts/QuestionManager.cs" />
        <File uid="14" fullPath="C:/Users/ethan/My project/Assets/TextMesh Pro/Scripts/SafeReactions.cs" />
        <File uid="15" fullPath="C:/Users/ethan/My project/Assets/TextMesh Pro/Scripts/SafeShaker.cs" />
        <File uid="16" fullPath="C:/Users/ethan/My project/Assets/TextMesh Pro/Scripts/SoundControl.cs" />
        <File uid="17" fullPath="C:/Users/ethan/My project/Assets/TextMesh Pro/Scripts/StartMenu.cs" />
        <File uid="18" fullPath="C:/Users/ethan/My project/Assets/TextMesh Pro/Scripts/WinScreenManager.cs" />
      </Files>
      <Classes>
        <Class>
          <Summary numSequencePoints="9" visitedSequencePoints="0" numBranchPoints="0" visitedBranchPoints="0" sequenceCoverage="0.0" branchCoverage="0.0" maxCyclomaticComplexity="0" minCyclomaticComplexity="0" maxCrapScore="0" minCrapScore="0" visitedClasses="0" numClasses="1" visitedMethods="0" numMethods="2" />
          <FullName>AmbientSoundManager</FullName>
          <Methods>
            <Method visited="false" cyclomaticComplexity="0" nPathComplexity="0" sequenceCoverage="0.0" branchCoverage="0" crapScore="0" isConstructor="false" isStatic="false" isGetter="false" isSetter="false">
              <Summary numSequencePoints="7" visitedSequencePoints="0" numBranchPoints="0" visitedBranchPoints="0" sequenceCoverage="0.0" branchCoverage="0" maxCyclomaticComplexity="0" minCyclomaticComplexity="0" maxCrapScore="0" minCrapScore="0" visitedClasses="0" numClasses="0" visitedMethods="0" numMethods="1" />
              <MetadataToken>100663297</MetadataToken>
              <Name>System.Void AmbientSoundManager::Start()</Name>
              <FileRef uid="1" />
              <SequencePoints>
                <SequencePoint vc="0" uspid="1" ordinal="0" offset="0" sl="13" sc="0" el="13" ec="0" bec="0" bev="0" fileid="1" />
                <SequencePoint vc="0" uspid="2" ordinal="0" offset="1" sl="14" sc="0" el="14" ec="0" bec="0" bev="0" fileid="1" />
                <SequencePoint vc="0" uspid="3" ordinal="0" offset="17" sl="15" sc="0" el="15" ec="0" bec="0" bev="0" fileid="1" />
                <SequencePoint vc="0" uspid="4" ordinal="0" offset="18" sl="16" sc="0" el="16" ec="0" bec="0" bev="0" fileid="1" />
                <SequencePoint vc="0" uspid="5" ordinal="0" offset="30" sl="17" sc="0" el="17" ec="0" bec="0" bev="0" fileid="1" />
                <SequencePoint vc="0" uspid="6" ordinal="0" offset="31" sl="19" sc="0" el="19" ec="0" bec="0" bev="0" fileid="1" />
                <SequencePoint vc="0" uspid="7" ordinal="0" offset="44" sl="20" sc="0" el="20" ec="0" bec="0" bev="0" fileid="1" />
              </SequencePoints>
              <BranchPoints />
            </Method>
            <Method visited="false" cyclomaticComplexity="0" nPathComplexity="0" sequenceCoverage="0.0" branchCoverage="0" crapScore="0" isConstructor="true" isStatic="false" isGetter="false" isSetter="false">
              <Summary numSequencePoints="2" visitedSequencePoints="0" numBranchPoints="0" visitedBranchPoints="0" sequenceCoverage="0.0" branchCoverage="0" maxCyclomaticComplexity="0" minCyclomaticComplexity="0" maxCrapScore="0" minCrapScore="0" visitedClasses="0" numClasses="0" visitedMethods="0" numMethods="1" />
              <MetadataToken>100663299</MetadataToken>
              <Name>AmbientSoundManager::AmbientSoundManager()</Name>
              <FileRef uid="1" />
              <SequencePoints>
                <SequencePoint vc="0" uspid="8" ordinal="0" offset="0" sl="9" sc="0" el="9" ec="0" bec="0" bev="0" fileid="1" />
                <SequencePoint vc="0" uspid="9" ordinal="0" offset="11" sl="10" sc="0" el="10" ec="0" bec="0" bev="0" fileid="1" />
              </SequencePoints>
              <BranchPoints />
            </Method>
          </Methods>
        </Class>
        <Class>
          <Summary numSequencePoints="70" visitedSequencePoints="0" numBranchPoints="0" visitedBranchPoints="0" sequenceCoverage="0.0" branchCoverage="0.0" maxCyclomaticComplexity="0" minCyclomaticComplexity="0" maxCrapScore="0" minCrapScore="0" visitedClasses="0" numClasses="1" visitedMethods="0" numMethods="8" />
          <FullName>AudioManager</FullName>
          <Methods>
            <Method visited="false" cyclomaticComplexity="0" nPathComplexity="0" sequenceCoverage="0.0" branchCoverage="0" crapScore="0" isConstructor="false" isStatic="false" isGetter="false" isSetter="false">
              <Summary numSequencePoints="17" visitedSequencePoints="0" numBranchPoints="0" visitedBranchPoints="0" sequenceCoverage="0.0" branchCoverage="0" maxCyclomaticComplexity="0" minCyclomaticComplexity="0" maxCrapScore="0" minCrapScore="0" visitedClasses="0" numClasses="0" visitedMethods="0" numMethods="1" />
              <MetadataToken>100663300</MetadataToken>
              <Name>System.Void AudioManager::Awake()</Name>
              <FileRef uid="2" />
              <SequencePoints>
                <SequencePoint vc="0" uspid="10" ordinal="0" offset="0" sl="11" sc="0" el="11" ec="0" bec="0" bev="0" fileid="2" />
                <SequencePoint vc="0" uspid="11" ordinal="0" offset="1" sl="12" sc="0" el="12" ec="0" bec="0" bev="0" fileid="2" />
                <SequencePoint vc="0" uspid="12" ordinal="0" offset="16" sl="13" sc="0" el="13" ec="0" bec="0" bev="0" fileid="2" />
                <SequencePoint vc="0" uspid="13" ordinal="0" offset="17" sl="14" sc="0" el="14" ec="0" bec="0" bev="0" fileid="2" />
                <SequencePoint vc="0" uspid="14" ordinal="0" offset="23" sl="15" sc="0" el="15" ec="0" bec="0" bev="0" fileid="2" />
                <SequencePoint vc="0" uspid="15" ordinal="0" offset="35" sl="16" sc="0" el="16" ec="0" bec="0" bev="0" fileid="2" />
                <SequencePoint vc="0" uspid="16" ordinal="0" offset="38" sl="18" sc="0" el="18" ec="0" bec="0" bev="0" fileid="2" />
                <SequencePoint vc="0" uspid="17" ordinal="0" offset="39" sl="19" sc="0" el="19" ec="0" bec="0" bev="0" fileid="2" />
                <SequencePoint vc="0" uspid="18" ordinal="0" offset="51" sl="20" sc="0" el="20" ec="0" bec="0" bev="0" fileid="2" />
                <SequencePoint vc="0" uspid="19" ordinal="0" offset="53" sl="23" sc="0" el="23" ec="0" bec="0" bev="0" fileid="2" />
                <SequencePoint vc="0" uspid="20" ordinal="0" offset="65" sl="25" sc="0" el="25" ec="0" bec="0" bev="0" fileid="2" />
                <SequencePoint vc="0" uspid="21" ordinal="0" offset="81" sl="26" sc="0" el="26" ec="0" bec="0" bev="0" fileid="2" />
                <SequencePoint vc="0" uspid="22" ordinal="0" offset="82" sl="27" sc="0" el="27" ec="0" bec="0" bev="0" fileid="2" />
                <SequencePoint vc="0" uspid="23" ordinal="0" offset="99" sl="28" sc="0" el="28" ec="0" bec="0" bev="0" fileid="2" />
                <SequencePoint vc="0" uspid="24" ordinal="0" offset="100" sl="30" sc="0" el="30" ec="0" bec="0" bev="0" fileid="2" />
                <SequencePoint vc="0" uspid="25" ordinal="0" offset="113" sl="31" sc="0" el="31" ec="0" bec="0" bev="0" fileid="2" />
                <SequencePoint vc="0" uspid="26" ordinal="0" offset="126" sl="32" sc="0" el="32" ec="0" bec="0" bev="0" fileid="2" />
              </SequencePoints>
              <BranchPoints />
            </Method>
            <Method visited="false" cyclomaticComplexity="0" nPathComplexity="0" sequenceCoverage="0.0" branchCoverage="0" crapScore="0" isConstructor="false" isStatic="false" isGetter="false" isSetter="false">
              <Summary numSequencePoints="10" visitedSequencePoints="0" numBranchPoints="0" visitedBranchPoints="0" sequenceCoverage="0.0" branchCoverage="0" maxCyclomaticComplexity="0" minCyclomaticComplexity="0" maxCrapScore="0" minCrapScore="0" visitedClasses="0" numClasses="0" visitedMethods="0" numMethods="1" />
              <MetadataToken>100663301</MetadataToken>
              <Name>System.Void AudioManager::PlayCursedSound(UnityEngine.AudioClip)</Name>
              <FileRef uid="2" />
              <SequencePoints>
                <SequencePoint vc="0" uspid="27" ordinal="0" offset="0" sl="35" sc="0" el="35" ec="0" bec="0" bev="0" fileid="2" />
                <SequencePoint vc="0" uspid="28" ordinal="0" offset="1" sl="36" sc="0" el="36" ec="0" bec="0" bev="0" fileid="2" />
                <SequencePoint vc="0" uspid="29" ordinal="0" offset="12" sl="36" sc="0" el="36" ec="0" bec="0" bev="0" fileid="2" />
                <SequencePoint vc="0" uspid="30" ordinal="0" offset="14" sl="38" sc="0" el="38" ec="0" bec="0" bev="0" fileid="2" />
                <SequencePoint vc="0" uspid="31" ordinal="0" offset="25" sl="41" sc="0" el="41" ec="0" bec="0" bev="0" fileid="2" />
                <SequencePoint vc="0" uspid="32" ordinal="0" offset="37" sl="42" sc="0" el="42" ec="0" bec="0" bev="0" fileid="2" />
                <SequencePoint vc="0" uspid="33" ordinal="0" offset="50" sl="43" sc="0" el="43" ec="0" bec="0" bev="0" fileid="2" />
                <SequencePoint vc="0" uspid="34" ordinal="0" offset="62" sl="44" sc="0" el="44" ec="0" bec="0" bev="0" fileid="2" />
                <SequencePoint vc="0" uspid="35" ordinal="0" offset="69" sl="46" sc="0" el="46" ec="0" bec="0" bev="0" fileid="2" />
                <SequencePoint vc="0" uspid="36" ordinal="0" offset="91" sl="47" sc="0" el="47" ec="0" bec="0" bev="0" fileid="2" />
              </SequencePoints>
              <BranchPoints />
            </Method>
            <Method visited="false" cyclomaticComplexity="0" nPathComplexity="0" sequenceCoverage="0.0" branchCoverage="0" crapScore="0" isConstructor="false" isStatic="false" isGetter="false" isSetter="false">
              <Summary numSequencePoints="11" visitedSequencePoints="0" numBranchPoints="0" visitedBranchPoints="0" sequenceCoverage="0.0" branchCoverage="0" maxCyclomaticComplexity="0" minCyclomaticComplexity="0" maxCrapScore="0" minCrapScore="0" visitedClasses="0" numClasses="0" visitedMethods="0" numMethods="1" />
              <MetadataToken>100663302</MetadataToken>
              <Name>System.Void AudioManager::PlayMissedQuestionSound(UnityEngine.AudioClip)</Name>
              <FileRef uid="2" />
              <SequencePoints>
                <SequencePoint vc="0" uspid="37" ordinal="0" offset="0" sl="50" sc="0" el="50" ec="0" bec="0" bev="0" fileid="2" />
                <SequencePoint vc="0" uspid="38" ordinal="0" offset="1" sl="51" sc="0" el="51" ec="0" bec="0" bev="0" fileid="2" />
                <SequencePoint vc="0" uspid="39" ordinal="0" offset="23" sl="51" sc="0" el="51" ec="0" bec="0" bev="0" fileid="2" />
                <SequencePoint vc="0" uspid="40" ordinal="0" offset="25" sl="53" sc="0" el="53" ec="0" bec="0" bev="0" fileid="2" />
                <SequencePoint vc="0" uspid="41" ordinal="0" offset="36" sl="55" sc="0" el="55" ec="0" bec="0" bev="0" fileid="2" />
                <SequencePoint vc="0" uspid="42" ordinal="0" offset="54" sl="56" sc="0" el="56" ec="0" bec="0" bev="0" fileid="2" />
                <SequencePoint vc="0" uspid="43" ordinal="0" offset="55" sl="57" sc="0" el="57" ec="0" bec="0" bev="0" fileid="2" />
                <SequencePoint vc="0" uspid="44" ordinal="0" offset="68" sl="58" sc="0" el="58" ec="0" bec="0" bev="0" fileid="2" />
                <SequencePoint vc="0" uspid="45" ordinal="0" offset="80" sl="59" sc="0" el="59" ec="0" bec="0" bev="0" fileid="2" />
                <SequencePoint vc="0" uspid="46" ordinal="0" offset="81" sl="61" sc="0" el="61" ec="0" bec="0" bev="0" fileid="2" />
                <SequencePoint vc="0" uspid="47" ordinal="0" offset="103" sl="62" sc="0" el="62" ec="0" bec="0" bev="0" fileid="2" />
              </SequencePoints>
              <BranchPoints />
            </Method>
            <Method visited="false" cyclomaticComplexity="0" nPathComplexity="0" sequenceCoverage="0.0" branchCoverage="0" crapScore="0" isConstructor="false" isStatic="false" isGetter="false" isSetter="false">
              <Summary numSequencePoints="8" visitedSequencePoints="0" numBranchPoints="0" visitedBranchPoints="0" sequenceCoverage="0.0" branchCoverage="0" maxCyclomaticComplexity="0" minCyclomaticComplexity="0" maxCrapScore="0" minCrapScore="0" visitedClasses="0" numClasses="0" visitedMethods="0" numMethods="1" />
              <MetadataToken>100663303</MetadataToken>
              <Name>System.Void AudioManager::PlayCorrectSound(UnityEngine.AudioClip)</Name>
              <FileRef uid="2" />
              <SequencePoints>
                <SequencePoint vc="0" uspid="48" ordinal="0" offset="0" sl="65" sc="0" el="65" ec="0" bec="0" bev="0" fileid="2" />
                <SequencePoint vc="0" uspid="49" ordinal="0" offset="1" sl="66" sc="0" el="66" ec="0" bec="0" bev="0" fileid="2" />
                <SequencePoint vc="0" uspid="50" ordinal="0" offset="12" sl="67" sc="0" el="67" ec="0" bec="0" bev="0" fileid="2" />
                <SequencePoint vc="0" uspid="51" ordinal="0" offset="30" sl="68" sc="0" el="68" ec="0" bec="0" bev="0" fileid="2" />
                <SequencePoint vc="0" uspid="52" ordinal="0" offset="31" sl="69" sc="0" el="69" ec="0" bec="0" bev="0" fileid="2" />
                <SequencePoint vc="0" uspid="53" ordinal="0" offset="44" sl="70" sc="0" el="70" ec="0" bec="0" bev="0" fileid="2" />
                <SequencePoint vc="0" uspid="54" ordinal="0" offset="56" sl="71" sc="0" el="71" ec="0" bec="0" bev="0" fileid="2" />
                <SequencePoint vc="0" uspid="55" ordinal="0" offset="57" sl="73" sc="0" el="73" ec="0" bec="0" bev="0" fileid="2" />
              </SequencePoints>
              <BranchPoints />
            </Method>
            <Method visited="false" cyclomaticComplexity="0" nPathComplexity="0" sequenceCoverage="0.0" branchCoverage="0" crapScore="0" isConstructor="false" isStatic="false" isGetter="false" isSetter="false">
              <Summary numSequencePoints="8" visitedSequencePoints="0" numBranchPoints="0" visitedBranchPoints="0" sequenceCoverage="0.0" branchCoverage="0" maxCyclomaticComplexity="0" minCyclomaticComplexity="0" maxCrapScore="0" minCrapScore="0" visitedClasses="0" numClasses="0" visitedMethods="0" numMethods="1" />
              <MetadataToken>100663304</MetadataToken>
              <Name>System.Void AudioManager::PlayQuestionSound(UnityEngine.AudioClip)</Name>
              <FileRef uid="2" />
              <SequencePoints>
                <SequencePoint vc="0" uspid="56" ordinal="0" offset="0" sl="76" sc="0" el="76" ec="0" bec="0" bev="0" fileid="2" />
                <SequencePoint vc="0" uspid="57" ordinal="0" offset="1" sl="77" sc="0" el="77" ec="0" bec="0" bev="0" fileid="2" />
                <SequencePoint vc="0" uspid="58" ordinal="0" offset="12" sl="78" sc="0" el="78" ec="0" bec="0" bev="0" fileid="2" />
                <SequencePoint vc="0" uspid="59" ordinal="0" offset="30" sl="79" sc="0" el="79" ec="0" bec="0" bev="0" fileid="2" />
                <SequencePoint vc="0" uspid="60" ordinal="0" offset="31" sl="80" sc="0" el="80" ec="0" bec="0" bev="0" fileid="2" />
                <SequencePoint vc="0" uspid="61" ordinal="0" offset="44" sl="81" sc="0" el="81" ec="0" bec="0" bev="0" fileid="2" />
                <SequencePoint vc="0" uspid="62" ordinal="0" offset="56" sl="82" sc="0" el="82" ec="0" bec="0" bev="0" fileid="2" />
                <SequencePoint vc="0" uspid="63" ordinal="0" offset="57" sl="84" sc="0" el="84" ec="0" bec="0" bev="0" fileid="2" />
              </SequencePoints>
              <BranchPoints />
            </Method>
            <Method visited="false" cyclomaticComplexity="0" nPathComplexity="0" sequenceCoverage="0.0" branchCoverage="0" crapScore="0" isConstructor="false" isStatic="false" isGetter="false" isSetter="false">
              <Summary numSequencePoints="7" visitedSequencePoints="0" numBranchPoints="0" visitedBranchPoints="0" sequenceCoverage="0.0" branchCoverage="0" maxCyclomaticComplexity="0" minCyclomaticComplexity="0" maxCrapScore="0" minCrapScore="0" visitedClasses="0" numClasses="0" visitedMethods="0" numMethods="1" />
              <MetadataToken>100663305</MetadataToken>
              <Name>System.Void AudioManager::PlayKnockSound(UnityEngine.AudioClip)</Name>
              <FileRef uid="2" />
              <SequencePoints>
                <SequencePoint vc="0" uspid="64" ordinal="0" offset="0" sl="87" sc="0" el="87" ec="0" bec="0" bev="0" fileid="2" />
                <SequencePoint vc="0" uspid="65" ordinal="0" offset="1" sl="88" sc="0" el="88" ec="0" bec="0" bev="0" fileid="2" />
                <SequencePoint vc="0" uspid="66" ordinal="0" offset="29" sl="89" sc="0" el="89" ec="0" bec="0" bev="0" fileid="2" />
                <SequencePoint vc="0" uspid="67" ordinal="0" offset="30" sl="90" sc="0" el="90" ec="0" bec="0" bev="0" fileid="2" />
                <SequencePoint vc="0" uspid="68" ordinal="0" offset="42" sl="91" sc="0" el="91" ec="0" bec="0" bev="0" fileid="2" />
                <SequencePoint vc="0" uspid="69" ordinal="0" offset="55" sl="92" sc="0" el="92" ec="0" bec="0" bev="0" fileid="2" />
                <SequencePoint vc="0" uspid="70" ordinal="0" offset="56" sl="93" sc="0" el="93" ec="0" bec="0" bev="0" fileid="2" />
              </SequencePoints>
              <BranchPoints />
            </Method>
            <Method visited="false" cyclomaticComplexity="0" nPathComplexity="0" sequenceCoverage="0.0" branchCoverage="0" crapScore="0" isConstructor="false" isStatic="false" isGetter="false" isSetter="false">
              <Summary numSequencePoints="8" visitedSequencePoints="0" numBranchPoints="0" visitedBranchPoints="0" sequenceCoverage="0.0" branchCoverage="0" maxCyclomaticComplexity="0" minCyclomaticComplexity="0" maxCrapScore="0" minCrapScore="0" visitedClasses="0" numClasses="0" visitedMethods="0" numMethods="1" />
              <MetadataToken>100663306</MetadataToken>
              <Name>System.Void AudioManager::StopCursedSound()</Name>
              <FileRef uid="2" />
              <SequencePoints>
                <SequencePoint vc="0" uspid="71" ordinal="0" offset="0" sl="96" sc="0" el="96" ec="0" bec="0" bev="0" fileid="2" />
                <SequencePoint vc="0" uspid="72" ordinal="0" offset="1" sl="97" sc="0" el="97" ec="0" bec="0" bev="0" fileid="2" />
                <SequencePoint vc="0" uspid="73" ordinal="0" offset="11" sl="98" sc="0" el="98" ec="0" bec="0" bev="0" fileid="2" />
                <SequencePoint vc="0" uspid="74" ordinal="0" offset="12" sl="99" sc="0" el="99" ec="0" bec="0" bev="0" fileid="2" />
                <SequencePoint vc="0" uspid="75" ordinal="0" offset="23" sl="100" sc="0" el="100" ec="0" bec="0" bev="0" fileid="2" />
                <SequencePoint vc="0" uspid="76" ordinal="0" offset="35" sl="101" sc="0" el="101" ec="0" bec="0" bev="0" fileid="2" />
                <SequencePoint vc="0" uspid="77" ordinal="0" offset="42" sl="102" sc="0" el="102" ec="0" bec="0" bev="0" fileid="2" />
                <SequencePoint vc="0" uspid="78" ordinal="0" offset="43" sl="103" sc="0" el="103" ec="0" bec="0" bev="0" fileid="2" />
              </SequencePoints>
              <BranchPoints />
            </Method>
            <Method visited="false" cyclomaticComplexity="0" nPathComplexity="0" sequenceCoverage="0.0" branchCoverage="0" crapScore="0" isConstructor="true" isStatic="false" isGetter="false" isSetter="false">
              <Summary numSequencePoints="1" visitedSequencePoints="0" numBranchPoints="0" visitedBranchPoints="0" sequenceCoverage="0.0" branchCoverage="0" maxCyclomaticComplexity="0" minCyclomaticComplexity="0" maxCrapScore="0" minCrapScore="0" visitedClasses="0" numClasses="0" visitedMethods="0" numMethods="1" />
              <MetadataToken>100663307</MetadataToken>
              <Name>AudioManager::AudioManager()</Name>
              <FileRef uid="2" />
              <SequencePoints>
                <SequencePoint vc="0" uspid="79" ordinal="0" offset="0" sl="8" sc="0" el="8" ec="0" bec="0" bev="0" fileid="2" />
              </SequencePoints>
              <BranchPoints />
            </Method>
          </Methods>
        </Class>
        <Class>
          <Summary numSequencePoints="23" visitedSequencePoints="0" numBranchPoints="0" visitedBranchPoints="0" sequenceCoverage="0.0" branchCoverage="0.0" maxCyclomaticComplexity="0" minCyclomaticComplexity="0" maxCrapScore="0" minCrapScore="0" visitedClasses="0" numClasses="1" visitedMethods="0" numMethods="2" />
          <FullName>BackgroundMusicManager</FullName>
          <Methods>
            <Method visited="false" cyclomaticComplexity="0" nPathComplexity="0" sequenceCoverage="0.0" branchCoverage="0" crapScore="0" isConstructor="false" isStatic="false" isGetter="false" isSetter="false">
              <Summary numSequencePoints="17" visitedSequencePoints="0" numBranchPoints="0" visitedBranchPoints="0" sequenceCoverage="0.0" branchCoverage="0" maxCyclomaticComplexity="0" minCyclomaticComplexity="0" maxCrapScore="0" minCrapScore="0" visitedClasses="0" numClasses="0" visitedMethods="0" numMethods="1" />
              <MetadataToken>100663308</MetadataToken>
              <Name>System.Void BackgroundMusicManager::Awake()</Name>
              <FileRef uid="3" />
              <SequencePoints>
                <SequencePoint vc="0" uspid="80" ordinal="0" offset="0" sl="9" sc="0" el="9" ec="0" bec="0" bev="0" fileid="3" />
                <SequencePoint vc="0" uspid="81" ordinal="0" offset="1" sl="10" sc="0" el="10" ec="0" bec="0" bev="0" fileid="3" />
                <SequencePoint vc="0" uspid="82" ordinal="0" offset="32" sl="11" sc="0" el="11" ec="0" bec="0" bev="0" fileid="3" />
                <SequencePoint vc="0" uspid="83" ordinal="0" offset="33" sl="12" sc="0" el="12" ec="0" bec="0" bev="0" fileid="3" />
                <SequencePoint vc="0" uspid="84" ordinal="0" offset="45" sl="13" sc="0" el="13" ec="0" bec="0" bev="0" fileid="3" />
                <SequencePoint vc="0" uspid="85" ordinal="0" offset="47" sl="16" sc="0" el="16" ec="0" bec="0" bev="0" fileid="3" />
                <SequencePoint vc="0" uspid="86" ordinal="0" offset="53" sl="17" sc="0" el="17" ec="0" bec="0" bev="0" fileid="3" />
                <SequencePoint vc="0" uspid="87" ordinal="0" offset="65" sl="19" sc="0" el="19" ec="0" bec="0" bev="0" fileid="3" />
                <SequencePoint vc="0" uspid="88" ordinal="0" offset="77" sl="21" sc="0" el="21" ec="0" bec="0" bev="0" fileid="3" />
                <SequencePoint vc="0" uspid="89" ordinal="0" offset="93" sl="22" sc="0" el="22" ec="0" bec="0" bev="0" fileid="3" />
                <SequencePoint vc="0" uspid="90" ordinal="0" offset="94" sl="23" sc="0" el="23" ec="0" bec="0" bev="0" fileid="3" />
                <SequencePoint vc="0" uspid="91" ordinal="0" offset="105" sl="24" sc="0" el="24" ec="0" bec="0" bev="0" fileid="3" />
                <SequencePoint vc="0" uspid="92" ordinal="0" offset="107" sl="27" sc="0" el="27" ec="0" bec="0" bev="0" fileid="3" />
                <SequencePoint vc="0" uspid="93" ordinal="0" offset="125" sl="28" sc="0" el="28" ec="0" bec="0" bev="0" fileid="3" />
                <SequencePoint vc="0" uspid="94" ordinal="0" offset="126" sl="29" sc="0" el="29" ec="0" bec="0" bev="0" fileid="3" />
                <SequencePoint vc="0" uspid="95" ordinal="0" offset="138" sl="30" sc="0" el="30" ec="0" bec="0" bev="0" fileid="3" />
                <SequencePoint vc="0" uspid="96" ordinal="0" offset="139" sl="33" sc="0" el="33" ec="0" bec="0" bev="0" fileid="3" />
              </SequencePoints>
              <BranchPoints />
            </Method>
            <Method visited="false" cyclomaticComplexity="0" nPathComplexity="0" sequenceCoverage="0.0" branchCoverage="0" crapScore="0" isConstructor="false" isStatic="false" isGetter="false" isSetter="false">
              <Summary numSequencePoints="6" visitedSequencePoints="0" numBranchPoints="0" visitedBranchPoints="0" sequenceCoverage="0.0" branchCoverage="0" maxCyclomaticComplexity="0" minCyclomaticComplexity="0" maxCrapScore="0" minCrapScore="0" visitedClasses="0" numClasses="0" visitedMethods="0" numMethods="1" />
              <MetadataToken>100663309</MetadataToken>
              <Name>System.Void BackgroundMusicManager::StopMusic()</Name>
              <FileRef uid="3" />
              <SequencePoints>
                <SequencePoint vc="0" uspid="97" ordinal="0" offset="0" sl="36" sc="0" el="36" ec="0" bec="0" bev="0" fileid="3" />
                <SequencePoint vc="0" uspid="98" ordinal="0" offset="1" sl="37" sc="0" el="37" ec="0" bec="0" bev="0" fileid="3" />
                <SequencePoint vc="0" uspid="99" ordinal="0" offset="33" sl="38" sc="0" el="38" ec="0" bec="0" bev="0" fileid="3" />
                <SequencePoint vc="0" uspid="100" ordinal="0" offset="34" sl="39" sc="0" el="39" ec="0" bec="0" bev="0" fileid="3" />
                <SequencePoint vc="0" uspid="101" ordinal="0" offset="46" sl="40" sc="0" el="40" ec="0" bec="0" bev="0" fileid="3" />
                <SequencePoint vc="0" uspid="102" ordinal="0" offset="47" sl="41" sc="0" el="41" ec="0" bec="0" bev="0" fileid="3" />
              </SequencePoints>
              <BranchPoints />
            </Method>
          </Methods>
        </Class>
        <Class>
          <Summary numSequencePoints="58" visitedSequencePoints="0" numBranchPoints="0" visitedBranchPoints="0" sequenceCoverage="0.0" branchCoverage="0.0" maxCyclomaticComplexity="0" minCyclomaticComplexity="0" maxCrapScore="0" minCrapScore="0" visitedClasses="0" numClasses="1" visitedMethods="0" numMethods="5" />
          <FullName>ClipboardManager</FullName>
          <Methods>
            <Method visited="false" cyclomaticComplexity="0" nPathComplexity="0" sequenceCoverage="0.0" branchCoverage="0" crapScore="0" isConstructor="false" isStatic="false" isGetter="false" isSetter="false">
              <Summary numSequencePoints="5" visitedSequencePoints="0" numBranchPoints="0" visitedBranchPoints="0" sequenceCoverage="0.0" branchCoverage="0" maxCyclomaticComplexity="0" minCyclomaticComplexity="0" maxCrapScore="0" minCrapScore="0" visitedClasses="0" numClasses="0" visitedMethods="0" numMethods="1" />
              <MetadataToken>100663311</MetadataToken>
              <Name>System.Void ClipboardManager::Start()</Name>
              <FileRef uid="4" />
              <SequencePoints>
                <SequencePoint vc="0" uspid="103" ordinal="0" offset="0" sl="21" sc="0" el="21" ec="0" bec="0" bev="0" fileid="4" />
                <SequencePoint vc="0" uspid="104" ordinal="0" offset="1" sl="22" sc="0" el="22" ec="0" bec="0" bev="0" fileid="4" />
                <SequencePoint vc="0" uspid="105" ordinal="0" offset="14" sl="23" sc="0" el="23" ec="0" bec="0" bev="0" fileid="4" />
                <SequencePoint vc="0" uspid="106" ordinal="0" offset="21" sl="24" sc="0" el="24" ec="0" bec="0" bev="0" fileid="4" />
                <SequencePoint vc="0" uspid="107" ordinal="0" offset="34" sl="25" sc="0" el="25" ec="0" bec="0" bev="0" fileid="4" />
              </SequencePoints>
              <BranchPoints />
            </Method>
            <Method visited="false" cyclomaticComplexity="0" nPathComplexity="0" sequenceCoverage="0.0" branchCoverage="0" crapScore="0" isConstructor="false" isStatic="false" isGetter="false" isSetter="false">
              <Summary numSequencePoints="4" visitedSequencePoints="0" numBranchPoints="0" visitedBranchPoints="0" sequenceCoverage="0.0" branchCoverage="0" maxCyclomaticComplexity="0" minCyclomaticComplexity="0" maxCrapScore="0" minCrapScore="0" visitedClasses="0" numClasses="0" visitedMethods="0" numMethods="1" />
              <MetadataToken>100663312</MetadataToken>
              <Name>System.Void ClipboardManager::ToggleImage()</Name>
              <FileRef uid="4" />
              <SequencePoints>
                <SequencePoint vc="0" uspid="108" ordinal="0" offset="0" sl="29" sc="0" el="29" ec="0" bec="0" bev="0" fileid="4" />
                <SequencePoint vc="0" uspid="109" ordinal="0" offset="1" sl="30" sc="0" el="30" ec="0" bec="0" bev="0" fileid="4" />
                <SequencePoint vc="0" uspid="110" ordinal="0" offset="16" sl="31" sc="0" el="31" ec="0" bec="0" bev="0" fileid="4" />
                <SequencePoint vc="0" uspid="111" ordinal="0" offset="34" sl="32" sc="0" el="32" ec="0" bec="0" bev="0" fileid="4" />
              </SequencePoints>
              <BranchPoints />
            </Method>
            <Method visited="false" cyclomaticComplexity="0" nPathComplexity="0" sequenceCoverage="0.0" branchCoverage="0" crapScore="0" isConstructor="false" isStatic="false" isGetter="false" isSetter="false">
              <Summary numSequencePoints="22" visitedSequencePoints="0" numBranchPoints="0" visitedBranchPoints="0" sequenceCoverage="0.0" branchCoverage="0" maxCyclomaticComplexity="0" minCyclomaticComplexity="0" maxCrapScore="0" minCrapScore="0" visitedClasses="0" numClasses="0" visitedMethods="0" numMethods="1" />
              <MetadataToken>100663313</MetadataToken>
              <Name>System.Void ClipboardManager::GenerateGrid()</Name>
              <FileRef uid="4" />
              <SequencePoints>
                <SequencePoint vc="0" uspid="112" ordinal="0" offset="0" sl="35" sc="0" el="35" ec="0" bec="0" bev="0" fileid="4" />
                <SequencePoint vc="0" uspid="113" ordinal="0" offset="1" sl="36" sc="0" el="36" ec="0" bec="0" bev="0" fileid="4" />
                <SequencePoint vc="0" uspid="114" ordinal="0" offset="3" sl="37" sc="0" el="37" ec="0" bec="0" bev="0" fileid="4" />
                <SequencePoint vc="0" uspid="115" ordinal="0" offset="11" sl="38" sc="0" el="38" ec="0" bec="0" bev="0" fileid="4" />
                <SequencePoint vc="0" uspid="116" ordinal="0" offset="12" sl="39" sc="0" el="39" ec="0" bec="0" bev="0" fileid="4" />
                <SequencePoint vc="0" uspid="117" ordinal="0" offset="30" sl="40" sc="0" el="40" ec="0" bec="0" bev="0" fileid="4" />
                <SequencePoint vc="0" uspid="118" ordinal="0" offset="37" sl="41" sc="0" el="41" ec="0" bec="0" bev="0" fileid="4" />
                <SequencePoint vc="0" uspid="119" ordinal="0" offset="43" sl="42" sc="0" el="42" ec="0" bec="0" bev="0" fileid="4" />
                <SequencePoint vc="0" uspid="120" ordinal="0" offset="54" sl="44" sc="0" el="44" ec="0" bec="0" bev="0" fileid="4" />
                <SequencePoint vc="0" uspid="121" ordinal="0" offset="64" sl="45" sc="0" el="45" ec="0" bec="0" bev="0" fileid="4" />
                <SequencePoint vc="0" uspid="122" ordinal="0" offset="71" sl="47" sc="0" el="47" ec="0" bec="0" bev="0" fileid="4" />
                <SequencePoint vc="0" uspid="123" ordinal="0" offset="84" sl="49" sc="0" el="49" ec="0" bec="0" bev="0" fileid="4" />
                <SequencePoint vc="0" uspid="124" ordinal="0" offset="104" sl="50" sc="0" el="50" ec="0" bec="0" bev="0" fileid="4" />
                <SequencePoint vc="0" uspid="125" ordinal="0" offset="105" sl="51" sc="0" el="51" ec="0" bec="0" bev="0" fileid="4" />
                <SequencePoint vc="0" uspid="126" ordinal="0" offset="124" sl="52" sc="0" el="52" ec="0" bec="0" bev="0" fileid="4" />
                <SequencePoint vc="0" uspid="127" ordinal="0" offset="133" sl="53" sc="0" el="53" ec="0" bec="0" bev="0" fileid="4" />
                <SequencePoint vc="0" uspid="128" ordinal="0" offset="143" sl="54" sc="0" el="54" ec="0" bec="0" bev="0" fileid="4" />
                <SequencePoint vc="0" uspid="129" ordinal="0" offset="151" sl="55" sc="0" el="55" ec="0" bec="0" bev="0" fileid="4" />
                <SequencePoint vc="0" uspid="130" ordinal="0" offset="152" sl="56" sc="0" el="56" ec="0" bec="0" bev="0" fileid="4" />
                <SequencePoint vc="0" uspid="131" ordinal="0" offset="153" sl="37" sc="0" el="37" ec="0" bec="0" bev="0" fileid="4" />
                <SequencePoint vc="0" uspid="132" ordinal="0" offset="157" sl="37" sc="0" el="37" ec="0" bec="0" bev="0" fileid="4" />
                <SequencePoint vc="0" uspid="133" ordinal="0" offset="174" sl="57" sc="0" el="57" ec="0" bec="0" bev="0" fileid="4" />
              </SequencePoints>
              <BranchPoints />
            </Method>
            <Method visited="false" cyclomaticComplexity="0" nPathComplexity="0" sequenceCoverage="0.0" branchCoverage="0" crapScore="0" isConstructor="false" isStatic="false" isGetter="false" isSetter="false">
              <Summary numSequencePoints="24" visitedSequencePoints="0" numBranchPoints="0" visitedBranchPoints="0" sequenceCoverage="0.0" branchCoverage="0" maxCyclomaticComplexity="0" minCyclomaticComplexity="0" maxCrapScore="0" minCrapScore="0" visitedClasses="0" numClasses="0" visitedMethods="0" numMethods="1" />
              <MetadataToken>100663314</MetadataToken>
              <Name>System.Void ClipboardManager::ToggleLineRed(System.Int32)</Name>
              <FileRef uid="4" />
              <SequencePoints>
                <SequencePoint vc="0" uspid="134" ordinal="0" offset="0" sl="60" sc="0" el="60" ec="0" bec="0" bev="0" fileid="4" />
                <SequencePoint vc="0" uspid="135" ordinal="0" offset="1" sl="61" sc="0" el="61" ec="0" bec="0" bev="0" fileid="4" />
                <SequencePoint vc="0" uspid="136" ordinal="0" offset="10" sl="62" sc="0" el="62" ec="0" bec="0" bev="0" fileid="4" />
                <SequencePoint vc="0" uspid="137" ordinal="0" offset="12" sl="64" sc="0" el="64" ec="0" bec="0" bev="0" fileid="4" />
                <SequencePoint vc="0" uspid="138" ordinal="0" offset="16" sl="65" sc="0" el="65" ec="0" bec="0" bev="0" fileid="4" />
                <SequencePoint vc="0" uspid="139" ordinal="0" offset="17" sl="66" sc="0" el="66" ec="0" bec="0" bev="0" fileid="4" />
                <SequencePoint vc="0" uspid="140" ordinal="0" offset="21" sl="67" sc="0" el="67" ec="0" bec="0" bev="0" fileid="4" />
                <SequencePoint vc="0" uspid="141" ordinal="0" offset="64" sl="68" sc="0" el="68" ec="0" bec="0" bev="0" fileid="4" />
                <SequencePoint vc="0" uspid="142" ordinal="0" offset="65" sl="69" sc="0" el="69" ec="0" bec="0" bev="0" fileid="4" />
                <SequencePoint vc="0" uspid="143" ordinal="0" offset="67" sl="70" sc="0" el="70" ec="0" bec="0" bev="0" fileid="4" />
                <SequencePoint vc="0" uspid="144" ordinal="0" offset="69" sl="72" sc="0" el="72" ec="0" bec="0" bev="0" fileid="4" />
                <SequencePoint vc="0" uspid="145" ordinal="0" offset="70" sl="64" sc="0" el="64" ec="0" bec="0" bev="0" fileid="4" />
                <SequencePoint vc="0" uspid="146" ordinal="0" offset="74" sl="64" sc="0" el="64" ec="0" bec="0" bev="0" fileid="4" />
                <SequencePoint vc="0" uspid="147" ordinal="0" offset="89" sl="74" sc="0" el="74" ec="0" bec="0" bev="0" fileid="4" />
                <SequencePoint vc="0" uspid="148" ordinal="0" offset="94" sl="75" sc="0" el="75" ec="0" bec="0" bev="0" fileid="4" />
                <SequencePoint vc="0" uspid="149" ordinal="0" offset="95" sl="76" sc="0" el="76" ec="0" bec="0" bev="0" fileid="4" />
                <SequencePoint vc="0" uspid="150" ordinal="0" offset="101" sl="77" sc="0" el="77" ec="0" bec="0" bev="0" fileid="4" />
                <SequencePoint vc="0" uspid="151" ordinal="0" offset="122" sl="78" sc="0" el="78" ec="0" bec="0" bev="0" fileid="4" />
                <SequencePoint vc="0" uspid="152" ordinal="0" offset="123" sl="79" sc="0" el="79" ec="0" bec="0" bev="0" fileid="4" />
                <SequencePoint vc="0" uspid="153" ordinal="0" offset="143" sl="80" sc="0" el="80" ec="0" bec="0" bev="0" fileid="4" />
                <SequencePoint vc="0" uspid="154" ordinal="0" offset="144" sl="81" sc="0" el="81" ec="0" bec="0" bev="0" fileid="4" />
                <SequencePoint vc="0" uspid="155" ordinal="0" offset="145" sl="74" sc="0" el="74" ec="0" bec="0" bev="0" fileid="4" />
                <SequencePoint vc="0" uspid="156" ordinal="0" offset="151" sl="74" sc="0" el="74" ec="0" bec="0" bev="0" fileid="4" />
                <SequencePoint vc="0" uspid="157" ordinal="0" offset="167" sl="82" sc="0" el="82" ec="0" bec="0" bev="0" fileid="4" />
              </SequencePoints>
              <BranchPoints />
            </Method>
            <Method visited="false" cyclomaticComplexity="0" nPathComplexity="0" sequenceCoverage="0.0" branchCoverage="0" crapScore="0" isConstructor="true" isStatic="false" isGetter="false" isSetter="false">
              <Summary numSequencePoints="3" visitedSequencePoints="0" numBranchPoints="0" visitedBranchPoints="0" sequenceCoverage="0.0" branchCoverage="0" maxCyclomaticComplexity="0" minCyclomaticComplexity="0" maxCrapScore="0" minCrapScore="0" visitedClasses="0" numClasses="0" visitedMethods="0" numMethods="1" />
              <MetadataToken>100663315</MetadataToken>
              <Name>ClipboardManager::ClipboardManager()</Name>
              <FileRef uid="4" />
              <SequencePoints>
                <SequencePoint vc="0" uspid="158" ordinal="0" offset="0" sl="12" sc="0" el="12" ec="0" bec="0" bev="0" fileid="4" />
                <SequencePoint vc="0" uspid="159" ordinal="0" offset="7" sl="16" sc="0" el="16" ec="0" bec="0" bev="0" fileid="4" />
                <SequencePoint vc="0" uspid="160" ordinal="0" offset="15" sl="18" sc="0" el="18" ec="0" bec="0" bev="0" fileid="4" />
              </SequencePoints>
              <BranchPoints />
            </Method>
          </Methods>
        </Class>
        <Class>
          <Summary numSequencePoints="2" visitedSequencePoints="0" numBranchPoints="0" visitedBranchPoints="0" sequenceCoverage="0.0" branchCoverage="0.0" maxCyclomaticComplexity="0" minCyclomaticComplexity="0" maxCrapScore="0" minCrapScore="0" visitedClasses="0" numClasses="1" visitedMethods="0" numMethods="1" />
          <FullName>CursedQuestions</FullName>
          <Methods>
            <Method visited="false" cyclomaticComplexity="0" nPathComplexity="0" sequenceCoverage="0.0" branchCoverage="0" crapScore="0" isConstructor="true" isStatic="true" isGetter="false" isSetter="false">
              <Summary numSequencePoints="2" visitedSequencePoints="0" numBranchPoints="0" visitedBranchPoints="0" sequenceCoverage="0.0" branchCoverage="0" maxCyclomaticComplexity="0" minCyclomaticComplexity="0" maxCrapScore="0" minCrapScore="0" visitedClasses="0" numClasses="0" visitedMethods="0" numMethods="1" />
              <MetadataToken>100663317</MetadataToken>
              <Name>static CursedQuestions::CursedQuestions()</Name>
              <FileRef uid="5" />
              <SequencePoints>
                <SequencePoint vc="0" uspid="161" ordinal="0" offset="0" sl="6" sc="0" el="6" ec="0" bec="0" bev="0" fileid="5" />
                <SequencePoint vc="0" uspid="162" ordinal="0" offset="130" sl="20" sc="0" el="20" ec="0" bec="0" bev="0" fileid="5" />
              </SequencePoints>
              <BranchPoints />
            </Method>
          </Methods>
        </Class>
        <Class>
          <Summary numSequencePoints="49" visitedSequencePoints="0" numBranchPoints="0" visitedBranchPoints="0" sequenceCoverage="0.0" branchCoverage="0.0" maxCyclomaticComplexity="0" minCyclomaticComplexity="0" maxCrapScore="0" minCrapScore="0" visitedClasses="0" numClasses="1" visitedMethods="0" numMethods="6" />
          <FullName>CutsceneManager</FullName>
          <Methods>
            <Method visited="false" cyclomaticComplexity="0" nPathComplexity="0" sequenceCoverage="0.0" branchCoverage="0" crapScore="0" isConstructor="false" isStatic="false" isGetter="false" isSetter="false">
              <Summary numSequencePoints="3" visitedSequencePoints="0" numBranchPoints="0" visitedBranchPoints="0" sequenceCoverage="0.0" branchCoverage="0" maxCyclomaticComplexity="0" minCyclomaticComplexity="0" maxCrapScore="0" minCrapScore="0" visitedClasses="0" numClasses="0" visitedMethods="0" numMethods="1" />
              <MetadataToken>100663318</MetadataToken>
              <Name>System.Void CutsceneManager::Start()</Name>
              <FileRef uid="6" />
              <SequencePoints>
                <SequencePoint vc="0" uspid="163" ordinal="0" offset="0" sl="22" sc="0" el="22" ec="0" bec="0" bev="0" fileid="6" />
                <SequencePoint vc="0" uspid="164" ordinal="0" offset="1" sl="23" sc="0" el="23" ec="0" bec="0" bev="0" fileid="6" />
                <SequencePoint vc="0" uspid="165" ordinal="0" offset="8" sl="24" sc="0" el="24" ec="0" bec="0" bev="0" fileid="6" />
              </SequencePoints>
              <BranchPoints />
            </Method>
            <Method visited="false" cyclomaticComplexity="0" nPathComplexity="0" sequenceCoverage="0.0" branchCoverage="0" crapScore="0" isConstructor="false" isStatic="false" isGetter="false" isSetter="false">
              <Summary numSequencePoints="16" visitedSequencePoints="0" numBranchPoints="0" visitedBranchPoints="0" sequenceCoverage="0.0" branchCoverage="0" maxCyclomaticComplexity="0" minCyclomaticComplexity="0" maxCrapScore="0" minCrapScore="0" visitedClasses="0" numClasses="0" visitedMethods="0" numMethods="1" />
              <MetadataToken>100663319</MetadataToken>
              <Name>System.Void CutsceneManager::Update()</Name>
              <FileRef uid="6" />
              <SequencePoints>
                <SequencePoint vc="0" uspid="166" ordinal="0" offset="0" sl="27" sc="0" el="27" ec="0" bec="0" bev="0" fileid="6" />
                <SequencePoint vc="0" uspid="167" ordinal="0" offset="1" sl="28" sc="0" el="28" ec="0" bec="0" bev="0" fileid="6" />
                <SequencePoint vc="0" uspid="168" ordinal="0" offset="11" sl="29" sc="0" el="29" ec="0" bec="0" bev="0" fileid="6" />
                <SequencePoint vc="0" uspid="169" ordinal="0" offset="12" sl="30" sc="0" el="30" ec="0" bec="0" bev="0" fileid="6" />
                <SequencePoint vc="0" uspid="170" ordinal="0" offset="22" sl="31" sc="0" el="31" ec="0" bec="0" bev="0" fileid="6" />
                <SequencePoint vc="0" uspid="171" ordinal="0" offset="23" sl="32" sc="0" el="32" ec="0" bec="0" bev="0" fileid="6" />
                <SequencePoint vc="0" uspid="172" ordinal="0" offset="30" sl="33" sc="0" el="33" ec="0" bec="0" bev="0" fileid="6" />
                <SequencePoint vc="0" uspid="173" ordinal="0" offset="33" sl="35" sc="0" el="35" ec="0" bec="0" bev="0" fileid="6" />
                <SequencePoint vc="0" uspid="174" ordinal="0" offset="34" sl="36" sc="0" el="36" ec="0" bec="0" bev="0" fileid="6" />
                <SequencePoint vc="0" uspid="175" ordinal="0" offset="41" sl="37" sc="0" el="37" ec="0" bec="0" bev="0" fileid="6" />
                <SequencePoint vc="0" uspid="176" ordinal="0" offset="42" sl="38" sc="0" el="38" ec="0" bec="0" bev="0" fileid="6" />
                <SequencePoint vc="0" uspid="177" ordinal="0" offset="43" sl="40" sc="0" el="40" ec="0" bec="0" bev="0" fileid="6" />
                <SequencePoint vc="0" uspid="178" ordinal="0" offset="53" sl="41" sc="0" el="41" ec="0" bec="0" bev="0" fileid="6" />
                <SequencePoint vc="0" uspid="179" ordinal="0" offset="54" sl="42" sc="0" el="42" ec="0" bec="0" bev="0" fileid="6" />
                <SequencePoint vc="0" uspid="180" ordinal="0" offset="61" sl="43" sc="0" el="43" ec="0" bec="0" bev="0" fileid="6" />
                <SequencePoint vc="0" uspid="181" ordinal="0" offset="62" sl="44" sc="0" el="44" ec="0" bec="0" bev="0" fileid="6" />
              </SequencePoints>
              <BranchPoints />
            </Method>
            <Method visited="false" cyclomaticComplexity="0" nPathComplexity="0" sequenceCoverage="0.0" branchCoverage="0" crapScore="0" isConstructor="false" isStatic="false" isGetter="false" isSetter="false">
              <Summary numSequencePoints="10" visitedSequencePoints="0" numBranchPoints="0" visitedBranchPoints="0" sequenceCoverage="0.0" branchCoverage="0" maxCyclomaticComplexity="0" minCyclomaticComplexity="0" maxCrapScore="0" minCrapScore="0" visitedClasses="0" numClasses="0" visitedMethods="0" numMethods="1" />
              <MetadataToken>100663320</MetadataToken>
              <Name>System.Void CutsceneManager::ShowNextBlock()</Name>
              <FileRef uid="6" />
              <SequencePoints>
                <SequencePoint vc="0" uspid="182" ordinal="0" offset="0" sl="47" sc="0" el="47" ec="0" bec="0" bev="0" fileid="6" />
                <SequencePoint vc="0" uspid="183" ordinal="0" offset="1" sl="48" sc="0" el="48" ec="0" bec="0" bev="0" fileid="6" />
                <SequencePoint vc="0" uspid="184" ordinal="0" offset="24" sl="49" sc="0" el="49" ec="0" bec="0" bev="0" fileid="6" />
                <SequencePoint vc="0" uspid="185" ordinal="0" offset="25" sl="50" sc="0" el="50" ec="0" bec="0" bev="0" fileid="6" />
                <SequencePoint vc="0" uspid="186" ordinal="0" offset="41" sl="51" sc="0" el="51" ec="0" bec="0" bev="0" fileid="6" />
                <SequencePoint vc="0" uspid="187" ordinal="0" offset="43" sl="54" sc="0" el="54" ec="0" bec="0" bev="0" fileid="6" />
                <SequencePoint vc="0" uspid="188" ordinal="0" offset="56" sl="55" sc="0" el="55" ec="0" bec="0" bev="0" fileid="6" />
                <SequencePoint vc="0" uspid="189" ordinal="0" offset="69" sl="57" sc="0" el="57" ec="0" bec="0" bev="0" fileid="6" />
                <SequencePoint vc="0" uspid="190" ordinal="0" offset="100" sl="58" sc="0" el="58" ec="0" bec="0" bev="0" fileid="6" />
                <SequencePoint vc="0" uspid="191" ordinal="0" offset="114" sl="59" sc="0" el="59" ec="0" bec="0" bev="0" fileid="6" />
              </SequencePoints>
              <BranchPoints />
            </Method>
            <Method visited="false" cyclomaticComplexity="0" nPathComplexity="0" sequenceCoverage="0.0" branchCoverage="0" crapScore="0" isConstructor="false" isStatic="false" isGetter="false" isSetter="false">
              <Summary numSequencePoints="12" visitedSequencePoints="0" numBranchPoints="0" visitedBranchPoints="0" sequenceCoverage="0.0" branchCoverage="0" maxCyclomaticComplexity="0" minCyclomaticComplexity="0" maxCrapScore="0" minCrapScore="0" visitedClasses="0" numClasses="0" visitedMethods="0" numMethods="1" />
              <MetadataToken>100663322</MetadataToken>
              <Name>System.Void CutsceneManager::SkipTyping()</Name>
              <FileRef uid="6" />
              <SequencePoints>
                <SequencePoint vc="0" uspid="192" ordinal="0" offset="0" sl="86" sc="0" el="86" ec="0" bec="0" bev="0" fileid="6" />
                <SequencePoint vc="0" uspid="193" ordinal="0" offset="1" sl="87" sc="0" el="87" ec="0" bec="0" bev="0" fileid="6" />
                <SequencePoint vc="0" uspid="194" ordinal="0" offset="14" sl="88" sc="0" el="88" ec="0" bec="0" bev="0" fileid="6" />
                <SequencePoint vc="0" uspid="195" ordinal="0" offset="15" sl="89" sc="0" el="89" ec="0" bec="0" bev="0" fileid="6" />
                <SequencePoint vc="0" uspid="196" ordinal="0" offset="28" sl="90" sc="0" el="90" ec="0" bec="0" bev="0" fileid="6" />
                <SequencePoint vc="0" uspid="197" ordinal="0" offset="29" sl="92" sc="0" el="92" ec="0" bec="0" bev="0" fileid="6" />
                <SequencePoint vc="0" uspid="198" ordinal="0" offset="49" sl="93" sc="0" el="93" ec="0" bec="0" bev="0" fileid="6" />
                <SequencePoint vc="0" uspid="199" ordinal="0" offset="50" sl="94" sc="0" el="94" ec="0" bec="0" bev="0" fileid="6" />
                <SequencePoint vc="0" uspid="200" ordinal="0" offset="67" sl="95" sc="0" el="95" ec="0" bec="0" bev="0" fileid="6" />
                <SequencePoint vc="0" uspid="201" ordinal="0" offset="68" sl="97" sc="0" el="97" ec="0" bec="0" bev="0" fileid="6" />
                <SequencePoint vc="0" uspid="202" ordinal="0" offset="95" sl="101" sc="0" el="101" ec="0" bec="0" bev="0" fileid="6" />
                <SequencePoint vc="0" uspid="203" ordinal="0" offset="102" sl="102" sc="0" el="102" ec="0" bec="0" bev="0" fileid="6" />
              </SequencePoints>
              <BranchPoints />
            </Method>
            <Method visited="false" cyclomaticComplexity="0" nPathComplexity="0" sequenceCoverage="0.0" branchCoverage="0" crapScore="0" isConstructor="false" isStatic="false" isGetter="false" isSetter="false">
              <Summary numSequencePoints="3" visitedSequencePoints="0" numBranchPoints="0" visitedBranchPoints="0" sequenceCoverage="0.0" branchCoverage="0" maxCyclomaticComplexity="0" minCyclomaticComplexity="0" maxCrapScore="0" minCrapScore="0" visitedClasses="0" numClasses="0" visitedMethods="0" numMethods="1" />
              <MetadataToken>100663323</MetadataToken>
              <Name>System.Void CutsceneManager::EndCutscene()</Name>
              <FileRef uid="6" />
              <SequencePoints>
                <SequencePoint vc="0" uspid="204" ordinal="0" offset="0" sl="105" sc="0" el="105" ec="0" bec="0" bev="0" fileid="6" />
                <SequencePoint vc="0" uspid="205" ordinal="0" offset="1" sl="106" sc="0" el="106" ec="0" bec="0" bev="0" fileid="6" />
                <SequencePoint vc="0" uspid="206" ordinal="0" offset="12" sl="107" sc="0" el="107" ec="0" bec="0" bev="0" fileid="6" />
              </SequencePoints>
              <BranchPoints />
            </Method>
            <Method visited="false" cyclomaticComplexity="0" nPathComplexity="0" sequenceCoverage="0.0" branchCoverage="0" crapScore="0" isConstructor="true" isStatic="false" isGetter="false" isSetter="false">
              <Summary numSequencePoints="5" visitedSequencePoints="0" numBranchPoints="0" visitedBranchPoints="0" sequenceCoverage="0.0" branchCoverage="0" maxCyclomaticComplexity="0" minCyclomaticComplexity="0" maxCrapScore="0" minCrapScore="0" visitedClasses="0" numClasses="0" visitedMethods="0" numMethods="1" />
              <MetadataToken>100663324</MetadataToken>
              <Name>CutsceneManager::CutsceneManager()</Name>
              <FileRef uid="6" />
              <SequencePoints>
                <SequencePoint vc="0" uspid="207" ordinal="0" offset="0" sl="9" sc="0" el="9" ec="0" bec="0" bev="0" fileid="6" />
                <SequencePoint vc="0" uspid="208" ordinal="0" offset="11" sl="10" sc="0" el="10" ec="0" bec="0" bev="0" fileid="6" />
                <SequencePoint vc="0" uspid="209" ordinal="0" offset="22" sl="12" sc="0" el="12" ec="0" bec="0" bev="0" fileid="6" />
                <SequencePoint vc="0" uspid="210" ordinal="0" offset="42" sl="17" sc="0" el="17" ec="0" bec="0" bev="0" fileid="6" />
                <SequencePoint vc="0" uspid="211" ordinal="0" offset="49" sl="18" sc="0" el="18" ec="0" bec="0" bev="0" fileid="6" />
              </SequencePoints>
              <BranchPoints />
            </Method>
          </Methods>
        </Class>
        <Class>
          <Summary numSequencePoints="18" visitedSequencePoints="0" numBranchPoints="0" visitedBranchPoints="0" sequenceCoverage="0.0" branchCoverage="0.0" maxCyclomaticComplexity="0" minCyclomaticComplexity="0" maxCrapScore="0" minCrapScore="0" visitedClasses="0" numClasses="1" visitedMethods="0" numMethods="3" />
          <FullName>FadeManager</FullName>
          <Methods>
            <Method visited="false" cyclomaticComplexity="0" nPathComplexity="0" sequenceCoverage="0.0" branchCoverage="0" crapScore="0" isConstructor="false" isStatic="false" isGetter="false" isSetter="false">
              <Summary numSequencePoints="14" visitedSequencePoints="0" numBranchPoints="0" visitedBranchPoints="0" sequenceCoverage="0.0" branchCoverage="0" maxCyclomaticComplexity="0" minCyclomaticComplexity="0" maxCrapScore="0" minCrapScore="0" visitedClasses="0" numClasses="0" visitedMethods="0" numMethods="1" />
              <MetadataToken>100663325</MetadataToken>
              <Name>System.Void FadeManager::Awake()</Name>
              <FileRef uid="7" />
              <SequencePoints>
                <SequencePoint vc="0" uspid="212" ordinal="0" offset="0" sl="12" sc="0" el="12" ec="0" bec="0" bev="0" fileid="7" />
                <SequencePoint vc="0" uspid="213" ordinal="0" offset="1" sl="13" sc="0" el="13" ec="0" bec="0" bev="0" fileid="7" />
                <SequencePoint vc="0" uspid="214" ordinal="0" offset="16" sl="14" sc="0" el="14" ec="0" bec="0" bev="0" fileid="7" />
                <SequencePoint vc="0" uspid="215" ordinal="0" offset="17" sl="15" sc="0" el="15" ec="0" bec="0" bev="0" fileid="7" />
                <SequencePoint vc="0" uspid="216" ordinal="0" offset="23" sl="16" sc="0" el="16" ec="0" bec="0" bev="0" fileid="7" />
                <SequencePoint vc="0" uspid="217" ordinal="0" offset="35" sl="18" sc="0" el="18" ec="0" bec="0" bev="0" fileid="7" />
                <SequencePoint vc="0" uspid="218" ordinal="0" offset="51" sl="19" sc="0" el="19" ec="0" bec="0" bev="0" fileid="7" />
                <SequencePoint vc="0" uspid="219" ordinal="0" offset="52" sl="20" sc="0" el="20" ec="0" bec="0" bev="0" fileid="7" />
                <SequencePoint vc="0" uspid="220" ordinal="0" offset="64" sl="21" sc="0" el="21" ec="0" bec="0" bev="0" fileid="7" />
                <SequencePoint vc="0" uspid="221" ordinal="0" offset="65" sl="22" sc="0" el="22" ec="0" bec="0" bev="0" fileid="7" />
                <SequencePoint vc="0" uspid="222" ordinal="0" offset="68" sl="24" sc="0" el="24" ec="0" bec="0" bev="0" fileid="7" />
                <SequencePoint vc="0" uspid="223" ordinal="0" offset="69" sl="25" sc="0" el="25" ec="0" bec="0" bev="0" fileid="7" />
                <SequencePoint vc="0" uspid="224" ordinal="0" offset="81" sl="26" sc="0" el="26" ec="0" bec="0" bev="0" fileid="7" />
                <SequencePoint vc="0" uspid="225" ordinal="0" offset="82" sl="27" sc="0" el="27" ec="0" bec="0" bev="0" fileid="7" />
              </SequencePoints>
              <BranchPoints />
            </Method>
            <Method visited="false" cyclomaticComplexity="0" nPathComplexity="0" sequenceCoverage="0.0" branchCoverage="0" crapScore="0" isConstructor="false" isStatic="false" isGetter="false" isSetter="false">
              <Summary numSequencePoints="3" visitedSequencePoints="0" numBranchPoints="0" visitedBranchPoints="0" sequenceCoverage="0.0" branchCoverage="0" maxCyclomaticComplexity="0" minCyclomaticComplexity="0" maxCrapScore="0" minCrapScore="0" visitedClasses="0" numClasses="0" visitedMethods="0" numMethods="1" />
              <MetadataToken>100663326</MetadataToken>
              <Name>System.Void FadeManager::FadeToScene(System.String)</Name>
              <FileRef uid="7" />
              <SequencePoints>
                <SequencePoint vc="0" uspid="226" ordinal="0" offset="0" sl="30" sc="0" el="30" ec="0" bec="0" bev="0" fileid="7" />
                <SequencePoint vc="0" uspid="227" ordinal="0" offset="1" sl="31" sc="0" el="31" ec="0" bec="0" bev="0" fileid="7" />
                <SequencePoint vc="0" uspid="228" ordinal="0" offset="15" sl="32" sc="0" el="32" ec="0" bec="0" bev="0" fileid="7" />
              </SequencePoints>
              <BranchPoints />
            </Method>
            <Method visited="false" cyclomaticComplexity="0" nPathComplexity="0" sequenceCoverage="0.0" branchCoverage="0" crapScore="0" isConstructor="true" isStatic="false" isGetter="false" isSetter="false">
              <Summary numSequencePoints="1" visitedSequencePoints="0" numBranchPoints="0" visitedBranchPoints="0" sequenceCoverage="0.0" branchCoverage="0" maxCyclomaticComplexity="0" minCyclomaticComplexity="0" maxCrapScore="0" minCrapScore="0" visitedClasses="0" numClasses="0" visitedMethods="0" numMethods="1" />
              <MetadataToken>100663329</MetadataToken>
              <Name>FadeManager::FadeManager()</Name>
              <FileRef uid="7" />
              <SequencePoints>
                <SequencePoint vc="0" uspid="229" ordinal="0" offset="0" sl="9" sc="0" el="9" ec="0" bec="0" bev="0" fileid="7" />
              </SequencePoints>
              <BranchPoints />
            </Method>
          </Methods>
        </Class>
        <Class>
          <Summary numSequencePoints="37" visitedSequencePoints="0" numBranchPoints="0" visitedBranchPoints="0" sequenceCoverage="0.0" branchCoverage="0.0" maxCyclomaticComplexity="0" minCyclomaticComplexity="0" maxCrapScore="0" minCrapScore="0" visitedClasses="0" numClasses="1" visitedMethods="0" numMethods="7" />
          <FullName>HeartbeatManager</FullName>
          <Methods>
            <Method visited="false" cyclomaticComplexity="0" nPathComplexity="0" sequenceCoverage="0.0" branchCoverage="0" crapScore="0" isConstructor="false" isStatic="true" isGetter="true" isSetter="false">
              <Summary numSequencePoints="1" visitedSequencePoints="0" numBranchPoints="0" visitedBranchPoints="0" sequenceCoverage="0.0" branchCoverage="0" maxCyclomaticComplexity="0" minCyclomaticComplexity="0" maxCrapScore="0" minCrapScore="0" visitedClasses="0" numClasses="0" visitedMethods="0" numMethods="1" />
              <MetadataToken>100663330</MetadataToken>
              <Name>static HeartbeatManager HeartbeatManager::get_Instance()</Name>
              <FileRef uid="8" />
              <SequencePoints>
                <SequencePoint vc="0" uspid="230" ordinal="0" offset="0" sl="6" sc="0" el="6" ec="0" bec="0" bev="0" fileid="8" />
              </SequencePoints>
              <BranchPoints />
            </Method>
            <Method visited="false" cyclomaticComplexity="0" nPathComplexity="0" sequenceCoverage="0.0" branchCoverage="0" crapScore="0" isConstructor="false" isStatic="true" isGetter="false" isSetter="true">
              <Summary numSequencePoints="1" visitedSequencePoints="0" numBranchPoints="0" visitedBranchPoints="0" sequenceCoverage="0.0" branchCoverage="0" maxCyclomaticComplexity="0" minCyclomaticComplexity="0" maxCrapScore="0" minCrapScore="0" visitedClasses="0" numClasses="0" visitedMethods="0" numMethods="1" />
              <MetadataToken>100663331</MetadataToken>
              <Name>static System.Void HeartbeatManager::set_Instance(HeartbeatManager)</Name>
              <FileRef uid="8" />
              <SequencePoints>
                <SequencePoint vc="0" uspid="231" ordinal="0" offset="0" sl="6" sc="0" el="6" ec="0" bec="0" bev="0" fileid="8" />
              </SequencePoints>
              <BranchPoints />
            </Method>
            <Method visited="false" cyclomaticComplexity="0" nPathComplexity="0" sequenceCoverage="0.0" branchCoverage="0" crapScore="0" isConstructor="false" isStatic="false" isGetter="false" isSetter="false">
              <Summary numSequencePoints="14" visitedSequencePoints="0" numBranchPoints="0" visitedBranchPoints="0" sequenceCoverage="0.0" branchCoverage="0" maxCyclomaticComplexity="0" minCyclomaticComplexity="0" maxCrapScore="0" minCrapScore="0" visitedClasses="0" numClasses="0" visitedMethods="0" numMethods="1" />
              <MetadataToken>100663332</MetadataToken>
              <Name>System.Void HeartbeatManager::Awake()</Name>
              <FileRef uid="8" />
              <SequencePoints>
                <SequencePoint vc="0" uspid="232" ordinal="0" offset="0" sl="16" sc="0" el="16" ec="0" bec="0" bev="0" fileid="8" />
                <SequencePoint vc="0" uspid="233" ordinal="0" offset="1" sl="17" sc="0" el="17" ec="0" bec="0" bev="0" fileid="8" />
                <SequencePoint vc="0" uspid="234" ordinal="0" offset="16" sl="18" sc="0" el="18" ec="0" bec="0" bev="0" fileid="8" />
                <SequencePoint vc="0" uspid="235" ordinal="0" offset="17" sl="19" sc="0" el="19" ec="0" bec="0" bev="0" fileid="8" />
                <SequencePoint vc="0" uspid="236" ordinal="0" offset="24" sl="20" sc="0" el="20" ec="0" bec="0" bev="0" fileid="8" />
                <SequencePoint vc="0" uspid="237" ordinal="0" offset="36" sl="21" sc="0" el="21" ec="0" bec="0" bev="0" fileid="8" />
                <SequencePoint vc="0" uspid="238" ordinal="0" offset="39" sl="23" sc="0" el="23" ec="0" bec="0" bev="0" fileid="8" />
                <SequencePoint vc="0" uspid="239" ordinal="0" offset="40" sl="24" sc="0" el="24" ec="0" bec="0" bev="0" fileid="8" />
                <SequencePoint vc="0" uspid="240" ordinal="0" offset="52" sl="25" sc="0" el="25" ec="0" bec="0" bev="0" fileid="8" />
                <SequencePoint vc="0" uspid="241" ordinal="0" offset="54" sl="28" sc="0" el="28" ec="0" bec="0" bev="0" fileid="8" />
                <SequencePoint vc="0" uspid="242" ordinal="0" offset="71" sl="29" sc="0" el="29" ec="0" bec="0" bev="0" fileid="8" />
                <SequencePoint vc="0" uspid="243" ordinal="0" offset="89" sl="30" sc="0" el="30" ec="0" bec="0" bev="0" fileid="8" />
                <SequencePoint vc="0" uspid="244" ordinal="0" offset="102" sl="31" sc="0" el="31" ec="0" bec="0" bev="0" fileid="8" />
                <SequencePoint vc="0" uspid="245" ordinal="0" offset="115" sl="32" sc="0" el="32" ec="0" bec="0" bev="0" fileid="8" />
              </SequencePoints>
              <BranchPoints />
            </Method>
            <Method visited="false" cyclomaticComplexity="0" nPathComplexity="0" sequenceCoverage="0.0" branchCoverage="0" crapScore="0" isConstructor="false" isStatic="false" isGetter="false" isSetter="false">
              <Summary numSequencePoints="6" visitedSequencePoints="0" numBranchPoints="0" visitedBranchPoints="0" sequenceCoverage="0.0" branchCoverage="0" maxCyclomaticComplexity="0" minCyclomaticComplexity="0" maxCrapScore="0" minCrapScore="0" visitedClasses="0" numClasses="0" visitedMethods="0" numMethods="1" />
              <MetadataToken>100663333</MetadataToken>
              <Name>System.Void HeartbeatManager::StartHeartbeat()</Name>
              <FileRef uid="8" />
              <SequencePoints>
                <SequencePoint vc="0" uspid="246" ordinal="0" offset="0" sl="35" sc="0" el="35" ec="0" bec="0" bev="0" fileid="8" />
                <SequencePoint vc="0" uspid="247" ordinal="0" offset="1" sl="36" sc="0" el="36" ec="0" bec="0" bev="0" fileid="8" />
                <SequencePoint vc="0" uspid="248" ordinal="0" offset="19" sl="37" sc="0" el="37" ec="0" bec="0" bev="0" fileid="8" />
                <SequencePoint vc="0" uspid="249" ordinal="0" offset="20" sl="38" sc="0" el="38" ec="0" bec="0" bev="0" fileid="8" />
                <SequencePoint vc="0" uspid="250" ordinal="0" offset="32" sl="39" sc="0" el="39" ec="0" bec="0" bev="0" fileid="8" />
                <SequencePoint vc="0" uspid="251" ordinal="0" offset="33" sl="40" sc="0" el="40" ec="0" bec="0" bev="0" fileid="8" />
              </SequencePoints>
              <BranchPoints />
            </Method>
            <Method visited="false" cyclomaticComplexity="0" nPathComplexity="0" sequenceCoverage="0.0" branchCoverage="0" crapScore="0" isConstructor="false" isStatic="false" isGetter="false" isSetter="false">
              <Summary numSequencePoints="6" visitedSequencePoints="0" numBranchPoints="0" visitedBranchPoints="0" sequenceCoverage="0.0" branchCoverage="0" maxCyclomaticComplexity="0" minCyclomaticComplexity="0" maxCrapScore="0" minCrapScore="0" visitedClasses="0" numClasses="0" visitedMethods="0" numMethods="1" />
              <MetadataToken>100663334</MetadataToken>
              <Name>System.Void HeartbeatManager::StopHeartbeat()</Name>
              <FileRef uid="8" />
              <SequencePoints>
                <SequencePoint vc="0" uspid="252" ordinal="0" offset="0" sl="43" sc="0" el="43" ec="0" bec="0" bev="0" fileid="8" />
                <SequencePoint vc="0" uspid="253" ordinal="0" offset="1" sl="44" sc="0" el="44" ec="0" bec="0" bev="0" fileid="8" />
                <SequencePoint vc="0" uspid="254" ordinal="0" offset="33" sl="45" sc="0" el="45" ec="0" bec="0" bev="0" fileid="8" />
                <SequencePoint vc="0" uspid="255" ordinal="0" offset="34" sl="46" sc="0" el="46" ec="0" bec="0" bev="0" fileid="8" />
                <SequencePoint vc="0" uspid="256" ordinal="0" offset="46" sl="47" sc="0" el="47" ec="0" bec="0" bev="0" fileid="8" />
                <SequencePoint vc="0" uspid="257" ordinal="0" offset="47" sl="48" sc="0" el="48" ec="0" bec="0" bev="0" fileid="8" />
              </SequencePoints>
              <BranchPoints />
            </Method>
            <Method visited="false" cyclomaticComplexity="0" nPathComplexity="0" sequenceCoverage="0.0" branchCoverage="0" crapScore="0" isConstructor="false" isStatic="false" isGetter="false" isSetter="false">
              <Summary numSequencePoints="5" visitedSequencePoints="0" numBranchPoints="0" visitedBranchPoints="0" sequenceCoverage="0.0" branchCoverage="0" maxCyclomaticComplexity="0" minCyclomaticComplexity="0" maxCrapScore="0" minCrapScore="0" visitedClasses="0" numClasses="0" visitedMethods="0" numMethods="1" />
              <MetadataToken>100663335</MetadataToken>
              <Name>System.Void HeartbeatManager::UpdateHeartbeat(System.Single)</Name>
              <FileRef uid="8" />
              <SequencePoints>
                <SequencePoint vc="0" uspid="258" ordinal="0" offset="0" sl="51" sc="0" el="51" ec="0" bec="0" bev="0" fileid="8" />
                <SequencePoint vc="0" uspid="259" ordinal="0" offset="1" sl="52" sc="0" el="52" ec="0" bec="0" bev="0" fileid="8" />
                <SequencePoint vc="0" uspid="260" ordinal="0" offset="9" sl="53" sc="0" el="53" ec="0" bec="0" bev="0" fileid="8" />
                <SequencePoint vc="0" uspid="261" ordinal="0" offset="39" sl="54" sc="0" el="54" ec="0" bec="0" bev="0" fileid="8" />
                <SequencePoint vc="0" uspid="262" ordinal="0" offset="69" sl="55" sc="0" el="55" ec="0" bec="0" bev="0" fileid="8" />
              </SequencePoints>
              <BranchPoints />
            </Method>
            <Method visited="false" cyclomaticComplexity="0" nPathComplexity="0" sequenceCoverage="0.0" branchCoverage="0" crapScore="0" isConstructor="true" isStatic="false" isGetter="false" isSetter="false">
              <Summary numSequencePoints="4" visitedSequencePoints="0" numBranchPoints="0" visitedBranchPoints="0" sequenceCoverage="0.0" branchCoverage="0" maxCyclomaticComplexity="0" minCyclomaticComplexity="0" maxCrapScore="0" minCrapScore="0" visitedClasses="0" numClasses="0" visitedMethods="0" numMethods="1" />
              <MetadataToken>100663336</MetadataToken>
              <Name>HeartbeatManager::HeartbeatManager()</Name>
              <FileRef uid="8" />
              <SequencePoints>
                <SequencePoint vc="0" uspid="263" ordinal="0" offset="0" sl="10" sc="0" el="10" ec="0" bec="0" bev="0" fileid="8" />
                <SequencePoint vc="0" uspid="264" ordinal="0" offset="11" sl="11" sc="0" el="11" ec="0" bec="0" bev="0" fileid="8" />
                <SequencePoint vc="0" uspid="265" ordinal="0" offset="22" sl="12" sc="0" el="12" ec="0" bec="0" bev="0" fileid="8" />
                <SequencePoint vc="0" uspid="266" ordinal="0" offset="33" sl="13" sc="0" el="13" ec="0" bec="0" bev="0" fileid="8" />
              </SequencePoints>
              <BranchPoints />
            </Method>
          </Methods>
        </Class>
        <Class>
          <Summary numSequencePoints="49" visitedSequencePoints="0" numBranchPoints="0" visitedBranchPoints="0" sequenceCoverage="0.0" branchCoverage="0.0" maxCyclomaticComplexity="0" minCyclomaticComplexity="0" maxCrapScore="0" minCrapScore="0" visitedClasses="0" numClasses="1" visitedMethods="0" numMethods="5" />
          <FullName>HeartManager</FullName>
          <Methods>
            <Method visited="false" cyclomaticComplexity="0" nPathComplexity="0" sequenceCoverage="0.0" branchCoverage="0" crapScore="0" isConstructor="false" isStatic="false" isGetter="false" isSetter="false">
              <Summary numSequencePoints="10" visitedSequencePoints="0" numBranchPoints="0" visitedBranchPoints="0" sequenceCoverage="0.0" branchCoverage="0" maxCyclomaticComplexity="0" minCyclomaticComplexity="0" maxCrapScore="0" minCrapScore="0" visitedClasses="0" numClasses="0" visitedMethods="0" numMethods="1" />
              <MetadataToken>100663337</MetadataToken>
              <Name>System.Void HeartManager::Start()</Name>
              <FileRef uid="9" />
              <SequencePoints>
                <SequencePoint vc="0" uspid="267" ordinal="0" offset="0" sl="18" sc="0" el="18" ec="0" bec="0" bev="0" fileid="9" />
                <SequencePoint vc="0" uspid="268" ordinal="0" offset="1" sl="19" sc="0" el="19" ec="0" bec="0" bev="0" fileid="9" />
                <SequencePoint vc="0" uspid="269" ordinal="0" offset="26" sl="20" sc="0" el="20" ec="0" bec="0" bev="0" fileid="9" />
                <SequencePoint vc="0" uspid="270" ordinal="0" offset="27" sl="21" sc="0" el="21" ec="0" bec="0" bev="0" fileid="9" />
                <SequencePoint vc="0" uspid="271" ordinal="0" offset="29" sl="24" sc="0" el="24" ec="0" bec="0" bev="0" fileid="9" />
                <SequencePoint vc="0" uspid="272" ordinal="0" offset="45" sl="25" sc="0" el="25" ec="0" bec="0" bev="0" fileid="9" />
                <SequencePoint vc="0" uspid="273" ordinal="0" offset="46" sl="26" sc="0" el="26" ec="0" bec="0" bev="0" fileid="9" />
                <SequencePoint vc="0" uspid="274" ordinal="0" offset="48" sl="29" sc="0" el="29" ec="0" bec="0" bev="0" fileid="9" />
                <SequencePoint vc="0" uspid="275" ordinal="0" offset="62" sl="30" sc="0" el="30" ec="0" bec="0" bev="0" fileid="9" />
                <SequencePoint vc="0" uspid="276" ordinal="0" offset="69" sl="31" sc="0" el="31" ec="0" bec="0" bev="0" fileid="9" />
              </SequencePoints>
              <BranchPoints />
            </Method>
            <Method visited="false" cyclomaticComplexity="0" nPathComplexity="0" sequenceCoverage="0.0" branchCoverage="0" crapScore="0" isConstructor="false" isStatic="false" isGetter="false" isSetter="false">
              <Summary numSequencePoints="18" visitedSequencePoints="0" numBranchPoints="0" visitedBranchPoints="0" sequenceCoverage="0.0" branchCoverage="0" maxCyclomaticComplexity="0" minCyclomaticComplexity="0" maxCrapScore="0" minCrapScore="0" visitedClasses="0" numClasses="0" visitedMethods="0" numMethods="1" />
              <MetadataToken>100663338</MetadataToken>
              <Name>System.Boolean HeartManager::LoseHeart()</Name>
              <FileRef uid="9" />
              <SequencePoints>
                <SequencePoint vc="0" uspid="277" ordinal="0" offset="0" sl="34" sc="0" el="34" ec="0" bec="0" bev="0" fileid="9" />
                <SequencePoint vc="0" uspid="278" ordinal="0" offset="1" sl="35" sc="0" el="35" ec="0" bec="0" bev="0" fileid="9" />
                <SequencePoint vc="0" uspid="279" ordinal="0" offset="26" sl="36" sc="0" el="36" ec="0" bec="0" bev="0" fileid="9" />
                <SequencePoint vc="0" uspid="280" ordinal="0" offset="27" sl="37" sc="0" el="37" ec="0" bec="0" bev="0" fileid="9" />
                <SequencePoint vc="0" uspid="281" ordinal="0" offset="31" sl="40" sc="0" el="40" ec="0" bec="0" bev="0" fileid="9" />
                <SequencePoint vc="0" uspid="282" ordinal="0" offset="47" sl="41" sc="0" el="41" ec="0" bec="0" bev="0" fileid="9" />
                <SequencePoint vc="0" uspid="283" ordinal="0" offset="48" sl="42" sc="0" el="42" ec="0" bec="0" bev="0" fileid="9" />
                <SequencePoint vc="0" uspid="284" ordinal="0" offset="65" sl="43" sc="0" el="43" ec="0" bec="0" bev="0" fileid="9" />
                <SequencePoint vc="0" uspid="285" ordinal="0" offset="66" sl="45" sc="0" el="45" ec="0" bec="0" bev="0" fileid="9" />
                <SequencePoint vc="0" uspid="286" ordinal="0" offset="79" sl="46" sc="0" el="46" ec="0" bec="0" bev="0" fileid="9" />
                <SequencePoint vc="0" uspid="287" ordinal="0" offset="80" sl="47" sc="0" el="47" ec="0" bec="0" bev="0" fileid="9" />
                <SequencePoint vc="0" uspid="288" ordinal="0" offset="94" sl="48" sc="0" el="48" ec="0" bec="0" bev="0" fileid="9" />
                <SequencePoint vc="0" uspid="289" ordinal="0" offset="101" sl="50" sc="0" el="50" ec="0" bec="0" bev="0" fileid="9" />
                <SequencePoint vc="0" uspid="290" ordinal="0" offset="116" sl="51" sc="0" el="51" ec="0" bec="0" bev="0" fileid="9" />
                <SequencePoint vc="0" uspid="291" ordinal="0" offset="117" sl="52" sc="0" el="52" ec="0" bec="0" bev="0" fileid="9" />
                <SequencePoint vc="0" uspid="292" ordinal="0" offset="121" sl="54" sc="0" el="54" ec="0" bec="0" bev="0" fileid="9" />
                <SequencePoint vc="0" uspid="293" ordinal="0" offset="122" sl="56" sc="0" el="56" ec="0" bec="0" bev="0" fileid="9" />
                <SequencePoint vc="0" uspid="294" ordinal="0" offset="126" sl="57" sc="0" el="57" ec="0" bec="0" bev="0" fileid="9" />
              </SequencePoints>
              <BranchPoints />
            </Method>
            <Method visited="false" cyclomaticComplexity="0" nPathComplexity="0" sequenceCoverage="0.0" branchCoverage="0" crapScore="0" isConstructor="false" isStatic="false" isGetter="false" isSetter="false">
              <Summary numSequencePoints="14" visitedSequencePoints="0" numBranchPoints="0" visitedBranchPoints="0" sequenceCoverage="0.0" branchCoverage="0" maxCyclomaticComplexity="0" minCyclomaticComplexity="0" maxCrapScore="0" minCrapScore="0" visitedClasses="0" numClasses="0" visitedMethods="0" numMethods="1" />
              <MetadataToken>100663339</MetadataToken>
              <Name>System.Void HeartManager::UpdateHearts()</Name>
              <FileRef uid="9" />
              <SequencePoints>
                <SequencePoint vc="0" uspid="295" ordinal="0" offset="0" sl="60" sc="0" el="60" ec="0" bec="0" bev="0" fileid="9" />
                <SequencePoint vc="0" uspid="296" ordinal="0" offset="1" sl="61" sc="0" el="61" ec="0" bec="0" bev="0" fileid="9" />
                <SequencePoint vc="0" uspid="297" ordinal="0" offset="14" sl="62" sc="0" el="62" ec="0" bec="0" bev="0" fileid="9" />
                <SequencePoint vc="0" uspid="298" ordinal="0" offset="15" sl="63" sc="0" el="63" ec="0" bec="0" bev="0" fileid="9" />
                <SequencePoint vc="0" uspid="299" ordinal="0" offset="17" sl="66" sc="0" el="66" ec="0" bec="0" bev="0" fileid="9" />
                <SequencePoint vc="0" uspid="300" ordinal="0" offset="21" sl="67" sc="0" el="67" ec="0" bec="0" bev="0" fileid="9" />
                <SequencePoint vc="0" uspid="301" ordinal="0" offset="22" sl="68" sc="0" el="68" ec="0" bec="0" bev="0" fileid="9" />
                <SequencePoint vc="0" uspid="302" ordinal="0" offset="40" sl="69" sc="0" el="69" ec="0" bec="0" bev="0" fileid="9" />
                <SequencePoint vc="0" uspid="303" ordinal="0" offset="41" sl="70" sc="0" el="70" ec="0" bec="0" bev="0" fileid="9" />
                <SequencePoint vc="0" uspid="304" ordinal="0" offset="43" sl="73" sc="0" el="73" ec="0" bec="0" bev="0" fileid="9" />
                <SequencePoint vc="0" uspid="305" ordinal="0" offset="66" sl="74" sc="0" el="74" ec="0" bec="0" bev="0" fileid="9" />
                <SequencePoint vc="0" uspid="306" ordinal="0" offset="67" sl="66" sc="0" el="66" ec="0" bec="0" bev="0" fileid="9" />
                <SequencePoint vc="0" uspid="307" ordinal="0" offset="71" sl="66" sc="0" el="66" ec="0" bec="0" bev="0" fileid="9" />
                <SequencePoint vc="0" uspid="308" ordinal="0" offset="86" sl="75" sc="0" el="75" ec="0" bec="0" bev="0" fileid="9" />
              </SequencePoints>
              <BranchPoints />
            </Method>
            <Method visited="false" cyclomaticComplexity="0" nPathComplexity="0" sequenceCoverage="0.0" branchCoverage="0" crapScore="0" isConstructor="false" isStatic="false" isGetter="false" isSetter="false">
              <Summary numSequencePoints="3" visitedSequencePoints="0" numBranchPoints="0" visitedBranchPoints="0" sequenceCoverage="0.0" branchCoverage="0" maxCyclomaticComplexity="0" minCyclomaticComplexity="0" maxCrapScore="0" minCrapScore="0" visitedClasses="0" numClasses="0" visitedMethods="0" numMethods="1" />
              <MetadataToken>100663340</MetadataToken>
              <Name>System.Boolean HeartManager::IsGameOver()</Name>
              <FileRef uid="9" />
              <SequencePoints>
                <SequencePoint vc="0" uspid="309" ordinal="0" offset="0" sl="78" sc="0" el="78" ec="0" bec="0" bev="0" fileid="9" />
                <SequencePoint vc="0" uspid="310" ordinal="0" offset="1" sl="79" sc="0" el="79" ec="0" bec="0" bev="0" fileid="9" />
                <SequencePoint vc="0" uspid="311" ordinal="0" offset="16" sl="80" sc="0" el="80" ec="0" bec="0" bev="0" fileid="9" />
              </SequencePoints>
              <BranchPoints />
            </Method>
            <Method visited="false" cyclomaticComplexity="0" nPathComplexity="0" sequenceCoverage="0.0" branchCoverage="0" crapScore="0" isConstructor="false" isStatic="false" isGetter="false" isSetter="false">
              <Summary numSequencePoints="4" visitedSequencePoints="0" numBranchPoints="0" visitedBranchPoints="0" sequenceCoverage="0.0" branchCoverage="0" maxCyclomaticComplexity="0" minCyclomaticComplexity="0" maxCrapScore="0" minCrapScore="0" visitedClasses="0" numClasses="0" visitedMethods="0" numMethods="1" />
              <MetadataToken>100663341</MetadataToken>
              <Name>System.Void HeartManager::ResetHearts()</Name>
              <FileRef uid="9" />
              <SequencePoints>
                <SequencePoint vc="0" uspid="312" ordinal="0" offset="0" sl="83" sc="0" el="83" ec="0" bec="0" bev="0" fileid="9" />
[...]
          <FullName>QuestionManagerIntegrationTests</FullName>
          <Methods>
            <Method visited="false" cyclomaticComplexity="0" nPathComplexity="0" sequenceCoverage="0.0" branchCoverage="0" crapScore="0" isConstructor="false" isStatic="false" isGetter="false" isSetter="false">
              <Summary numSequencePoints="15" visitedSequencePoints="0" numBranchPoints="0" visitedBranchPoints="0" sequenceCoverage="0.0" branchCoverage="0" maxCyclomaticComplexity="0" minCyclomaticComplexity="0" maxCrapScore="0" minCrapScore="0" visitedClasses="0" numClasses="0" visitedMethods="0" numMethods="1" />
              <MetadataToken>100663391</MetadataToken>
              <Name>System.Void QuestionManagerIntegrationTests::SetUp()</Name>
              <FileRef uid="20" />
              <SequencePoints>
                <SequencePoint vc="0" uspid="1760" ordinal="0" offset="0" sl="1047" sc="0" el="1047" ec="0" bec="0" bev="0" fileid="20" />
                <SequencePoint vc="0" uspid="1761" ordinal="0" offset="1" sl="1048" sc="0" el="1048" ec="0" bec="0" bev="0" fileid="20" />
                <SequencePoint vc="0" uspid="1762" ordinal="0" offset="17" sl="1049" sc="0" el="1049" ec="0" bec="0" bev="0" fileid="20" />
                <SequencePoint vc="0" uspid="1763" ordinal="0" offset="34" sl="1051" sc="0" el="1051" ec="0" bec="0" bev="0" fileid="20" />
                <SequencePoint vc="0" uspid="1764" ordinal="0" offset="45" sl="1052" sc="0" el="1052" ec="0" bec="0" bev="0" fileid="20" />
                <SequencePoint vc="0" uspid="1765" ordinal="0" offset="69" sl="1053" sc="0" el="1053" ec="0" bec="0" bev="0" fileid="20" />
                <SequencePoint vc="0" uspid="1766" ordinal="0" offset="86" sl="1055" sc="0" el="1055" ec="0" bec="0" bev="0" fileid="20" />
                <SequencePoint vc="0" uspid="1767" ordinal="0" offset="102" sl="1056" sc="0" el="1056" ec="0" bec="0" bev="0" fileid="20" />
                <SequencePoint vc="0" uspid="1768" ordinal="0" offset="119" sl="1057" sc="0" el="1057" ec="0" bec="0" bev="0" fileid="20" />
                <SequencePoint vc="0" uspid="1769" ordinal="0" offset="130" sl="1059" sc="0" el="1059" ec="0" bec="0" bev="0" fileid="20" />
                <SequencePoint vc="0" uspid="1770" ordinal="0" offset="146" sl="1060" sc="0" el="1060" ec="0" bec="0" bev="0" fileid="20" />
                <SequencePoint vc="0" uspid="1771" ordinal="0" offset="163" sl="1061" sc="0" el="1061" ec="0" bec="0" bev="0" fileid="20" />
                <SequencePoint vc="0" uspid="1772" ordinal="0" offset="180" sl="1063" sc="0" el="1063" ec="0" bec="0" bev="0" fileid="20" />
                <SequencePoint vc="0" uspid="1773" ordinal="0" offset="213" sl="1064" sc="0" el="1064" ec="0" bec="0" bev="0" fileid="20" />
                <SequencePoint vc="0" uspid="1774" ordinal="0" offset="246" sl="1065" sc="0" el="1065" ec="0" bec="0" bev="0" fileid="20" />
              </SequencePoints>
              <BranchPoints />
            </Method>
            <Method visited="false" cyclomaticComplexity="0" nPathComplexity="0" sequenceCoverage="0.0" branchCoverage="0" crapScore="0" isConstructor="false" isStatic="false" isGetter="false" isSetter="false">
              <Summary numSequencePoints="5" visitedSequencePoints="0" numBranchPoints="0" visitedBranchPoints="0" sequenceCoverage="0.0" branchCoverage="0" maxCyclomaticComplexity="0" minCyclomaticComplexity="0" maxCrapScore="0" minCrapScore="0" visitedClasses="0" numClasses="0" visitedMethods="0" numMethods="1" />
              <MetadataToken>100663392</MetadataToken>
              <Name>System.Void QuestionManagerIntegrationTests::TearDown()</Name>
              <FileRef uid="20" />
              <SequencePoints>
                <SequencePoint vc="0" uspid="1775" ordinal="0" offset="0" sl="1069" sc="0" el="1069" ec="0" bec="0" bev="0" fileid="20" />
                <SequencePoint vc="0" uspid="1776" ordinal="0" offset="1" sl="1070" sc="0" el="1070" ec="0" bec="0" bev="0" fileid="20" />
                <SequencePoint vc="0" uspid="1777" ordinal="0" offset="13" sl="1071" sc="0" el="1071" ec="0" bec="0" bev="0" fileid="20" />
                <SequencePoint vc="0" uspid="1778" ordinal="0" offset="25" sl="1072" sc="0" el="1072" ec="0" bec="0" bev="0" fileid="20" />
                <SequencePoint vc="0" uspid="1779" ordinal="0" offset="37" sl="1073" sc="0" el="1073" ec="0" bec="0" bev="0" fileid="20" />
              </SequencePoints>
              <BranchPoints />
            </Method>
            <Method visited="false" cyclomaticComplexity="0" nPathComplexity="0" sequenceCoverage="0.0" branchCoverage="0" crapScore="0" isConstructor="false" isStatic="false" isGetter="false" isSetter="false">
              <Summary numSequencePoints="7" visitedSequencePoints="0" numBranchPoints="0" visitedBranchPoints="0" sequenceCoverage="0.0" branchCoverage="0" maxCyclomaticComplexity="0" minCyclomaticComplexity="0" maxCrapScore="0" minCrapScore="0" visitedClasses="0" numClasses="0" visitedMethods="0" numMethods="1" />
              <MetadataToken>100663393</MetadataToken>
              <Name>System.Void QuestionManagerIntegrationTests::Test_QuestionButtonStartsCoroutine()</Name>
              <FileRef uid="20" />
              <SequencePoints>
                <SequencePoint vc="0" uspid="1780" ordinal="0" offset="0" sl="1077" sc="0" el="1077" ec="0" bec="0" bev="0" fileid="20" />
                <SequencePoint vc="0" uspid="1781" ordinal="0" offset="1" sl="1078" sc="0" el="1078" ec="0" bec="0" bev="0" fileid="20" />
                <SequencePoint vc="0" uspid="1782" ordinal="0" offset="19" sl="1080" sc="0" el="1080" ec="0" bec="0" bev="0" fileid="20" />
                <SequencePoint vc="0" uspid="1783" ordinal="0" offset="47" sl="1081" sc="0" el="1081" ec="0" bec="0" bev="0" fileid="20" />
                <SequencePoint vc="0" uspid="1784" ordinal="0" offset="69" sl="1083" sc="0" el="1083" ec="0" bec="0" bev="0" fileid="20" />
                <SequencePoint vc="0" uspid="1785" ordinal="0" offset="92" sl="1085" sc="0" el="1085" ec="0" bec="0" bev="0" fileid="20" />
                <SequencePoint vc="0" uspid="1786" ordinal="0" offset="110" sl="1086" sc="0" el="1086" ec="0" bec="0" bev="0" fileid="20" />
              </SequencePoints>
              <BranchPoints />
            </Method>
            <Method visited="false" cyclomaticComplexity="0" nPathComplexity="0" sequenceCoverage="0.0" branchCoverage="0" crapScore="0" isConstructor="false" isStatic="false" isGetter="false" isSetter="false">
              <Summary numSequencePoints="7" visitedSequencePoints="0" numBranchPoints="0" visitedBranchPoints="0" sequenceCoverage="0.0" branchCoverage="0" maxCyclomaticComplexity="0" minCyclomaticComplexity="0" maxCrapScore="0" minCrapScore="0" visitedClasses="0" numClasses="0" visitedMethods="0" numMethods="1" />
              <MetadataToken>100663394</MetadataToken>
              <Name>System.Void QuestionManagerIntegrationTests::Test_QuestionButtonInvokesCursedSound()</Name>
              <FileRef uid="20" />
              <SequencePoints>
                <SequencePoint vc="0" uspid="1787" ordinal="0" offset="0" sl="1090" sc="0" el="1090" ec="0" bec="0" bev="0" fileid="20" />
                <SequencePoint vc="0" uspid="1788" ordinal="0" offset="1" sl="1091" sc="0" el="1091" ec="0" bec="0" bev="0" fileid="20" />
                <SequencePoint vc="0" uspid="1789" ordinal="0" offset="18" sl="1093" sc="0" el="1093" ec="0" bec="0" bev="0" fileid="20" />
                <SequencePoint vc="0" uspid="1790" ordinal="0" offset="46" sl="1094" sc="0" el="1094" ec="0" bec="0" bev="0" fileid="20" />
                <SequencePoint vc="0" uspid="1791" ordinal="0" offset="68" sl="1096" sc="0" el="1096" ec="0" bec="0" bev="0" fileid="20" />
                <SequencePoint vc="0" uspid="1792" ordinal="0" offset="91" sl="1098" sc="0" el="1098" ec="0" bec="0" bev="0" fileid="20" />
                <SequencePoint vc="0" uspid="1793" ordinal="0" offset="109" sl="1099" sc="0" el="1099" ec="0" bec="0" bev="0" fileid="20" />
              </SequencePoints>
              <BranchPoints />
            </Method>
          </Methods>
        </Class>
        <Class>
          <Summary numSequencePoints="6" visitedSequencePoints="0" numBranchPoints="0" visitedBranchPoints="0" sequenceCoverage="0.0" branchCoverage="0.0" maxCyclomaticComplexity="0" minCyclomaticComplexity="0" maxCrapScore="0" minCrapScore="0" visitedClasses="0" numClasses="1" visitedMethods="0" numMethods="1" />
          <FullName>AmbientSoundManagerTests/&lt;Test_RandomAmbience&gt;d__4</FullName>
          <Methods>
            <Method visited="false" cyclomaticComplexity="0" nPathComplexity="0" sequenceCoverage="0.0" branchCoverage="0" crapScore="0" isConstructor="false" isStatic="false" isGetter="false" isSetter="false">
              <Summary numSequencePoints="6" visitedSequencePoints="0" numBranchPoints="0" visitedBranchPoints="0" sequenceCoverage="0.0" branchCoverage="0" maxCyclomaticComplexity="0" minCyclomaticComplexity="0" maxCrapScore="0" minCrapScore="0" visitedClasses="0" numClasses="0" visitedMethods="0" numMethods="1" />
              <MetadataToken>100663400</MetadataToken>
              <Name>System.Boolean AmbientSoundManagerTests/&lt;Test_RandomAmbience&gt;d__4::MoveNext()</Name>
              <FileRef uid="20" />
              <SequencePoints>
                <SequencePoint vc="0" uspid="1794" ordinal="0" offset="31" sl="43" sc="0" el="43" ec="0" bec="0" bev="0" fileid="20" />
                <SequencePoint vc="0" uspid="1795" ordinal="0" offset="32" sl="44" sc="0" el="44" ec="0" bec="0" bev="0" fileid="20" />
                <SequencePoint vc="0" uspid="1796" ordinal="0" offset="70" sl="46" sc="0" el="46" ec="0" bec="0" bev="0" fileid="20" />
                <SequencePoint vc="0" uspid="1797" ordinal="0" offset="102" sl="48" sc="0" el="48" ec="0" bec="0" bev="0" fileid="20" />
                <SequencePoint vc="0" uspid="1798" ordinal="0" offset="129" sl="50" sc="0" el="50" ec="0" bec="0" bev="0" fileid="20" />
                <SequencePoint vc="0" uspid="1799" ordinal="0" offset="152" sl="51" sc="0" el="51" ec="0" bec="0" bev="0" fileid="20" />
              </SequencePoints>
              <BranchPoints />
            </Method>
          </Methods>
        </Class>
        <Class>
          <Summary numSequencePoints="3" visitedSequencePoints="0" numBranchPoints="0" visitedBranchPoints="0" sequenceCoverage="0.0" branchCoverage="0.0" maxCyclomaticComplexity="0" minCyclomaticComplexity="0" maxCrapScore="0" minCrapScore="0" visitedClasses="0" numClasses="1" visitedMethods="0" numMethods="1" />
          <FullName>LosingScreenManagerTests/FakeFadeManager</FullName>
          <Methods>
            <Method visited="false" cyclomaticComplexity="0" nPathComplexity="0" sequenceCoverage="0.0" branchCoverage="0" crapScore="0" isConstructor="false" isStatic="false" isGetter="false" isSetter="false">
              <Summary numSequencePoints="3" visitedSequencePoints="0" numBranchPoints="0" visitedBranchPoints="0" sequenceCoverage="0.0" branchCoverage="0" maxCyclomaticComplexity="0" minCyclomaticComplexity="0" maxCrapScore="0" minCrapScore="0" visitedClasses="0" numClasses="0" visitedMethods="0" numMethods="1" />
              <MetadataToken>100663404</MetadataToken>
              <Name>System.Void LosingScreenManagerTests/FakeFadeManager::FadeToScene(System.String)</Name>
              <FileRef uid="20" />
              <SequencePoints>
                <SequencePoint vc="0" uspid="1800" ordinal="0" offset="0" sl="354" sc="0" el="354" ec="0" bec="0" bev="0" fileid="20" />
                <SequencePoint vc="0" uspid="1801" ordinal="0" offset="1" sl="355" sc="0" el="355" ec="0" bec="0" bev="0" fileid="20" />
                <SequencePoint vc="0" uspid="1802" ordinal="0" offset="8" sl="356" sc="0" el="356" ec="0" bec="0" bev="0" fileid="20" />
              </SequencePoints>
              <BranchPoints />
            </Method>
          </Methods>
        </Class>
        <Class>
          <Summary numSequencePoints="3" visitedSequencePoints="0" numBranchPoints="0" visitedBranchPoints="0" sequenceCoverage="0.0" branchCoverage="0.0" maxCyclomaticComplexity="0" minCyclomaticComplexity="0" maxCrapScore="0" minCrapScore="0" visitedClasses="0" numClasses="1" visitedMethods="0" numMethods="1" />
          <FullName>StartMenuTests/FakeFade</FullName>
          <Methods>
            <Method visited="false" cyclomaticComplexity="0" nPathComplexity="0" sequenceCoverage="0.0" branchCoverage="0" crapScore="0" isConstructor="false" isStatic="false" isGetter="false" isSetter="false">
              <Summary numSequencePoints="3" visitedSequencePoints="0" numBranchPoints="0" visitedBranchPoints="0" sequenceCoverage="0.0" branchCoverage="0" maxCyclomaticComplexity="0" minCyclomaticComplexity="0" maxCrapScore="0" minCrapScore="0" visitedClasses="0" numClasses="0" visitedMethods="0" numMethods="1" />
              <MetadataToken>100663406</MetadataToken>
              <Name>System.Void StartMenuTests/FakeFade::FadeToScene(System.String)</Name>
              <FileRef uid="20" />
              <SequencePoints>
                <SequencePoint vc="0" uspid="1803" ordinal="0" offset="0" sl="754" sc="0" el="754" ec="0" bec="0" bev="0" fileid="20" />
                <SequencePoint vc="0" uspid="1804" ordinal="0" offset="1" sl="755" sc="0" el="755" ec="0" bec="0" bev="0" fileid="20" />
                <SequencePoint vc="0" uspid="1805" ordinal="0" offset="8" sl="756" sc="0" el="756" ec="0" bec="0" bev="0" fileid="20" />
              </SequencePoints>
              <BranchPoints />
            </Method>
          </Methods>
        </Class>
        <Class>
          <Summary numSequencePoints="8" visitedSequencePoints="0" numBranchPoints="0" visitedBranchPoints="0" sequenceCoverage="0.0" branchCoverage="0.0" maxCyclomaticComplexity="0" minCyclomaticComplexity="0" maxCrapScore="0" minCrapScore="0" visitedClasses="0" numClasses="1" visitedMethods="0" numMethods="3" />
          <FullName>QuestionManagerIntegrationTests/FakeAudioManager</FullName>
          <Methods>
            <Method visited="false" cyclomaticComplexity="0" nPathComplexity="0" sequenceCoverage="0.0" branchCoverage="0" crapScore="0" isConstructor="false" isStatic="false" isGetter="false" isSetter="false">
              <Summary numSequencePoints="3" visitedSequencePoints="0" numBranchPoints="0" visitedBranchPoints="0" sequenceCoverage="0.0" branchCoverage="0" maxCyclomaticComplexity="0" minCyclomaticComplexity="0" maxCrapScore="0" minCrapScore="0" visitedClasses="0" numClasses="0" visitedMethods="0" numMethods="1" />
              <MetadataToken>100663408</MetadataToken>
              <Name>System.Void QuestionManagerIntegrationTests/FakeAudioManager::PlayQuestionSound(UnityEngine.AudioClip)</Name>
              <FileRef uid="20" />
              <SequencePoints>
                <SequencePoint vc="0" uspid="1806" ordinal="0" offset="0" sl="1027" sc="0" el="1027" ec="0" bec="0" bev="0" fileid="20" />
                <SequencePoint vc="0" uspid="1807" ordinal="0" offset="1" sl="1027" sc="0" el="1027" ec="0" bec="0" bev="0" fileid="20" />
                <SequencePoint vc="0" uspid="1808" ordinal="0" offset="15" sl="1027" sc="0" el="1027" ec="0" bec="0" bev="0" fileid="20" />
              </SequencePoints>
              <BranchPoints />
            </Method>
            <Method visited="false" cyclomaticComplexity="0" nPathComplexity="0" sequenceCoverage="0.0" branchCoverage="0" crapScore="0" isConstructor="false" isStatic="false" isGetter="false" isSetter="false">
              <Summary numSequencePoints="3" visitedSequencePoints="0" numBranchPoints="0" visitedBranchPoints="0" sequenceCoverage="0.0" branchCoverage="0" maxCyclomaticComplexity="0" minCyclomaticComplexity="0" maxCrapScore="0" minCrapScore="0" visitedClasses="0" numClasses="0" visitedMethods="0" numMethods="1" />
              <MetadataToken>100663409</MetadataToken>
              <Name>System.Void QuestionManagerIntegrationTests/FakeAudioManager::PlayCursedSound(UnityEngine.AudioClip)</Name>
              <FileRef uid="20" />
              <SequencePoints>
                <SequencePoint vc="0" uspid="1809" ordinal="0" offset="0" sl="1028" sc="0" el="1028" ec="0" bec="0" bev="0" fileid="20" />
                <SequencePoint vc="0" uspid="1810" ordinal="0" offset="1" sl="1028" sc="0" el="1028" ec="0" bec="0" bev="0" fileid="20" />
                <SequencePoint vc="0" uspid="1811" ordinal="0" offset="15" sl="1028" sc="0" el="1028" ec="0" bec="0" bev="0" fileid="20" />
              </SequencePoints>
              <BranchPoints />
            </Method>
            <Method visited="false" cyclomaticComplexity="0" nPathComplexity="0" sequenceCoverage="0.0" branchCoverage="0" crapScore="0" isConstructor="false" isStatic="false" isGetter="false" isSetter="false">
              <Summary numSequencePoints="2" visitedSequencePoints="0" numBranchPoints="0" visitedBranchPoints="0" sequenceCoverage="0.0" branchCoverage="0" maxCyclomaticComplexity="0" minCyclomaticComplexity="0" maxCrapScore="0" minCrapScore="0" visitedClasses="0" numClasses="0" visitedMethods="0" numMethods="1" />
              <MetadataToken>100663410</MetadataToken>
              <Name>System.Void QuestionManagerIntegrationTests/FakeAudioManager::StopCursedSound()</Name>
              <FileRef uid="20" />
              <SequencePoints>
                <SequencePoint vc="0" uspid="1812" ordinal="0" offset="0" sl="1029" sc="0" el="1029" ec="0" bec="0" bev="0" fileid="20" />
                <SequencePoint vc="0" uspid="1813" ordinal="0" offset="1" sl="1029" sc="0" el="1029" ec="0" bec="0" bev="0" fileid="20" />
              </SequencePoints>
              <BranchPoints />
            </Method>
          </Methods>
        </Class>
        <Class>
          <Summary numSequencePoints="3" visitedSequencePoints="0" numBranchPoints="0" visitedBranchPoints="0" sequenceCoverage="0.0" branchCoverage="0.0" maxCyclomaticComplexity="0" minCyclomaticComplexity="0" maxCrapScore="0" minCrapScore="0" visitedClasses="0" numClasses="1" visitedMethods="0" numMethods="1" />
          <FullName>QuestionManagerIntegrationTests/FakeSafeReaction</FullName>
          <Methods>
            <Method visited="false" cyclomaticComplexity="0" nPathComplexity="0" sequenceCoverage="0.0" branchCoverage="0" crapScore="0" isConstructor="false" isStatic="false" isGetter="false" isSetter="false">
              <Summary numSequencePoints="3" visitedSequencePoints="0" numBranchPoints="0" visitedBranchPoints="0" sequenceCoverage="0.0" branchCoverage="0" maxCyclomaticComplexity="0" minCyclomaticComplexity="0" maxCrapScore="0" minCrapScore="0" visitedClasses="0" numClasses="0" visitedMethods="0" numMethods="1" />
              <MetadataToken>100663412</MetadataToken>
              <Name>System.Void QuestionManagerIntegrationTests/FakeSafeReaction::DisplayReaction(System.String)</Name>
              <FileRef uid="20" />
              <SequencePoints>
                <SequencePoint vc="0" uspid="1814" ordinal="0" offset="0" sl="1035" sc="0" el="1035" ec="0" bec="0" bev="0" fileid="20" />
                <SequencePoint vc="0" uspid="1815" ordinal="0" offset="1" sl="1035" sc="0" el="1035" ec="0" bec="0" bev="0" fileid="20" />
                <SequencePoint vc="0" uspid="1816" ordinal="0" offset="8" sl="1035" sc="0" el="1035" ec="0" bec="0" bev="0" fileid="20" />
              </SequencePoints>
              <BranchPoints />
            </Method>
          </Methods>
        </Class>
      </Classes>
    </Module>
  </Modules>
</CoverageSession>